#
# A fatal error has been detected by the Java Runtime Environment:
#
#  EXCEPTION_ACCESS_VIOLATION (0xc0000005) at pc=0x00000153defa88f6, pid=8856, tid=11312
#
# JRE version: OpenJDK Runtime Environment (15.0.2+7) (build 15.0.2+7-27)
# Java VM: OpenJDK 64-Bit Server VM (15.0.2+7-27, mixed mode, sharing, tiered, compressed oops, g1 gc, windows-amd64)
# Problematic frame:
# J 826 c1 java.lang.ClassLoader.checkCerts(Ljava/lang/String;Ljava/security/CodeSource;)V java.base@15.0.2 (121 bytes) @ 0x00000153defa88f6 [0x00000153defa8880+0x0000000000000076]
#
# No core dump will be written. Minidumps are not enabled by default on client versions of Windows
#
# If you would like to submit a bug report, please visit:
#   https://bugreport.java.com/bugreport/crash.jsp
#

---------------  S U M M A R Y ------------

Command Line: --add-opens=java.base/java.util=ALL-UNNAMED --add-opens=java.base/java.lang=ALL-UNNAMED --add-opens=java.base/java.lang.invoke=ALL-UNNAMED --add-opens=java.base/java.util=ALL-UNNAMED --add-opens=java.prefs/java.util.prefs=ALL-UNNAMED --add-opens=java.prefs/java.util.prefs=ALL-UNNAMED --add-opens=java.base/java.nio.charset=ALL-UNNAMED --add-opens=java.base/java.net=ALL-UNNAMED --add-opens=java.base/java.util.concurrent.atomic=ALL-UNNAMED -XX:MaxMetaspaceSize=256m -XX:+HeapDumpOnOutOfMemoryError -Xms256m -Xmx512m -Dfile.encoding=windows-1251 -Duser.country=RU -Duser.language=ru -Duser.variant org.gradle.launcher.daemon.bootstrap.GradleDaemon 7.2

Host: AMD Ryzen 5 2600 Six-Core Processor            , 12 cores, 15G,  Windows 10 , 64 bit Build 19041 (10.0.19041.804)
Time: Sun Sep 26 23:34:01 2021 RTZ 2 (зима) elapsed time: 2.777342 seconds (0d 0h 0m 2s)

---------------  T H R E A D  ---------------

Current thread (0x00000153f3c8a4b0):  JavaThread "Daemon worker" [_thread_in_Java, id=11312, stack(0x00000043c3000000,0x00000043c3100000)]

Stack: [0x00000043c3000000,0x00000043c3100000],  sp=0x00000043c30f7220,  free space=988k
Native frames: (J=compiled Java code, j=interpreted, Vv=VM code, C=native code)
C  0x00000153defa88f6


siginfo: EXCEPTION_ACCESS_VIOLATION (0xc0000005), writing address 0x0000000000000ee1


Register to memory mapping:

RIP=0x00000153defa88f6 is at entry_point+118 in (nmethod*)0x00000153defa8590
RAX=0x0000000000000f5e is an unknown value
RBX=0x00000153f1f423c8 is pointing into metadata
RCX=0x00000000eee3e6f7 is pointing into object: java.lang.Object 
{0x00000000eee3e6e8} - klass: 'java/lang/Object'
RDX=0x00000000e01241b8 is an oop: org.gradle.internal.classloader.VisitableURLClassLoader 
{0x00000000e01241b8} - klass: 'org/gradle/internal/classloader/VisitableURLClassLoader'
RSP=0x00000043c30f7220 is pointing into the stack for thread: 0x00000153f3c8a4b0
RBP=0x00000000e9729638 is an oop: java.util.LinkedHashMap 
{0x00000000e9729638} - klass: 'java/util/LinkedHashMap'
RSI=0x00000153f1f42a90 is pointing into metadata
RDI=0x00000000e01241b8 is an oop: org.gradle.internal.classloader.VisitableURLClassLoader 
{0x00000000e01241b8} - klass: 'org/gradle/internal/classloader/VisitableURLClassLoader'
R8 =0x00000000eee3e658 is an oop: java.lang.String 
{0x00000000eee3e658} - klass: 'java/lang/String'
R9 =0x00000000e977d258 is an oop: java.security.CodeSource 
{0x00000000e977d258} - klass: 'java/security/CodeSource'
R10=0x00000153d5e51000 points into unknown readable memory: 0x0000000000000000 | 00 00 00 00 00 00 00 00
R11=0x000000000000006f is an unknown value
R12=0x0 is NULL
R13=0x0 is NULL
R14=0x0000000000001240 is an unknown value
R15=0x00000153f3c8a4b0 is a thread


Registers:
RAX=0x0000000000000f5e, RBX=0x00000153f1f423c8, RCX=0x00000000eee3e6f7, RDX=0x00000000e01241b8
RSP=0x00000043c30f7220, RBP=0x00000000e9729638, RSI=0x00000153f1f42a90, RDI=0x00000000e01241b8
R8 =0x00000000eee3e658, R9 =0x00000000e977d258, R10=0x00000153d5e51000, R11=0x000000000000006f
R12=0x0000000000000000, R13=0x0000000000000000, R14=0x0000000000001240, R15=0x00000153f3c8a4b0
RIP=0x00000153defa88f6, EFLAGS=0x0000000000010202

Top of Stack: (sp=0x00000043c30f7220)
0x00000043c30f7220:   00000153f42786d0 00000000e08ff1b0
0x00000043c30f7230:   00000000e0162eb0 00000153def504e3
0x00000043c30f7240:   00000000e0147438 00000000eee42140
0x00000043c30f7250:   00000000e977d258 00000153e6395057
0x00000043c30f7260:   00000043c30f7340 00000043c30f72a8
0x00000043c30f7270:   00000000e9729638 00000153def8cb04
0x00000043c30f7280:   0000000000000216 0000000000000060
0x00000043c30f7290:   00000000e9729638 00000153defa669c
0x00000043c30f72a0:   00000000eee3e658 00000000e0147478
0x00000043c30f72b0:   00000000e01241b8 00000000eee422c8
0x00000043c30f72c0:   00000000e977d248 00000153def50bbc
0x00000043c30f72d0:   00000000e9729638 00000153def9043c
0x00000043c30f72e0:   00000000e9729638 00000153defa79cc
0x00000043c30f72f0:   00000000e095cb18 00000000e0147438
0x00000043c30f7300:   0000000000000009 00000000e095cb18
0x00000043c30f7310:   00000000e0147438 00000000e095ca58 

Instructions: (pc=0x00000153defa88f6)
0x00000153defa87f6:   01 f8 99 fc 06 50 00 c0 0a 64 01 f8 11 fc 06 50
0x00000153defa8806:   00 c0 0a 64 01 f8 31 fb 06 50 00 c0 0a 64 01 f8
0x00000153defa8816:   c9 f9 06 50 00 c0 0a 64 01 f8 59 f8 06 50 00 c0
0x00000153defa8826:   0a 64 01 f8 e1 f7 06 50 00 c0 0a 64 01 f8 69 f7
0x00000153defa8836:   06 50 00 c0 0a 64 01 f8 f1 f6 06 50 00 c0 0a 64
0x00000153defa8846:   01 f8 89 f5 06 50 00 c0 0a 64 01 f8 49 f5 06 50
0x00000153defa8856:   00 c0 0a 64 01 f8 09 f5 06 50 00 c0 0a 64 05 64
0x00000153defa8866:   03 f8 4b 33 c0 eb ff 7f 05 70 0e 60 01 f8 2e fc
0x00000153defa8876:   0e 90 0c 64 00 00 00 00 00 00 44 8b 52 08 49 c1
0x00000153defa8886:   e2 03 49 bb 00 00 00 00 08 00 00 00 4d 03 d3 4c
0x00000153defa8896:   3b d0 0f 85 62 3b 95 ff 66 90 89 84 24 00 90 ff
0x00000153defa88a6:   ff 55 48 81 ec c0 00 00 00 48 89 94 24 90 00 00
0x00000153defa88b6:   00 4c 89 84 24 80 00 00 00 48 b9 90 2a f4 f1 53
0x00000153defa88c6:   01 00 00 8b b1 04 01 00 00 83 c6 02 89 b1 04 01
0x00000153defa88d6:   00 00 81 e6 fe 07 00 00 83 fe 00 0f 84 a2 0a 00
0x00000153defa88e6:   00 49 3b 00 49 8b c8 48 be 90 2a f4 f1 53 01 00
0x00000153defa88f6:   00 48 83 86 48 01 00 00 01 48 b9 f8 fc e0 f1 53
0x00000153defa8906:   01 00 00 8b b1 04 01 00 00 83 c6 02 89 b1 04 01
0x00000153defa8916:   00 00 81 e6 fe ff 1f 00 83 fe 00 0f 84 88 0a 00
0x00000153defa8926:   00 49 8b c8 48 be f8 fc e0 f1 53 01 00 00 48 83
0x00000153defa8936:   86 48 01 00 00 01 48 b9 40 44 dc f1 53 01 00 00
0x00000153defa8946:   8b b1 04 01 00 00 83 c6 02 89 b1 04 01 00 00 81
0x00000153defa8956:   e6 fe ff 1f 00 83 fe 00 0f 84 6c 0a 00 00 41 8b
0x00000153defa8966:   70 14 8b 7e 0c 49 8b c8 48 bb 40 44 dc f1 53 01
0x00000153defa8976:   00 00 48 83 83 48 01 00 00 01 48 b9 90 42 dc f1
0x00000153defa8986:   53 01 00 00 8b 99 04 01 00 00 83 c3 02 89 99 04
0x00000153defa8996:   01 00 00 81 e3 fe ff 1f 00 83 fb 00 0f 84 4e 0a
0x00000153defa89a6:   00 00 48 b9 90 42 dc f1 53 01 00 00 ff 81 58 01
0x00000153defa89b6:   00 00 41 0f be 58 10 48 b9 90 42 dc f1 53 01 00
0x00000153defa89c6:   00 ff 81 68 01 00 00 48 8b cb c1 e1 18 c1 f9 18
0x00000153defa89d6:   d3 ff ff cf 49 8b c0 48 b9 f8 fc e0 f1 53 01 00
0x00000153defa89e6:   00 48 83 81 80 01 00 00 01 48 b8 28 f0 e0 f1 53 


Stack slot to memory mapping:
stack at sp + 0 slots: 0x00000153f42786d0 points into unknown readable memory: 0x00000000e08fffb8 | b8 ff 8f e0 00 00 00 00
stack at sp + 1 slots: 0x00000000e08ff1b0 is an oop: java.nio.HeapByteBuffer 
{0x00000000e08ff1b0} - klass: 'java/nio/HeapByteBuffer'
stack at sp + 2 slots: 0x00000000e0162eb0 is an oop: jdk.internal.ref.CleanerImpl$PhantomCleanableRef 
{0x00000000e0162eb0} - klass: 'jdk/internal/ref/CleanerImpl$PhantomCleanableRef'
stack at sp + 3 slots: 0x00000153def504e3 is at entry_point+643 in (nmethod*)0x00000153def50090
stack at sp + 4 slots: 0x00000000e0147438 is an oop: java.util.zip.Inflater 
{0x00000000e0147438} - klass: 'java/util/zip/Inflater'
stack at sp + 5 slots: 0x00000000eee42140 is an oop: java.security.CodeSource 
{0x00000000eee42140} - klass: 'java/security/CodeSource'
stack at sp + 6 slots: 0x00000000e977d258 is an oop: java.security.CodeSource 
{0x00000000e977d258} - klass: 'java/security/CodeSource'
stack at sp + 7 slots: 0x00000153e6395057 is at entry_point+311 in (nmethod*)0x00000153e6394d90

--------------------------------------------------------------------------------
[Constant Pool (empty)]

--------------------------------------------------------------------------------

[MachCode]
  0x00000153defa8880: 448b 5208 | 49c1 e203 | 49bb 0000 | 0000 0800 | 0000 4d03 | d34c 3bd0 | 0f85 623b | 95ff 6690 
  0x00000153defa88a0: 8984 2400 | 90ff ff55 | 4881 ecc0 | 0000 0048 | 8994 2490 | 0000 004c | 8984 2480 | 0000 0048 
  0x00000153defa88c0: b990 2af4 | f153 0100 | 008b b104 | 0100 0083 | c602 89b1 | 0401 0000 | 81e6 fe07 | 0000 83fe 
  0x00000153defa88e0: 000f 84a2 | 0a00 0049 | 3b00 498b | c848 be90 | 2af4 f153 | 0100 0048 | 8386 4801 | 0000 0148 
  0x00000153defa8900: b9f8 fce0 | f153 0100 | 008b b104 | 0100 0083 | c602 89b1 | 0401 0000 | 81e6 feff | 1f00 83fe 
  0x00000153defa8920: 000f 8488 | 0a00 0049 | 8bc8 48be | f8fc e0f1 | 5301 0000 | 4883 8648 | 0100 0001 | 48b9 4044 
  0x00000153defa8940: dcf1 5301 | 0000 8bb1 | 0401 0000 | 83c6 0289 | b104 0100 | 0081 e6fe | ff1f 0083 | fe00 0f84 
  0x00000153defa8960: 6c0a 0000 | 418b 7014 | 8b7e 0c49 | 8bc8 48bb | 4044 dcf1 | 5301 0000 | 4883 8348 | 0100 0001 
  0x00000153defa8980: 48b9 9042 | dcf1 5301 | 0000 8b99 | 0401 0000 | 83c3 0289 | 9904 0100 | 0081 e3fe | ff1f 0083 
  0x00000153defa89a0: fb00 0f84 | 4e0a 0000 | 48b9 9042 | dcf1 5301 | 0000 ff81 | 5801 0000 | 410f be58 | 1048 b990 
  0x00000153defa89c0: 42dc f153 | 0100 00ff | 8168 0100 | 0048 8bcb | c1e1 18c1 | f918 d3ff | ffcf 498b | c048 b9f8 
  0x00000153defa89e0: fce0 f153 | 0100 0048 | 8381 8001 | 0000 0148 | b828 f0e0 | f153 0100 | 008b 8804 | 0100 0083 
  0x00000153defa8a00: c102 8988 | 0401 0000 | 81e1 feff | 1f00 83f9 | 000f 8400 | 0a00 0049 | 8bc0 48b9 | 28f0 e0f1 
  0x00000153defa8a20: 5301 0000 | 4883 8148 | 0100 0001 | 48b8 b8f3 | dbf1 5301 | 0000 8b88 | 0401 0000 | 83c1 0289 
  0x00000153defa8a40: 8804 0100 | 0081 e1fe | ff1f 0083 | f900 0f84 | e409 0000 | 48b8 b8f3 | dbf1 5301 | 0000 ff80 
  0x00000153defa8a60: 5801 0000 | 83fb 0048 | bbb8 f3db | f153 0100 | 0048 b868 | 0100 0000 | 0000 000f | 850a 0000 
  0x00000153defa8a80: 0048 b878 | 0100 0000 | 0000 0048 | 8b0c 0348 | 8d49 0148 | 890c 030f | 851a 0000 | 0048 bbb8 
  0x00000153defa8aa0: f3db f153 | 0100 00ff | 8388 0100 | 00bb 0100 | 0000 e905 | 0000 00bb | 0000 0000 | 83e3 0183 
  0x00000153defa8ac0: fb00 48bb | 28f0 e0f1 | 5301 0000 | 48b8 8001 | 0000 0000 | 0000 0f84 | 0a00 0000 | 48b8 9001 
  0x00000153defa8ae0: 0000 0000 | 0000 488b | 0c03 488d | 4901 4889 | 0c03 4c89 | 8c24 8800 | 0000 0f84 | 3900 0000 
  0x00000153defa8b00: 48bb 28f0 | e0f1 5301 | 0000 4883 | 83a0 0100 | 0001 488b | d641 b82e | 0000 004c | 8bcf 90e8 
  0x00000153defa8b20: 5ca8 3e07 | 48ba 28f0 | e0f1 5301 | 0000 ff82 | b001 0000 | e923 0000 | 0048 ba28 | f0e0 f153 
  0x00000153defa8b40: 0100 0048 | 8382 c801 | 0000 0148 | 8bd6 41b8 | 2e00 0000 | 4c8b cfe8 | a441 95ff | 83f8 ff49 
  0x00000153defa8b60: b890 2af4 | f153 0100 | 0049 b980 | 0100 0000 | 0000 000f | 850a 0000 | 0049 b990 | 0100 0000 
  0x00000153defa8b80: 0000 004b | 8b14 0848 | 8d52 014b | 8914 080f | 8520 0000 | 0049 b890 | 2af4 f153 | 0100 0041 
  0x00000153defa8ba0: ff80 a001 | 0000 48be | c0d9 8fe0 | 0000 0000 | e93a 0000 | 004c 8b84 | 2480 0000 | 0049 b990 
  0x00000153defa8bc0: 2af4 f153 | 0100 0049 | 8381 b801 | 0000 0141 | b800 0000 | 004c 8bc8 | 488b 9424 | 8000 0000 
  0x00000153defa8be0: 0f1f 8000 | 0000 00e8 | f43b 4c07 | 488b f04c | 8b8c 2488 | 0000 0049 | 83f9 0048 | ba90 2af4 
  0x00000153defa8c00: f153 0100 | 0048 bf00 | 0200 0000 | 0000 000f | 850a 0000 | 0048 bff0 | 0100 0000 | 0000 0048 
  0x00000153defa8c20: 8b1c 3a48 | 8d5b 0148 | 891c 3a0f | 8517 0000 | 0048 bf00 | 0000 0000 | 0000 0048 | 89b4 2498 
  0x00000153defa8c40: 0000 00e9 | 2f00 0000 | 4889 b424 | 9800 0000 | 493b 0149 | 8bd1 48bf | 902a f4f1 | 5301 0000 
  0x00000153defa8c60: 4883 8710 | 0200 0001 | 498b d10f | 1f40 00e8 | ac13 5107 | 488b f848 | 83ff 0049 | b890 2af4 
  0x00000153defa8c80: f153 0100 | 0049 b948 | 0200 0000 | 0000 000f | 850a 0000 | 0049 b958 | 0200 0000 | 0000 004b 
  0x00000153defa8ca0: 8b14 0848 | 8d52 014b | 8914 080f | 851b 0000 | 0049 b890 | 2af4 f153 | 0100 0041 | ff80 6802 
  0x00000153defa8cc0: 0000 48bf | c03f 17e0 | 0000 0000 | 488b b424 | 9800 0000 | 488b 9424 | 9000 0000 | 8b5a 2c48 
  0x00000153defa8ce0: 3b03 4c8b | c349 b990 | 2af4 f153 | 0100 0049 | 8381 9802 | 0000 0149 | b8e0 b5dc | f153 0100 
  0x00000153defa8d00: 0045 8b88 | 0401 0000 | 4183 c102 | 4589 8804 | 0100 0041 | 81e1 feff | 1f00 4183 | f900 0f84 
  0x00000153defa8d20: 3f07 0000 | 4c8b c349 | b9e0 b5dc | f153 0100 | 0049 8381 | 4801 0000 | 014c 8bc6 | 4c8b cf48 
  0x00000153defa8d40: 89bc 24a0 | 0000 00bf | 0100 0000 | 488b d3e8 | ec84 4d07 | 4883 f800 | 7516 48ba | 902a f4f1 
  0x00000153defa8d60: 5301 0000 | 808a b102 | 0000 01e9 | db00 0000 | 48be 5004 | 1200 0800 | 0000 8b50 | 0848 c1e2 
  0x00000153defa8d80: 0349 ba00 | 0000 0008 | 0000 0049 | 03d2 483b | 7240 0f85 | 9700 0000 | 48ba 902a | f4f1 5301 
  0x00000153defa8da0: 0000 8b70 | 0848 c1e6 | 0349 ba00 | 0000 0008 | 0000 0049 | 03f2 483b | b2c8 0200 | 0075 0d48 
  0x00000153defa8dc0: 8382 d002 | 0000 01e9 | 7f00 0000 | 483b b2d8 | 0200 0075 | 0d48 8382 | e002 0000 | 01e9 6900 
  0x00000153defa8de0: 0000 4881 | bac8 0200 | 0000 0000 | 0075 1748 | 89b2 c802 | 0000 48c7 | 82d0 0200 | 0001 0000 
  0x00000153defa8e00: 00e9 4500 | 0000 4881 | bad8 0200 | 0000 0000 | 0075 1748 | 89b2 d802 | 0000 48c7 | 82e0 0200 
  0x00000153defa8e20: 0001 0000 | 00e9 2100 | 0000 e91c | 0000 0048 | ba90 2af4 | f153 0100 | 0048 83aa | b802 0000 
  0x00000153defa8e40: 01e9 3e06 | 0000 e900 | 0000 004c | 8bc0 4983 | f800 49b9 | 902a f4f1 | 5301 0000 | 48ba f002 
  0x00000153defa8e60: 0000 0000 | 0000 0f84 | 0a00 0000 | 48ba 0003 | 0000 0000 | 0000 498b | 3411 488d | 7601 4989 
  0x00000153defa8e80: 3411 0f84 | b904 0000 | 488b bc24 | a000 0000 | 488b 9424 | 9000 0000 | 4c8b ca48 | be90 2af4 
  0x00000153defa8ea0: f153 0100 | 0048 8386 | 1003 0000 | 014c 8bcf | 0f1f 8000 | 0000 00e8 | 8461 0700 | 83f8 0048 
  0x00000153defa8ec0: ba90 2af4 | f153 0100 | 0048 be48 | 0300 0000 | 0000 000f | 850a 0000 | 0048 be58 | 0300 0000 
  0x00000153defa8ee0: 0000 0048 | 8b3c 3248 | 8d7f 0148 | 893c 320f | 854c 0400 | 0066 6690 | e99f 0500 | 0000 0000 
  0x00000153defa8f00: 0000 80ba | 3301 0000 | 040f 859c | 0500 0049 | 8b87 2001 | 0000 488d | 7828 493b | bf30 0100 
  0x00000153defa8f20: 000f 8784 | 0500 0049 | 89bf 2001 | 0000 48c7 | 0001 0000 | 0048 8bca | 49ba 0000 | 0000 0800 
  0x00000153defa8f40: 0000 492b | ca48 c1e9 | 0389 4808 | 4833 c989 | 480c 4833 | c948 8948 | 1048 8948 | 1848 8948 
  0x00000153defa8f60: 2048 8984 | 24b0 0000 | 0048 bac0 | f005 0008 | 0000 0049 | 8b87 2001 | 0000 488d | 7818 493b 
  0x00000153defa8f80: bf30 0100 | 000f 872d | 0500 0049 | 89bf 2001 | 0000 48c7 | 0001 0000 | 0048 8bca | 49ba 0000 
  0x00000153defa8fa0: 0000 0800 | 0000 492b | ca48 c1e9 | 0389 4808 | 4833 c989 | 480c 4833 | c948 8948 | 1048 8bd0 
  0x00000153defa8fc0: 48be 902a | f4f1 5301 | 0000 4883 | 8668 0300 | 0001 48ba | d030 e0f1 | 5301 0000 | 8bb2 0401 
  0x00000153defa8fe0: 0000 83c6 | 0289 b204 | 0100 0081 | e6fe ff1f | 0083 fe00 | 0f84 cb04 | 0000 488b | d048 bed0 
  0x00000153defa9000: 30e0 f153 | 0100 0048 | 8386 4801 | 0000 0141 | b810 0000 | 0048 8bd0 | 4889 8424 | a800 0000 
  0x00000153defa9020: 0f1f 8000 | 0000 00e8 | d436 95ff | 488b 8424 | a800 0000 | 49b8 902a | f4f1 5301 | 0000 4983 
  0x00000153defa9040: 8078 0300 | 0001 49b8 | 685b def1 | 5301 0000 | 418b 9004 | 0100 0083 | c202 4189 | 9004 0100 
  0x00000153defa9060: 0081 e2fe | ff1f 0083 | fa00 0f84 | 7604 0000 | 488b 8424 | a800 0000 | 49b8 685b | def1 5301 
  0x00000153defa9080: 0000 4983 | 8048 0100 | 0001 49b8 | b031 9be0 | 0000 0000 | 488b 9424 | a800 0000 | 6666 90e8 
  0x00000153defa90a0: 5c36 95ff | 488b 8424 | a800 0000 | 49b8 902a | f4f1 5301 | 0000 4983 | 80b0 0300 | 0001 49b8 
  0x00000153defa90c0: 685b def1 | 5301 0000 | 418b 9004 | 0100 0083 | c202 4189 | 9004 0100 | 0081 e2fe | ff1f 0083 
  0x00000153defa90e0: fa00 0f84 | 1f04 0000 | 488b 8424 | a800 0000 | 49b8 685b | def1 5301 | 0000 4983 | 8048 0100 
  0x00000153defa9100: 0001 4c8b | 8424 8000 | 0000 488b | 9424 a800 | 0000 0f1f | 4400 00e8 | e435 95ff | 488b 8424 
  0x00000153defa9120: a800 0000 | 49b8 902a | f4f1 5301 | 0000 4983 | 80e8 0300 | 0001 49b8 | 685b def1 | 5301 0000 
  0x00000153defa9140: 418b 9004 | 0100 0083 | c202 4189 | 9004 0100 | 0081 e2fe | ff1f 0083 | fa00 0f84 | c803 0000 
  0x00000153defa9160: 488b 8424 | a800 0000 | 49b8 685b | def1 5301 | 0000 4983 | 8048 0100 | 0001 49b8 | 2831 9be0 
  0x00000153defa9180: 0000 0000 | 488b 9424 | a800 0000 | 6666 90e8 | 6c35 95ff | 488b 8424 | a800 0000 | 48ba 902a 
  0x00000153defa91a0: f4f1 5301 | 0000 4883 | 8220 0400 | 0001 48ba | 2038 e0f1 | 5301 0000 | 448b 8204 | 0100 0041 
  0x00000153defa91c0: 83c0 0244 | 8982 0401 | 0000 4181 | e0fe ff1f | 0041 83f8 | 000f 846e | 0300 0048 | 8b84 24a8 
  0x00000153defa91e0: 0000 0048 | ba20 38e0 | f153 0100 | 0048 8382 | 4801 0000 | 0148 ba48 | f0de f153 | 0100 0044 
  0x00000153defa9200: 8b82 0401 | 0000 4183 | c002 4489 | 8204 0100 | 0041 81e0 | feff 1f00 | 4183 f800 | 0f84 4803 
  0x00000153defa9220: 0000 48ba | 48f0 def1 | 5301 0000 | ff82 5801 | 0000 488b | 8424 a800 | 0000 0fbe | 5010 83fa 
  0x00000153defa9240: 0048 ba48 | f0de f153 | 0100 0049 | b868 0100 | 0000 0000 | 000f 850a | 0000 0049 | b878 0100 
  0x00000153defa9260: 0000 0000 | 004e 8b0c | 024d 8d49 | 014e 890c | 020f 851a | 0000 0048 | ba48 f0de | f153 0100 
  0x00000153defa9280: 00ff 8288 | 0100 00ba | 0100 0000 | e905 0000 | 00ba 0000 | 0000 83e2 | 0183 fa00 | 48ba 2038 
  0x00000153defa92a0: e0f1 5301 | 0000 49b8 | 8001 0000 | 0000 0000 | 0f84 0a00 | 0000 49b8 | 9001 0000 | 0000 0000 
  0x00000153defa92c0: 4e8b 0c02 | 4d8d 4901 | 4e89 0c02 | 0f84 3f00 | 0000 8b50 | 1444 8b48 | 0c49 b820 | 38e0 f153 
  0x00000153defa92e0: 0100 0049 | 8380 a001 | 0000 0141 | b800 0000 | 0066 0f1f | 4400 00e8 | 043a 95ff | 48ba 2038 
  0x00000153defa9300: e0f1 5301 | 0000 ff82 | b001 0000 | e943 0000 | 008b 5014 | 448b 480c | 49b8 2038 | e0f1 5301 
  0x00000153defa9320: 0000 4983 | 80c8 0100 | 0001 41b8 | 0000 0000 | 0f1f 8000 | 0000 00e8 | c439 95ff | e913 0000 
  0x00000153defa9340: 0048 81c4 | c000 0000 | 5d4d 8b97 | 1001 0000 | 4185 02c3 | 488b b424 | b000 0000 | 4c8b c648 
  0x00000153defa9360: ba90 2af4 | f153 0100 | 0048 8382 | 5804 0000 | 014c 8bc0 | 488b d6e8 | 8433 95ff | 488b 8424 
  0x00000153defa9380: b000 0000 | e92d 0200 | 0049 ba68 | 8203 0008 | 0000 004c | 8954 2408 | 48c7 0424 | ffff ffff 
  0x00000153defa93a0: e8db 6aa0 | ffe9 3df5 | ffff e8f1 | 13a0 ff49 | ba70 7902 | 0008 0000 | 004c 8954 | 2408 48c7 
  0x00000153defa93c0: 0424 ffff | ffff e8b5 | 6aa0 ffe9 | 57f5 ffff | 49ba 006b | 0200 0800 | 0000 4c89 | 5424 0848 
  0x00000153defa93e0: c704 24ff | ffff ffe8 | 946a a0ff | e973 f5ff | ffe8 aa13 | a0ff 49ba | 8871 0200 | 0800 0000 
  0x00000153defa9400: 4c89 5424 | 0848 c704 | 24ff ffff | ffe8 6e6a | a0ff e991 | f5ff ff49 | ba20 7a02 | 0008 0000 
  0x00000153defa9420: 004c 8954 | 2408 48c7 | 0424 ffff | ffff e84d | 6aa0 ffe9 | dff5 ffff | 49ba 9072 | 0200 0800 
  0x00000153defa9440: 0000 4c89 | 5424 0848 | c704 24ff | ffff ffe8 | 2c6a a0ff | e9fb f5ff | ffe8 4213 | a0ff e83d 
  0x00000153defa9460: 13a0 ff49 | ba88 ea11 | 0008 0000 | 004c 8954 | 2408 48c7 | 0424 ffff | ffff e801 | 6aa0 ffe9 
  0x00000153defa9480: a0f8 ffff | 4889 0424 | e813 3aa0 | ff48 ba00 | 0000 0000 | 0000 00b8 | 000f 050a | e85f 56a0 
  0x00000153defa94a0: ffe9 52fa | ffff e8f5 | 12a0 ff48 | 8bd2 e8cd | 21a0 ffe9 | a9fa ffff | 488b d2e8 | c01e a0ff 
  0x00000153defa94c0: e9f8 faff | ff49 baf0 | 1706 0008 | 0000 004c | 8954 2408 | 48c7 0424 | ffff ffff | e89f 69a0 
  0x00000153defa94e0: ffe9 14fb | ffff 49ba | 581a 0600 | 0800 0000 | 4c89 5424 | 0848 c704 | 24ff ffff | ffe8 7e69 
  0x00000153defa9500: a0ff e969 | fbff ff49 | ba58 1a06 | 0008 0000 | 004c 8954 | 2408 48c7 | 0424 ffff | ffff e85d 
  0x00000153defa9520: 69a0 ffe9 | c0fb ffff | 49ba 581a | 0600 0800 | 0000 4c89 | 5424 0848 | c704 24ff | ffff ffe8 
  0x00000153defa9540: 3c69 a0ff | e917 fcff | ff49 ba30 | f505 0008 | 0000 004c | 8954 2408 | 48c7 0424 | ffff ffff 
  0x00000153defa9560: e81b 69a0 | ffe9 71fc | ffff 49ba | 58b9 0500 | 0800 0000 | 4c89 5424 | 0848 c704 | 24ff ffff 
  0x00000153defa9580: ffe8 fa68 | a0ff e997 | fcff ff90 | 9049 8b87 | 0004 0000 | 49ba 0000 | 0000 0000 | 0000 4d89 
  0x00000153defa95a0: 9700 0400 | 0049 ba00 | 0000 0000 | 0000 004d | 8997 0804 | 0000 4881 | c4c0 0000 | 005d e9bd 
  0x00000153defa95c0: fc9f fff4 | f4f4 f4f4 | f4f4 f4f4 | f4f4 f4f4 | f4f4 f4f4 | f4f4 f4f4 | f4f4 f4f4 | f4f4 f4f4 
  0x00000153defa95e0: 0f1f 4400 | 0048 bb00 | 0000 0000 | 0000 00e9 | fbff ffff | 9048 bb00 | 0000 0000 | 0000 00e9 
  0x00000153defa9600: fbff ffff | 9048 bb00 | 0000 0000 | 0000 00e9 | fbff ffff | 9048 bb00 | 0000 0000 | 0000 00e9 
  0x00000153defa9620: fbff ffff | 9048 bb18 | fd11 0008 | 0000 00e9 | 34ca 95ff | 9048 bbf0 | 8403 0008 | 0000 00e9 
  0x00000153defa9640: 2197 95ff | 9048 bb00 | 0000 0000 | 0000 00e9 | fbff ffff | 9048 bb00 | 0000 0000 | 0000 00e9 
  0x00000153defa9660: fbff ffff | 9048 bb00 | 0000 0000 | 0000 00e9 | fbff ffff | 9048 bb00 | 0000 0000 | 0000 00e9 
  0x00000153defa9680: fbff ffff | 9048 bb00 | 0000 0000 | 0000 00e9 | fbff ffff | 9048 bb00 | 0000 0000 | 0000 00e9 
  0x00000153defa96a0: fbff ffff | 9048 bb00 | 0000 0000 | 0000 00e9 | fbff ffff | e8c7 31a0 | ff48 b9c0 | eb4b 33ff 
  0x00000153defa96c0: 7f00 0048 | 83e4 f049 | bae0 ad1c | 33ff 7f00 | 0041 ffd2 | f449 bad5 | 96fa de53 | 0100 0041 
  0x00000153defa96e0: 52e9 ba48 | 95ff f4f4 
[/MachCode]
--------------------------------------------------------------------------------


---------------  P R O C E S S  ---------------

Threads class SMR info:
_java_thread_list=0x00000153f50890e0, length=33, elements={
0x00000153d6676160, 0x00000153f1d47ef0, 0x00000153f1d489d0, 0x00000153f1d64400,
0x00000153f1d66dd0, 0x00000153f1d67790, 0x00000153f1d6b4a0, 0x00000153f1d79880,
0x00000153f1d82190, 0x00000153f27bf170, 0x00000153f27dff10, 0x00000153f2844ff0,
0x00000153f3c9cda0, 0x00000153f3fab320, 0x00000153f496c9e0, 0x00000153f42af730,
0x00000153f3ae51f0, 0x00000153f3e03f90, 0x00000153f3c8a4b0, 0x00000153f3aa6c00,
0x00000153f4b366a0, 0x00000153f43d2f10, 0x00000153f43d5590, 0x00000153f43d2570,
0x00000153f43d20a0, 0x00000153f4bb4e60, 0x00000153f43d50c0, 0x00000153f43d2a40,
0x00000153f43d33e0, 0x00000153f43d38b0, 0x00000153f43d3d80, 0x00000153f43d4720,
0x00000153f43d4bf0
}

Java Threads: ( => current thread )
  0x00000153d6676160 JavaThread "main" [_thread_blocked, id=11204, stack(0x00000043c1100000,0x00000043c1200000)]
  0x00000153f1d47ef0 JavaThread "Reference Handler" daemon [_thread_blocked, id=8512, stack(0x00000043c1800000,0x00000043c1900000)]
  0x00000153f1d489d0 JavaThread "Finalizer" daemon [_thread_blocked, id=5632, stack(0x00000043c1900000,0x00000043c1a00000)]
  0x00000153f1d64400 JavaThread "Signal Dispatcher" daemon [_thread_blocked, id=7852, stack(0x00000043c1a00000,0x00000043c1b00000)]
  0x00000153f1d66dd0 JavaThread "Attach Listener" daemon [_thread_blocked, id=7844, stack(0x00000043c1b00000,0x00000043c1c00000)]
  0x00000153f1d67790 JavaThread "Service Thread" daemon [_thread_blocked, id=11216, stack(0x00000043c1c00000,0x00000043c1d00000)]
  0x00000153f1d6b4a0 JavaThread "C2 CompilerThread0" daemon [_thread_blocked, id=11172, stack(0x00000043c1d00000,0x00000043c1e00000)]
  0x00000153f1d79880 JavaThread "C1 CompilerThread0" daemon [_thread_blocked, id=11196, stack(0x00000043c1e00000,0x00000043c1f00000)]
  0x00000153f1d82190 JavaThread "Sweeper thread" daemon [_thread_blocked, id=11232, stack(0x00000043c1f00000,0x00000043c2000000)]
  0x00000153f27bf170 JavaThread "Common-Cleaner" daemon [_thread_blocked, id=10384, stack(0x00000043c2000000,0x00000043c2100000)]
  0x00000153f27dff10 JavaThread "Notification Thread" daemon [_thread_blocked, id=10556, stack(0x00000043c2100000,0x00000043c2200000)]
  0x00000153f2844ff0 JavaThread "C2 CompilerThread1" daemon [_thread_blocked, id=9820, stack(0x00000043c2300000,0x00000043c2400000)]
  0x00000153f3c9cda0 JavaThread "Daemon health stats" [_thread_blocked, id=11288, stack(0x00000043c2a00000,0x00000043c2b00000)]
  0x00000153f3fab320 JavaThread "Incoming local TCP Connector on port 56567" [_thread_in_native, id=11292, stack(0x00000043c2b00000,0x00000043c2c00000)]
  0x00000153f496c9e0 JavaThread "Daemon periodic checks" [_thread_blocked, id=11296, stack(0x00000043c2c00000,0x00000043c2d00000)]
  0x00000153f42af730 JavaThread "Daemon" [_thread_blocked, id=11300, stack(0x00000043c2d00000,0x00000043c2e00000)]
  0x00000153f3ae51f0 JavaThread "Handler for socket connection from /127.0.0.1:56567 to /127.0.0.1:56568" [_thread_in_native, id=11304, stack(0x00000043c2e00000,0x00000043c2f00000)]
  0x00000153f3e03f90 JavaThread "Cancel handler" [_thread_blocked, id=11308, stack(0x00000043c2f00000,0x00000043c3000000)]
=>0x00000153f3c8a4b0 JavaThread "Daemon worker" [_thread_in_Java, id=11312, stack(0x00000043c3000000,0x00000043c3100000)]
  0x00000153f3aa6c00 JavaThread "Asynchronous log dispatcher for DefaultDaemonConnection: socket connection from /127.0.0.1:56567 to /127.0.0.1:56568" [_thread_blocked, id=11324, stack(0x00000043c3100000,0x00000043c3200000)]
  0x00000153f4b366a0 JavaThread "Stdin handler" [_thread_blocked, id=11328, stack(0x00000043c3200000,0x00000043c3300000)]
  0x00000153f43d2f10 JavaThread "Daemon client event forwarder" [_thread_blocked, id=11332, stack(0x00000043c3300000,0x00000043c3400000)]
  0x00000153f43d5590 JavaThread "Cache worker for journal cache (C:\Users\evgeniy\.gradle\caches\journal-1)" [_thread_blocked, id=11336, stack(0x00000043c2400000,0x00000043c2500000)]
  0x00000153f43d2570 JavaThread "File lock request listener" [_thread_in_native, id=11340, stack(0x00000043c3400000,0x00000043c3500000)]
  0x00000153f43d20a0 JavaThread "Cache worker for file hash cache (C:\Users\evgeniy\.gradle\caches\7.2\fileHashes)" [_thread_blocked, id=11344, stack(0x00000043c3500000,0x00000043c3600000)]
  0x00000153f4bb4e60 JavaThread "C2 CompilerThread2" daemon [_thread_in_native, id=11348, stack(0x00000043c3600000,0x00000043c3700000)]
  0x00000153f43d50c0 JavaThread "Cache worker for file hash cache (C:\Users\evgeniy\WebstormProjects\untitled8\android\.gradle\7.2\fileHashes)" [_thread_blocked, id=11352, stack(0x00000043c3700000,0x00000043c3800000)]
  0x00000153f43d2a40 JavaThread "File watcher server" daemon [_thread_in_native, id=11356, stack(0x00000043c3800000,0x00000043c3900000)]
  0x00000153f43d33e0 JavaThread "File watcher consumer" daemon [_thread_blocked, id=11360, stack(0x00000043c3900000,0x00000043c3a00000)]
  0x00000153f43d38b0 JavaThread "Cache worker for checksums cache (C:\Users\evgeniy\WebstormProjects\untitled8\android\.gradle\checksums)" [_thread_blocked, id=11364, stack(0x00000043c3a00000,0x00000043c3b00000)]
  0x00000153f43d3d80 JavaThread "Cache worker for cache directory md-supplier (C:\Users\evgeniy\.gradle\caches\7.2\md-supplier)" [_thread_blocked, id=11368, stack(0x00000043c3b00000,0x00000043c3c00000)]
  0x00000153f43d4720 JavaThread "Cache worker for cache directory md-rule (C:\Users\evgeniy\.gradle\caches\7.2\md-rule)" [_thread_blocked, id=11372, stack(0x00000043c3c00000,0x00000043c3d00000)]
  0x00000153f43d4bf0 JavaThread "Cache worker for execution history cache (C:\Users\evgeniy\.gradle\caches\7.2\executionHistory)" [_thread_blocked, id=11400, stack(0x00000043c4300000,0x00000043c4400000)]

Other Threads:
  0x00000153f1d42750 VMThread "VM Thread" [stack: 0x00000043c1700000,0x00000043c1800000] [id=7740]
  0x00000153f27e0ab0 WatcherThread [stack: 0x00000043c2200000,0x00000043c2300000] [id=10560]
  0x00000153d669ba70 GCTaskThread "GC Thread#0" [stack: 0x00000043c1200000,0x00000043c1300000] [id=11192]
  0x00000153f353ebd0 GCTaskThread "GC Thread#1" [stack: 0x00000043c2500000,0x00000043c2600000] [id=6268]
  0x00000153f353e240 GCTaskThread "GC Thread#2" [stack: 0x00000043c2600000,0x00000043c2700000] [id=11268]
  0x00000153f353fbc0 GCTaskThread "GC Thread#3" [stack: 0x00000043c2700000,0x00000043c2800000] [id=11272]
  0x00000153f3540550 GCTaskThread "GC Thread#4" [stack: 0x00000043c2800000,0x00000043c2900000] [id=11276]
  0x00000153f353f890 GCTaskThread "GC Thread#5" [stack: 0x00000043c2900000,0x00000043c2a00000] [id=11280]
  0x00000153f353d580 GCTaskThread "GC Thread#6" [stack: 0x00000043c3d00000,0x00000043c3e00000] [id=11376]
  0x00000153f353d8b0 GCTaskThread "GC Thread#7" [stack: 0x00000043c3e00000,0x00000043c3f00000] [id=11380]
  0x00000153f353dbe0 GCTaskThread "GC Thread#8" [stack: 0x00000043c3f00000,0x00000043c4000000] [id=11384]
  0x00000153f86ea9d0 GCTaskThread "GC Thread#9" [stack: 0x00000043c4000000,0x00000043c4100000] [id=11388]
  0x00000153d66a0ad0 ConcurrentGCThread "G1 Main Marker" [stack: 0x00000043c1300000,0x00000043c1400000] [id=10800]
  0x00000153d66a1d70 ConcurrentGCThread "G1 Conc#0" [stack: 0x00000043c1400000,0x00000043c1500000] [id=2908]
  0x00000153f86eb360 ConcurrentGCThread "G1 Conc#1" [stack: 0x00000043c4100000,0x00000043c4200000] [id=11392]
  0x00000153f86eb030 ConcurrentGCThread "G1 Conc#2" [stack: 0x00000043c4200000,0x00000043c4300000] [id=11396]
  0x00000153f1bea0e0 ConcurrentGCThread "G1 Refine#0" [stack: 0x00000043c1500000,0x00000043c1600000] [id=5832]
  0x00000153f1beaaf0 ConcurrentGCThread "G1 Young RemSet Sampling" [stack: 0x00000043c1600000,0x00000043c1700000] [id=6908]

Threads with active compile tasks:
C2 CompilerThread2     2817 2643       4       jdk.internal.loader.URLClassPath::getResource (74 bytes)

VM state: not at safepoint (normal execution)

VM Mutex/Monitor currently owned by a thread: None

Heap address: 0x00000000e0000000, size: 512 MB, Compressed Oops mode: 32-bit
CDS archive(s) mapped at: [0x0000000800000000-0x0000000800b50000-0x0000000800b50000), size 11862016, SharedBaseAddress: 0x0000000800000000, ArchiveRelocationMode: 0.
Compressed class space mapped at: 0x0000000800b50000-0x0000000810350000, size: 260046848
Narrow klass base: 0x0000000800000000, Narrow klass shift: 3, Narrow klass range: 0x100000000

GC Precious Log:
 CPUs: 12 total, 12 available
 Memory: 16335M
 Large Page Support: Disabled
 NUMA Support: Disabled
 Compressed Oops: Enabled (32-bit)
 Heap Region Size: 1M
 Heap Min Capacity: 256M
 Heap Initial Capacity: 256M
 Heap Max Capacity: 512M
 Pre-touch: Disabled
 Parallel Workers: 10
 Concurrent Workers: 3
 Concurrent Refinement Workers: 10
 Periodic GC: Disabled

Heap:
 garbage-first heap   total 262144K, used 37245K [0x00000000e0000000, 0x0000000100000000)
  region size 1024K, 29 young (29696K), 11 survivors (11264K)
 Metaspace       used 23435K, capacity 23907K, committed 24240K, reserved 276480K
  class space    used 3370K, capacity 3528K, committed 3584K, reserved 253952K

Heap Regions: E=young(eden), S=young(survivor), O=old, HS=humongous(starts), HC=humongous(continues), CS=collection set, F=free, OA=open archive, CA=closed archive, TAMS=top-at-mark-start (previous, next)
|   0|0x00000000e0000000, 0x00000000e0000000, 0x00000000e0100000|  0%| F|  |TAMS 0x00000000e0000000, 0x00000000e0000000| Untracked 
|   1|0x00000000e0100000, 0x00000000e0200000, 0x00000000e0200000|100%| O|  |TAMS 0x00000000e0200000, 0x00000000e0100000| Untracked 
|   2|0x00000000e0200000, 0x00000000e0300000, 0x00000000e0300000|100%| O|  |TAMS 0x00000000e0300000, 0x00000000e0200000| Untracked 
|   3|0x00000000e0300000, 0x00000000e0400000, 0x00000000e0400000|100%|HS|  |TAMS 0x00000000e0400000, 0x00000000e0300000| Complete 
|   4|0x00000000e0400000, 0x00000000e0500000, 0x00000000e0500000|100%|HC|  |TAMS 0x00000000e0500000, 0x00000000e0400000| Complete 
|   5|0x00000000e0500000, 0x00000000e0600000, 0x00000000e0600000|100%|HC|  |TAMS 0x00000000e0600000, 0x00000000e0500000| Complete 
|   6|0x00000000e0600000, 0x00000000e0700000, 0x00000000e0700000|100%| O|  |TAMS 0x00000000e0700000, 0x00000000e0600000| Untracked 
|   7|0x00000000e0700000, 0x00000000e0800000, 0x00000000e0800000|100%| O|  |TAMS 0x00000000e0800000, 0x00000000e0700000| Untracked 
|   8|0x00000000e0800000, 0x00000000e0900000, 0x00000000e0900000|100%| O|  |TAMS 0x00000000e0900000, 0x00000000e0800000| Untracked 
|   9|0x00000000e0900000, 0x00000000e0a00000, 0x00000000e0a00000|100%| O|  |TAMS 0x00000000e0a00000, 0x00000000e0900000| Untracked 
|  10|0x00000000e0a00000, 0x00000000e0a1ac00, 0x00000000e0b00000| 10%| O|  |TAMS 0x00000000e0a1ac00, 0x00000000e0a00000| Untracked 
|  11|0x00000000e0b00000, 0x00000000e0b00000, 0x00000000e0c00000|  0%| F|  |TAMS 0x00000000e0b00000, 0x00000000e0b00000| Untracked 
|  12|0x00000000e0c00000, 0x00000000e0c00000, 0x00000000e0d00000|  0%| F|  |TAMS 0x00000000e0c00000, 0x00000000e0c00000| Untracked 
|  13|0x00000000e0d00000, 0x00000000e0d00000, 0x00000000e0e00000|  0%| F|  |TAMS 0x00000000e0d00000, 0x00000000e0d00000| Untracked 
|  14|0x00000000e0e00000, 0x00000000e0e00000, 0x00000000e0f00000|  0%| F|  |TAMS 0x00000000e0e00000, 0x00000000e0e00000| Untracked 
|  15|0x00000000e0f00000, 0x00000000e0f00000, 0x00000000e1000000|  0%| F|  |TAMS 0x00000000e0f00000, 0x00000000e0f00000| Untracked 
|  16|0x00000000e1000000, 0x00000000e1000000, 0x00000000e1100000|  0%| F|  |TAMS 0x00000000e1000000, 0x00000000e1000000| Untracked 
|  17|0x00000000e1100000, 0x00000000e1100000, 0x00000000e1200000|  0%| F|  |TAMS 0x00000000e1100000, 0x00000000e1100000| Untracked 
|  18|0x00000000e1200000, 0x00000000e1200000, 0x00000000e1300000|  0%| F|  |TAMS 0x00000000e1200000, 0x00000000e1200000| Untracked 
|  19|0x00000000e1300000, 0x00000000e1300000, 0x00000000e1400000|  0%| F|  |TAMS 0x00000000e1300000, 0x00000000e1300000| Untracked 
|  20|0x00000000e1400000, 0x00000000e1400000, 0x00000000e1500000|  0%| F|  |TAMS 0x00000000e1400000, 0x00000000e1400000| Untracked 
|  21|0x00000000e1500000, 0x00000000e1500000, 0x00000000e1600000|  0%| F|  |TAMS 0x00000000e1500000, 0x00000000e1500000| Untracked 
|  22|0x00000000e1600000, 0x00000000e1600000, 0x00000000e1700000|  0%| F|  |TAMS 0x00000000e1600000, 0x00000000e1600000| Untracked 
|  23|0x00000000e1700000, 0x00000000e1700000, 0x00000000e1800000|  0%| F|  |TAMS 0x00000000e1700000, 0x00000000e1700000| Untracked 
|  24|0x00000000e1800000, 0x00000000e1800000, 0x00000000e1900000|  0%| F|  |TAMS 0x00000000e1800000, 0x00000000e1800000| Untracked 
|  25|0x00000000e1900000, 0x00000000e1900000, 0x00000000e1a00000|  0%| F|  |TAMS 0x00000000e1900000, 0x00000000e1900000| Untracked 
|  26|0x00000000e1a00000, 0x00000000e1a00000, 0x00000000e1b00000|  0%| F|  |TAMS 0x00000000e1a00000, 0x00000000e1a00000| Untracked 
|  27|0x00000000e1b00000, 0x00000000e1b00000, 0x00000000e1c00000|  0%| F|  |TAMS 0x00000000e1b00000, 0x00000000e1b00000| Untracked 
|  28|0x00000000e1c00000, 0x00000000e1c00000, 0x00000000e1d00000|  0%| F|  |TAMS 0x00000000e1c00000, 0x00000000e1c00000| Untracked 
|  29|0x00000000e1d00000, 0x00000000e1d00000, 0x00000000e1e00000|  0%| F|  |TAMS 0x00000000e1d00000, 0x00000000e1d00000| Untracked 
|  30|0x00000000e1e00000, 0x00000000e1e00000, 0x00000000e1f00000|  0%| F|  |TAMS 0x00000000e1e00000, 0x00000000e1e00000| Untracked 
|  31|0x00000000e1f00000, 0x00000000e1f00000, 0x00000000e2000000|  0%| F|  |TAMS 0x00000000e1f00000, 0x00000000e1f00000| Untracked 
|  32|0x00000000e2000000, 0x00000000e2000000, 0x00000000e2100000|  0%| F|  |TAMS 0x00000000e2000000, 0x00000000e2000000| Untracked 
|  33|0x00000000e2100000, 0x00000000e2100000, 0x00000000e2200000|  0%| F|  |TAMS 0x00000000e2100000, 0x00000000e2100000| Untracked 
|  34|0x00000000e2200000, 0x00000000e2200000, 0x00000000e2300000|  0%| F|  |TAMS 0x00000000e2200000, 0x00000000e2200000| Untracked 
|  35|0x00000000e2300000, 0x00000000e2300000, 0x00000000e2400000|  0%| F|  |TAMS 0x00000000e2300000, 0x00000000e2300000| Untracked 
|  36|0x00000000e2400000, 0x00000000e2400000, 0x00000000e2500000|  0%| F|  |TAMS 0x00000000e2400000, 0x00000000e2400000| Untracked 
|  37|0x00000000e2500000, 0x00000000e2500000, 0x00000000e2600000|  0%| F|  |TAMS 0x00000000e2500000, 0x00000000e2500000| Untracked 
|  38|0x00000000e2600000, 0x00000000e2600000, 0x00000000e2700000|  0%| F|  |TAMS 0x00000000e2600000, 0x00000000e2600000| Untracked 
|  39|0x00000000e2700000, 0x00000000e2700000, 0x00000000e2800000|  0%| F|  |TAMS 0x00000000e2700000, 0x00000000e2700000| Untracked 
|  40|0x00000000e2800000, 0x00000000e2800000, 0x00000000e2900000|  0%| F|  |TAMS 0x00000000e2800000, 0x00000000e2800000| Untracked 
|  41|0x00000000e2900000, 0x00000000e2900000, 0x00000000e2a00000|  0%| F|  |TAMS 0x00000000e2900000, 0x00000000e2900000| Untracked 
|  42|0x00000000e2a00000, 0x00000000e2a00000, 0x00000000e2b00000|  0%| F|  |TAMS 0x00000000e2a00000, 0x00000000e2a00000| Untracked 
|  43|0x00000000e2b00000, 0x00000000e2b00000, 0x00000000e2c00000|  0%| F|  |TAMS 0x00000000e2b00000, 0x00000000e2b00000| Untracked 
|  44|0x00000000e2c00000, 0x00000000e2c00000, 0x00000000e2d00000|  0%| F|  |TAMS 0x00000000e2c00000, 0x00000000e2c00000| Untracked 
|  45|0x00000000e2d00000, 0x00000000e2d00000, 0x00000000e2e00000|  0%| F|  |TAMS 0x00000000e2d00000, 0x00000000e2d00000| Untracked 
|  46|0x00000000e2e00000, 0x00000000e2e00000, 0x00000000e2f00000|  0%| F|  |TAMS 0x00000000e2e00000, 0x00000000e2e00000| Untracked 
|  47|0x00000000e2f00000, 0x00000000e2f00000, 0x00000000e3000000|  0%| F|  |TAMS 0x00000000e2f00000, 0x00000000e2f00000| Untracked 
|  48|0x00000000e3000000, 0x00000000e3000000, 0x00000000e3100000|  0%| F|  |TAMS 0x00000000e3000000, 0x00000000e3000000| Untracked 
|  49|0x00000000e3100000, 0x00000000e3100000, 0x00000000e3200000|  0%| F|  |TAMS 0x00000000e3100000, 0x00000000e3100000| Untracked 
|  50|0x00000000e3200000, 0x00000000e3200000, 0x00000000e3300000|  0%| F|  |TAMS 0x00000000e3200000, 0x00000000e3200000| Untracked 
|  51|0x00000000e3300000, 0x00000000e3300000, 0x00000000e3400000|  0%| F|  |TAMS 0x00000000e3300000, 0x00000000e3300000| Untracked 
|  52|0x00000000e3400000, 0x00000000e3400000, 0x00000000e3500000|  0%| F|  |TAMS 0x00000000e3400000, 0x00000000e3400000| Untracked 
|  53|0x00000000e3500000, 0x00000000e3500000, 0x00000000e3600000|  0%| F|  |TAMS 0x00000000e3500000, 0x00000000e3500000| Untracked 
|  54|0x00000000e3600000, 0x00000000e3600000, 0x00000000e3700000|  0%| F|  |TAMS 0x00000000e3600000, 0x00000000e3600000| Untracked 
|  55|0x00000000e3700000, 0x00000000e3700000, 0x00000000e3800000|  0%| F|  |TAMS 0x00000000e3700000, 0x00000000e3700000| Untracked 
|  56|0x00000000e3800000, 0x00000000e3800000, 0x00000000e3900000|  0%| F|  |TAMS 0x00000000e3800000, 0x00000000e3800000| Untracked 
|  57|0x00000000e3900000, 0x00000000e3900000, 0x00000000e3a00000|  0%| F|  |TAMS 0x00000000e3900000, 0x00000000e3900000| Untracked 
|  58|0x00000000e3a00000, 0x00000000e3a00000, 0x00000000e3b00000|  0%| F|  |TAMS 0x00000000e3a00000, 0x00000000e3a00000| Untracked 
|  59|0x00000000e3b00000, 0x00000000e3b00000, 0x00000000e3c00000|  0%| F|  |TAMS 0x00000000e3b00000, 0x00000000e3b00000| Untracked 
|  60|0x00000000e3c00000, 0x00000000e3c00000, 0x00000000e3d00000|  0%| F|  |TAMS 0x00000000e3c00000, 0x00000000e3c00000| Untracked 
|  61|0x00000000e3d00000, 0x00000000e3d00000, 0x00000000e3e00000|  0%| F|  |TAMS 0x00000000e3d00000, 0x00000000e3d00000| Untracked 
|  62|0x00000000e3e00000, 0x00000000e3e00000, 0x00000000e3f00000|  0%| F|  |TAMS 0x00000000e3e00000, 0x00000000e3e00000| Untracked 
|  63|0x00000000e3f00000, 0x00000000e3f00000, 0x00000000e4000000|  0%| F|  |TAMS 0x00000000e3f00000, 0x00000000e3f00000| Untracked 
|  64|0x00000000e4000000, 0x00000000e4000000, 0x00000000e4100000|  0%| F|  |TAMS 0x00000000e4000000, 0x00000000e4000000| Untracked 
|  65|0x00000000e4100000, 0x00000000e4100000, 0x00000000e4200000|  0%| F|  |TAMS 0x00000000e4100000, 0x00000000e4100000| Untracked 
|  66|0x00000000e4200000, 0x00000000e4200000, 0x00000000e4300000|  0%| F|  |TAMS 0x00000000e4200000, 0x00000000e4200000| Untracked 
|  67|0x00000000e4300000, 0x00000000e4300000, 0x00000000e4400000|  0%| F|  |TAMS 0x00000000e4300000, 0x00000000e4300000| Untracked 
|  68|0x00000000e4400000, 0x00000000e4400000, 0x00000000e4500000|  0%| F|  |TAMS 0x00000000e4400000, 0x00000000e4400000| Untracked 
|  69|0x00000000e4500000, 0x00000000e4500000, 0x00000000e4600000|  0%| F|  |TAMS 0x00000000e4500000, 0x00000000e4500000| Untracked 
|  70|0x00000000e4600000, 0x00000000e4600000, 0x00000000e4700000|  0%| F|  |TAMS 0x00000000e4600000, 0x00000000e4600000| Untracked 
|  71|0x00000000e4700000, 0x00000000e4700000, 0x00000000e4800000|  0%| F|  |TAMS 0x00000000e4700000, 0x00000000e4700000| Untracked 
|  72|0x00000000e4800000, 0x00000000e4800000, 0x00000000e4900000|  0%| F|  |TAMS 0x00000000e4800000, 0x00000000e4800000| Untracked 
|  73|0x00000000e4900000, 0x00000000e4900000, 0x00000000e4a00000|  0%| F|  |TAMS 0x00000000e4900000, 0x00000000e4900000| Untracked 
|  74|0x00000000e4a00000, 0x00000000e4a00000, 0x00000000e4b00000|  0%| F|  |TAMS 0x00000000e4a00000, 0x00000000e4a00000| Untracked 
|  75|0x00000000e4b00000, 0x00000000e4b00000, 0x00000000e4c00000|  0%| F|  |TAMS 0x00000000e4b00000, 0x00000000e4b00000| Untracked 
|  76|0x00000000e4c00000, 0x00000000e4c00000, 0x00000000e4d00000|  0%| F|  |TAMS 0x00000000e4c00000, 0x00000000e4c00000| Untracked 
|  77|0x00000000e4d00000, 0x00000000e4d00000, 0x00000000e4e00000|  0%| F|  |TAMS 0x00000000e4d00000, 0x00000000e4d00000| Untracked 
|  78|0x00000000e4e00000, 0x00000000e4e00000, 0x00000000e4f00000|  0%| F|  |TAMS 0x00000000e4e00000, 0x00000000e4e00000| Untracked 
|  79|0x00000000e4f00000, 0x00000000e4f00000, 0x00000000e5000000|  0%| F|  |TAMS 0x00000000e4f00000, 0x00000000e4f00000| Untracked 
|  80|0x00000000e5000000, 0x00000000e5000000, 0x00000000e5100000|  0%| F|  |TAMS 0x00000000e5000000, 0x00000000e5000000| Untracked 
|  81|0x00000000e5100000, 0x00000000e5100000, 0x00000000e5200000|  0%| F|  |TAMS 0x00000000e5100000, 0x00000000e5100000| Untracked 
|  82|0x00000000e5200000, 0x00000000e5200000, 0x00000000e5300000|  0%| F|  |TAMS 0x00000000e5200000, 0x00000000e5200000| Untracked 
|  83|0x00000000e5300000, 0x00000000e5300000, 0x00000000e5400000|  0%| F|  |TAMS 0x00000000e5300000, 0x00000000e5300000| Untracked 
|  84|0x00000000e5400000, 0x00000000e5400000, 0x00000000e5500000|  0%| F|  |TAMS 0x00000000e5400000, 0x00000000e5400000| Untracked 
|  85|0x00000000e5500000, 0x00000000e5500000, 0x00000000e5600000|  0%| F|  |TAMS 0x00000000e5500000, 0x00000000e5500000| Untracked 
|  86|0x00000000e5600000, 0x00000000e5600000, 0x00000000e5700000|  0%| F|  |TAMS 0x00000000e5600000, 0x00000000e5600000| Untracked 
|  87|0x00000000e5700000, 0x00000000e5700000, 0x00000000e5800000|  0%| F|  |TAMS 0x00000000e5700000, 0x00000000e5700000| Untracked 
|  88|0x00000000e5800000, 0x00000000e5800000, 0x00000000e5900000|  0%| F|  |TAMS 0x00000000e5800000, 0x00000000e5800000| Untracked 
|  89|0x00000000e5900000, 0x00000000e5900000, 0x00000000e5a00000|  0%| F|  |TAMS 0x00000000e5900000, 0x00000000e5900000| Untracked 
|  90|0x00000000e5a00000, 0x00000000e5a00000, 0x00000000e5b00000|  0%| F|  |TAMS 0x00000000e5a00000, 0x00000000e5a00000| Untracked 
|  91|0x00000000e5b00000, 0x00000000e5b00000, 0x00000000e5c00000|  0%| F|  |TAMS 0x00000000e5b00000, 0x00000000e5b00000| Untracked 
|  92|0x00000000e5c00000, 0x00000000e5c00000, 0x00000000e5d00000|  0%| F|  |TAMS 0x00000000e5c00000, 0x00000000e5c00000| Untracked 
|  93|0x00000000e5d00000, 0x00000000e5d00000, 0x00000000e5e00000|  0%| F|  |TAMS 0x00000000e5d00000, 0x00000000e5d00000| Untracked 
|  94|0x00000000e5e00000, 0x00000000e5e00000, 0x00000000e5f00000|  0%| F|  |TAMS 0x00000000e5e00000, 0x00000000e5e00000| Untracked 
|  95|0x00000000e5f00000, 0x00000000e5f00000, 0x00000000e6000000|  0%| F|  |TAMS 0x00000000e5f00000, 0x00000000e5f00000| Untracked 
|  96|0x00000000e6000000, 0x00000000e6000000, 0x00000000e6100000|  0%| F|  |TAMS 0x00000000e6000000, 0x00000000e6000000| Untracked 
|  97|0x00000000e6100000, 0x00000000e6100000, 0x00000000e6200000|  0%| F|  |TAMS 0x00000000e6100000, 0x00000000e6100000| Untracked 
|  98|0x00000000e6200000, 0x00000000e6200000, 0x00000000e6300000|  0%| F|  |TAMS 0x00000000e6200000, 0x00000000e6200000| Untracked 
|  99|0x00000000e6300000, 0x00000000e6300000, 0x00000000e6400000|  0%| F|  |TAMS 0x00000000e6300000, 0x00000000e6300000| Untracked 
| 100|0x00000000e6400000, 0x00000000e6400000, 0x00000000e6500000|  0%| F|  |TAMS 0x00000000e6400000, 0x00000000e6400000| Untracked 
| 101|0x00000000e6500000, 0x00000000e6500000, 0x00000000e6600000|  0%| F|  |TAMS 0x00000000e6500000, 0x00000000e6500000| Untracked 
| 102|0x00000000e6600000, 0x00000000e6600000, 0x00000000e6700000|  0%| F|  |TAMS 0x00000000e6600000, 0x00000000e6600000| Untracked 
| 103|0x00000000e6700000, 0x00000000e6700000, 0x00000000e6800000|  0%| F|  |TAMS 0x00000000e6700000, 0x00000000e6700000| Untracked 
| 104|0x00000000e6800000, 0x00000000e6800000, 0x00000000e6900000|  0%| F|  |TAMS 0x00000000e6800000, 0x00000000e6800000| Untracked 
| 105|0x00000000e6900000, 0x00000000e6900000, 0x00000000e6a00000|  0%| F|  |TAMS 0x00000000e6900000, 0x00000000e6900000| Untracked 
| 106|0x00000000e6a00000, 0x00000000e6a00000, 0x00000000e6b00000|  0%| F|  |TAMS 0x00000000e6a00000, 0x00000000e6a00000| Untracked 
| 107|0x00000000e6b00000, 0x00000000e6b00000, 0x00000000e6c00000|  0%| F|  |TAMS 0x00000000e6b00000, 0x00000000e6b00000| Untracked 
| 108|0x00000000e6c00000, 0x00000000e6c00000, 0x00000000e6d00000|  0%| F|  |TAMS 0x00000000e6c00000, 0x00000000e6c00000| Untracked 
| 109|0x00000000e6d00000, 0x00000000e6d00000, 0x00000000e6e00000|  0%| F|  |TAMS 0x00000000e6d00000, 0x00000000e6d00000| Untracked 
| 110|0x00000000e6e00000, 0x00000000e6e00000, 0x00000000e6f00000|  0%| F|  |TAMS 0x00000000e6e00000, 0x00000000e6e00000| Untracked 
| 111|0x00000000e6f00000, 0x00000000e6f00000, 0x00000000e7000000|  0%| F|  |TAMS 0x00000000e6f00000, 0x00000000e6f00000| Untracked 
| 112|0x00000000e7000000, 0x00000000e7000000, 0x00000000e7100000|  0%| F|  |TAMS 0x00000000e7000000, 0x00000000e7000000| Untracked 
| 113|0x00000000e7100000, 0x00000000e7100000, 0x00000000e7200000|  0%| F|  |TAMS 0x00000000e7100000, 0x00000000e7100000| Untracked 
| 114|0x00000000e7200000, 0x00000000e7200000, 0x00000000e7300000|  0%| F|  |TAMS 0x00000000e7200000, 0x00000000e7200000| Untracked 
| 115|0x00000000e7300000, 0x00000000e7300000, 0x00000000e7400000|  0%| F|  |TAMS 0x00000000e7300000, 0x00000000e7300000| Untracked 
| 116|0x00000000e7400000, 0x00000000e7400000, 0x00000000e7500000|  0%| F|  |TAMS 0x00000000e7400000, 0x00000000e7400000| Untracked 
| 117|0x00000000e7500000, 0x00000000e7500000, 0x00000000e7600000|  0%| F|  |TAMS 0x00000000e7500000, 0x00000000e7500000| Untracked 
| 118|0x00000000e7600000, 0x00000000e7600000, 0x00000000e7700000|  0%| F|  |TAMS 0x00000000e7600000, 0x00000000e7600000| Untracked 
| 119|0x00000000e7700000, 0x00000000e7700000, 0x00000000e7800000|  0%| F|  |TAMS 0x00000000e7700000, 0x00000000e7700000| Untracked 
| 120|0x00000000e7800000, 0x00000000e7800000, 0x00000000e7900000|  0%| F|  |TAMS 0x00000000e7800000, 0x00000000e7800000| Untracked 
| 121|0x00000000e7900000, 0x00000000e7900000, 0x00000000e7a00000|  0%| F|  |TAMS 0x00000000e7900000, 0x00000000e7900000| Untracked 
| 122|0x00000000e7a00000, 0x00000000e7a00000, 0x00000000e7b00000|  0%| F|  |TAMS 0x00000000e7a00000, 0x00000000e7a00000| Untracked 
| 123|0x00000000e7b00000, 0x00000000e7b00000, 0x00000000e7c00000|  0%| F|  |TAMS 0x00000000e7b00000, 0x00000000e7b00000| Untracked 
| 124|0x00000000e7c00000, 0x00000000e7c00000, 0x00000000e7d00000|  0%| F|  |TAMS 0x00000000e7c00000, 0x00000000e7c00000| Untracked 
| 125|0x00000000e7d00000, 0x00000000e7d00000, 0x00000000e7e00000|  0%| F|  |TAMS 0x00000000e7d00000, 0x00000000e7d00000| Untracked 
| 126|0x00000000e7e00000, 0x00000000e7e00000, 0x00000000e7f00000|  0%| F|  |TAMS 0x00000000e7e00000, 0x00000000e7e00000| Untracked 
| 127|0x00000000e7f00000, 0x00000000e7f00000, 0x00000000e8000000|  0%| F|  |TAMS 0x00000000e7f00000, 0x00000000e7f00000| Untracked 
| 128|0x00000000e8000000, 0x00000000e8000000, 0x00000000e8100000|  0%| F|  |TAMS 0x00000000e8000000, 0x00000000e8000000| Untracked 
| 129|0x00000000e8100000, 0x00000000e8100000, 0x00000000e8200000|  0%| F|  |TAMS 0x00000000e8100000, 0x00000000e8100000| Untracked 
| 130|0x00000000e8200000, 0x00000000e8200000, 0x00000000e8300000|  0%| F|  |TAMS 0x00000000e8200000, 0x00000000e8200000| Untracked 
| 131|0x00000000e8300000, 0x00000000e8300000, 0x00000000e8400000|  0%| F|  |TAMS 0x00000000e8300000, 0x00000000e8300000| Untracked 
| 132|0x00000000e8400000, 0x00000000e8400000, 0x00000000e8500000|  0%| F|  |TAMS 0x00000000e8400000, 0x00000000e8400000| Untracked 
| 133|0x00000000e8500000, 0x00000000e8500000, 0x00000000e8600000|  0%| F|  |TAMS 0x00000000e8500000, 0x00000000e8500000| Untracked 
| 134|0x00000000e8600000, 0x00000000e8600000, 0x00000000e8700000|  0%| F|  |TAMS 0x00000000e8600000, 0x00000000e8600000| Untracked 
| 135|0x00000000e8700000, 0x00000000e8700000, 0x00000000e8800000|  0%| F|  |TAMS 0x00000000e8700000, 0x00000000e8700000| Untracked 
| 136|0x00000000e8800000, 0x00000000e8800000, 0x00000000e8900000|  0%| F|  |TAMS 0x00000000e8800000, 0x00000000e8800000| Untracked 
| 137|0x00000000e8900000, 0x00000000e8900000, 0x00000000e8a00000|  0%| F|  |TAMS 0x00000000e8900000, 0x00000000e8900000| Untracked 
| 138|0x00000000e8a00000, 0x00000000e8a00000, 0x00000000e8b00000|  0%| F|  |TAMS 0x00000000e8a00000, 0x00000000e8a00000| Untracked 
| 139|0x00000000e8b00000, 0x00000000e8b00000, 0x00000000e8c00000|  0%| F|  |TAMS 0x00000000e8b00000, 0x00000000e8b00000| Untracked 
| 140|0x00000000e8c00000, 0x00000000e8c00000, 0x00000000e8d00000|  0%| F|  |TAMS 0x00000000e8c00000, 0x00000000e8c00000| Untracked 
| 141|0x00000000e8d00000, 0x00000000e8d44bf0, 0x00000000e8e00000| 26%| S|CS|TAMS 0x00000000e8d00000, 0x00000000e8d00000| Complete 
| 142|0x00000000e8e00000, 0x00000000e8f00000, 0x00000000e8f00000|100%| S|CS|TAMS 0x00000000e8e00000, 0x00000000e8e00000| Complete 
| 143|0x00000000e8f00000, 0x00000000e9000000, 0x00000000e9000000|100%| S|CS|TAMS 0x00000000e8f00000, 0x00000000e8f00000| Complete 
| 144|0x00000000e9000000, 0x00000000e9100000, 0x00000000e9100000|100%| S|CS|TAMS 0x00000000e9000000, 0x00000000e9000000| Complete 
| 145|0x00000000e9100000, 0x00000000e9200000, 0x00000000e9200000|100%| S|CS|TAMS 0x00000000e9100000, 0x00000000e9100000| Complete 
| 146|0x00000000e9200000, 0x00000000e9300000, 0x00000000e9300000|100%| S|CS|TAMS 0x00000000e9200000, 0x00000000e9200000| Complete 
| 147|0x00000000e9300000, 0x00000000e9400000, 0x00000000e9400000|100%| S|CS|TAMS 0x00000000e9300000, 0x00000000e9300000| Complete 
| 148|0x00000000e9400000, 0x00000000e9500000, 0x00000000e9500000|100%| S|CS|TAMS 0x00000000e9400000, 0x00000000e9400000| Complete 
| 149|0x00000000e9500000, 0x00000000e9600000, 0x00000000e9600000|100%| S|CS|TAMS 0x00000000e9500000, 0x00000000e9500000| Complete 
| 150|0x00000000e9600000, 0x00000000e9700000, 0x00000000e9700000|100%| S|CS|TAMS 0x00000000e9600000, 0x00000000e9600000| Complete 
| 151|0x00000000e9700000, 0x00000000e9800000, 0x00000000e9800000|100%| S|CS|TAMS 0x00000000e9700000, 0x00000000e9700000| Complete 
| 152|0x00000000e9800000, 0x00000000e9800000, 0x00000000e9900000|  0%| F|  |TAMS 0x00000000e9800000, 0x00000000e9800000| Untracked 
| 153|0x00000000e9900000, 0x00000000e9900000, 0x00000000e9a00000|  0%| F|  |TAMS 0x00000000e9900000, 0x00000000e9900000| Untracked 
| 154|0x00000000e9a00000, 0x00000000e9a00000, 0x00000000e9b00000|  0%| F|  |TAMS 0x00000000e9a00000, 0x00000000e9a00000| Untracked 
| 155|0x00000000e9b00000, 0x00000000e9b00000, 0x00000000e9c00000|  0%| F|  |TAMS 0x00000000e9b00000, 0x00000000e9b00000| Untracked 
| 156|0x00000000e9c00000, 0x00000000e9c00000, 0x00000000e9d00000|  0%| F|  |TAMS 0x00000000e9c00000, 0x00000000e9c00000| Untracked 
| 157|0x00000000e9d00000, 0x00000000e9d00000, 0x00000000e9e00000|  0%| F|  |TAMS 0x00000000e9d00000, 0x00000000e9d00000| Untracked 
| 158|0x00000000e9e00000, 0x00000000e9e00000, 0x00000000e9f00000|  0%| F|  |TAMS 0x00000000e9e00000, 0x00000000e9e00000| Untracked 
| 159|0x00000000e9f00000, 0x00000000e9f00000, 0x00000000ea000000|  0%| F|  |TAMS 0x00000000e9f00000, 0x00000000e9f00000| Untracked 
| 160|0x00000000ea000000, 0x00000000ea000000, 0x00000000ea100000|  0%| F|  |TAMS 0x00000000ea000000, 0x00000000ea000000| Untracked 
| 161|0x00000000ea100000, 0x00000000ea100000, 0x00000000ea200000|  0%| F|  |TAMS 0x00000000ea100000, 0x00000000ea100000| Untracked 
| 162|0x00000000ea200000, 0x00000000ea200000, 0x00000000ea300000|  0%| F|  |TAMS 0x00000000ea200000, 0x00000000ea200000| Untracked 
| 163|0x00000000ea300000, 0x00000000ea300000, 0x00000000ea400000|  0%| F|  |TAMS 0x00000000ea300000, 0x00000000ea300000| Untracked 
| 164|0x00000000ea400000, 0x00000000ea400000, 0x00000000ea500000|  0%| F|  |TAMS 0x00000000ea400000, 0x00000000ea400000| Untracked 
| 165|0x00000000ea500000, 0x00000000ea500000, 0x00000000ea600000|  0%| F|  |TAMS 0x00000000ea500000, 0x00000000ea500000| Untracked 
| 166|0x00000000ea600000, 0x00000000ea600000, 0x00000000ea700000|  0%| F|  |TAMS 0x00000000ea600000, 0x00000000ea600000| Untracked 
| 167|0x00000000ea700000, 0x00000000ea700000, 0x00000000ea800000|  0%| F|  |TAMS 0x00000000ea700000, 0x00000000ea700000| Untracked 
| 168|0x00000000ea800000, 0x00000000ea800000, 0x00000000ea900000|  0%| F|  |TAMS 0x00000000ea800000, 0x00000000ea800000| Untracked 
| 169|0x00000000ea900000, 0x00000000ea900000, 0x00000000eaa00000|  0%| F|  |TAMS 0x00000000ea900000, 0x00000000ea900000| Untracked 
| 170|0x00000000eaa00000, 0x00000000eaa00000, 0x00000000eab00000|  0%| F|  |TAMS 0x00000000eaa00000, 0x00000000eaa00000| Untracked 
| 171|0x00000000eab00000, 0x00000000eab00000, 0x00000000eac00000|  0%| F|  |TAMS 0x00000000eab00000, 0x00000000eab00000| Untracked 
| 172|0x00000000eac00000, 0x00000000eac00000, 0x00000000ead00000|  0%| F|  |TAMS 0x00000000eac00000, 0x00000000eac00000| Untracked 
| 173|0x00000000ead00000, 0x00000000ead00000, 0x00000000eae00000|  0%| F|  |TAMS 0x00000000ead00000, 0x00000000ead00000| Untracked 
| 174|0x00000000eae00000, 0x00000000eae00000, 0x00000000eaf00000|  0%| F|  |TAMS 0x00000000eae00000, 0x00000000eae00000| Untracked 
| 175|0x00000000eaf00000, 0x00000000eaf00000, 0x00000000eb000000|  0%| F|  |TAMS 0x00000000eaf00000, 0x00000000eaf00000| Untracked 
| 176|0x00000000eb000000, 0x00000000eb000000, 0x00000000eb100000|  0%| F|  |TAMS 0x00000000eb000000, 0x00000000eb000000| Untracked 
| 177|0x00000000eb100000, 0x00000000eb100000, 0x00000000eb200000|  0%| F|  |TAMS 0x00000000eb100000, 0x00000000eb100000| Untracked 
| 178|0x00000000eb200000, 0x00000000eb200000, 0x00000000eb300000|  0%| F|  |TAMS 0x00000000eb200000, 0x00000000eb200000| Untracked 
| 179|0x00000000eb300000, 0x00000000eb300000, 0x00000000eb400000|  0%| F|  |TAMS 0x00000000eb300000, 0x00000000eb300000| Untracked 
| 180|0x00000000eb400000, 0x00000000eb400000, 0x00000000eb500000|  0%| F|  |TAMS 0x00000000eb400000, 0x00000000eb400000| Untracked 
| 181|0x00000000eb500000, 0x00000000eb500000, 0x00000000eb600000|  0%| F|  |TAMS 0x00000000eb500000, 0x00000000eb500000| Untracked 
| 182|0x00000000eb600000, 0x00000000eb600000, 0x00000000eb700000|  0%| F|  |TAMS 0x00000000eb600000, 0x00000000eb600000| Untracked 
| 183|0x00000000eb700000, 0x00000000eb700000, 0x00000000eb800000|  0%| F|  |TAMS 0x00000000eb700000, 0x00000000eb700000| Untracked 
| 184|0x00000000eb800000, 0x00000000eb800000, 0x00000000eb900000|  0%| F|  |TAMS 0x00000000eb800000, 0x00000000eb800000| Untracked 
| 185|0x00000000eb900000, 0x00000000eb900000, 0x00000000eba00000|  0%| F|  |TAMS 0x00000000eb900000, 0x00000000eb900000| Untracked 
| 186|0x00000000eba00000, 0x00000000eba00000, 0x00000000ebb00000|  0%| F|  |TAMS 0x00000000eba00000, 0x00000000eba00000| Untracked 
| 187|0x00000000ebb00000, 0x00000000ebb00000, 0x00000000ebc00000|  0%| F|  |TAMS 0x00000000ebb00000, 0x00000000ebb00000| Untracked 
| 188|0x00000000ebc00000, 0x00000000ebc00000, 0x00000000ebd00000|  0%| F|  |TAMS 0x00000000ebc00000, 0x00000000ebc00000| Untracked 
| 189|0x00000000ebd00000, 0x00000000ebd00000, 0x00000000ebe00000|  0%| F|  |TAMS 0x00000000ebd00000, 0x00000000ebd00000| Untracked 
| 190|0x00000000ebe00000, 0x00000000ebe00000, 0x00000000ebf00000|  0%| F|  |TAMS 0x00000000ebe00000, 0x00000000ebe00000| Untracked 
| 191|0x00000000ebf00000, 0x00000000ebf00000, 0x00000000ec000000|  0%| F|  |TAMS 0x00000000ebf00000, 0x00000000ebf00000| Untracked 
| 192|0x00000000ec000000, 0x00000000ec000000, 0x00000000ec100000|  0%| F|  |TAMS 0x00000000ec000000, 0x00000000ec000000| Untracked 
| 193|0x00000000ec100000, 0x00000000ec100000, 0x00000000ec200000|  0%| F|  |TAMS 0x00000000ec100000, 0x00000000ec100000| Untracked 
| 194|0x00000000ec200000, 0x00000000ec200000, 0x00000000ec300000|  0%| F|  |TAMS 0x00000000ec200000, 0x00000000ec200000| Untracked 
| 195|0x00000000ec300000, 0x00000000ec300000, 0x00000000ec400000|  0%| F|  |TAMS 0x00000000ec300000, 0x00000000ec300000| Untracked 
| 196|0x00000000ec400000, 0x00000000ec400000, 0x00000000ec500000|  0%| F|  |TAMS 0x00000000ec400000, 0x00000000ec400000| Untracked 
| 197|0x00000000ec500000, 0x00000000ec500000, 0x00000000ec600000|  0%| F|  |TAMS 0x00000000ec500000, 0x00000000ec500000| Untracked 
| 198|0x00000000ec600000, 0x00000000ec600000, 0x00000000ec700000|  0%| F|  |TAMS 0x00000000ec600000, 0x00000000ec600000| Untracked 
| 199|0x00000000ec700000, 0x00000000ec700000, 0x00000000ec800000|  0%| F|  |TAMS 0x00000000ec700000, 0x00000000ec700000| Untracked 
| 200|0x00000000ec800000, 0x00000000ec800000, 0x00000000ec900000|  0%| F|  |TAMS 0x00000000ec800000, 0x00000000ec800000| Untracked 
| 201|0x00000000ec900000, 0x00000000ec900000, 0x00000000eca00000|  0%| F|  |TAMS 0x00000000ec900000, 0x00000000ec900000| Untracked 
| 202|0x00000000eca00000, 0x00000000eca00000, 0x00000000ecb00000|  0%| F|  |TAMS 0x00000000eca00000, 0x00000000eca00000| Untracked 
| 203|0x00000000ecb00000, 0x00000000ecb00000, 0x00000000ecc00000|  0%| F|  |TAMS 0x00000000ecb00000, 0x00000000ecb00000| Untracked 
| 204|0x00000000ecc00000, 0x00000000ecc00000, 0x00000000ecd00000|  0%| F|  |TAMS 0x00000000ecc00000, 0x00000000ecc00000| Untracked 
| 205|0x00000000ecd00000, 0x00000000ecd00000, 0x00000000ece00000|  0%| F|  |TAMS 0x00000000ecd00000, 0x00000000ecd00000| Untracked 
| 206|0x00000000ece00000, 0x00000000ece00000, 0x00000000ecf00000|  0%| F|  |TAMS 0x00000000ece00000, 0x00000000ece00000| Untracked 
| 207|0x00000000ecf00000, 0x00000000ecf00000, 0x00000000ed000000|  0%| F|  |TAMS 0x00000000ecf00000, 0x00000000ecf00000| Untracked 
| 208|0x00000000ed000000, 0x00000000ed000000, 0x00000000ed100000|  0%| F|  |TAMS 0x00000000ed000000, 0x00000000ed000000| Untracked 
| 209|0x00000000ed100000, 0x00000000ed100000, 0x00000000ed200000|  0%| F|  |TAMS 0x00000000ed100000, 0x00000000ed100000| Untracked 
| 210|0x00000000ed200000, 0x00000000ed200000, 0x00000000ed300000|  0%| F|  |TAMS 0x00000000ed200000, 0x00000000ed200000| Untracked 
| 211|0x00000000ed300000, 0x00000000ed300000, 0x00000000ed400000|  0%| F|  |TAMS 0x00000000ed300000, 0x00000000ed300000| Untracked 
| 212|0x00000000ed400000, 0x00000000ed400000, 0x00000000ed500000|  0%| F|  |TAMS 0x00000000ed400000, 0x00000000ed400000| Untracked 
| 213|0x00000000ed500000, 0x00000000ed500000, 0x00000000ed600000|  0%| F|  |TAMS 0x00000000ed500000, 0x00000000ed500000| Untracked 
| 214|0x00000000ed600000, 0x00000000ed600000, 0x00000000ed700000|  0%| F|  |TAMS 0x00000000ed600000, 0x00000000ed600000| Untracked 
| 215|0x00000000ed700000, 0x00000000ed700000, 0x00000000ed800000|  0%| F|  |TAMS 0x00000000ed700000, 0x00000000ed700000| Untracked 
| 216|0x00000000ed800000, 0x00000000ed800000, 0x00000000ed900000|  0%| F|  |TAMS 0x00000000ed800000, 0x00000000ed800000| Untracked 
| 217|0x00000000ed900000, 0x00000000ed900000, 0x00000000eda00000|  0%| F|  |TAMS 0x00000000ed900000, 0x00000000ed900000| Untracked 
| 218|0x00000000eda00000, 0x00000000eda00000, 0x00000000edb00000|  0%| F|  |TAMS 0x00000000eda00000, 0x00000000eda00000| Untracked 
| 219|0x00000000edb00000, 0x00000000edb00000, 0x00000000edc00000|  0%| F|  |TAMS 0x00000000edb00000, 0x00000000edb00000| Untracked 
| 220|0x00000000edc00000, 0x00000000edc00000, 0x00000000edd00000|  0%| F|  |TAMS 0x00000000edc00000, 0x00000000edc00000| Untracked 
| 221|0x00000000edd00000, 0x00000000edd00000, 0x00000000ede00000|  0%| F|  |TAMS 0x00000000edd00000, 0x00000000edd00000| Untracked 
| 222|0x00000000ede00000, 0x00000000ede00000, 0x00000000edf00000|  0%| F|  |TAMS 0x00000000ede00000, 0x00000000ede00000| Untracked 
| 223|0x00000000edf00000, 0x00000000edf00000, 0x00000000ee000000|  0%| F|  |TAMS 0x00000000edf00000, 0x00000000edf00000| Untracked 
| 224|0x00000000ee000000, 0x00000000ee000000, 0x00000000ee100000|  0%| F|  |TAMS 0x00000000ee000000, 0x00000000ee000000| Untracked 
| 225|0x00000000ee100000, 0x00000000ee100000, 0x00000000ee200000|  0%| F|  |TAMS 0x00000000ee100000, 0x00000000ee100000| Untracked 
| 226|0x00000000ee200000, 0x00000000ee200000, 0x00000000ee300000|  0%| F|  |TAMS 0x00000000ee200000, 0x00000000ee200000| Untracked 
| 227|0x00000000ee300000, 0x00000000ee300000, 0x00000000ee400000|  0%| F|  |TAMS 0x00000000ee300000, 0x00000000ee300000| Untracked 
| 228|0x00000000ee400000, 0x00000000ee400000, 0x00000000ee500000|  0%| F|  |TAMS 0x00000000ee400000, 0x00000000ee400000| Untracked 
| 229|0x00000000ee500000, 0x00000000ee500000, 0x00000000ee600000|  0%| F|  |TAMS 0x00000000ee500000, 0x00000000ee500000| Untracked 
| 230|0x00000000ee600000, 0x00000000ee600000, 0x00000000ee700000|  0%| F|  |TAMS 0x00000000ee600000, 0x00000000ee600000| Untracked 
| 231|0x00000000ee700000, 0x00000000ee700000, 0x00000000ee800000|  0%| F|  |TAMS 0x00000000ee700000, 0x00000000ee700000| Untracked 
| 232|0x00000000ee800000, 0x00000000ee800000, 0x00000000ee900000|  0%| F|  |TAMS 0x00000000ee800000, 0x00000000ee800000| Untracked 
| 233|0x00000000ee900000, 0x00000000ee900000, 0x00000000eea00000|  0%| F|  |TAMS 0x00000000ee900000, 0x00000000ee900000| Untracked 
| 234|0x00000000eea00000, 0x00000000eea00000, 0x00000000eeb00000|  0%| F|  |TAMS 0x00000000eea00000, 0x00000000eea00000| Untracked 
| 235|0x00000000eeb00000, 0x00000000eeb00000, 0x00000000eec00000|  0%| F|  |TAMS 0x00000000eeb00000, 0x00000000eeb00000| Untracked 
| 236|0x00000000eec00000, 0x00000000eec00000, 0x00000000eed00000|  0%| F|  |TAMS 0x00000000eec00000, 0x00000000eec00000| Untracked 
| 237|0x00000000eed00000, 0x00000000eed00000, 0x00000000eee00000|  0%| F|  |TAMS 0x00000000eed00000, 0x00000000eed00000| Untracked 
| 238|0x00000000eee00000, 0x00000000eee80800, 0x00000000eef00000| 50%| E|  |TAMS 0x00000000eee00000, 0x00000000eee00000| Complete 
| 239|0x00000000eef00000, 0x00000000ef000000, 0x00000000ef000000|100%| E|CS|TAMS 0x00000000eef00000, 0x00000000eef00000| Complete 
| 240|0x00000000ef000000, 0x00000000ef100000, 0x00000000ef100000|100%| E|CS|TAMS 0x00000000ef000000, 0x00000000ef000000| Complete 
| 241|0x00000000ef100000, 0x00000000ef200000, 0x00000000ef200000|100%| E|CS|TAMS 0x00000000ef100000, 0x00000000ef100000| Complete 
| 242|0x00000000ef200000, 0x00000000ef300000, 0x00000000ef300000|100%| E|CS|TAMS 0x00000000ef200000, 0x00000000ef200000| Complete 
| 243|0x00000000ef300000, 0x00000000ef400000, 0x00000000ef400000|100%| E|CS|TAMS 0x00000000ef300000, 0x00000000ef300000| Complete 
| 244|0x00000000ef400000, 0x00000000ef500000, 0x00000000ef500000|100%| E|CS|TAMS 0x00000000ef400000, 0x00000000ef400000| Complete 
| 245|0x00000000ef500000, 0x00000000ef600000, 0x00000000ef600000|100%| E|CS|TAMS 0x00000000ef500000, 0x00000000ef500000| Complete 
| 246|0x00000000ef600000, 0x00000000ef700000, 0x00000000ef700000|100%| E|CS|TAMS 0x00000000ef600000, 0x00000000ef600000| Complete 
| 247|0x00000000ef700000, 0x00000000ef800000, 0x00000000ef800000|100%| E|CS|TAMS 0x00000000ef700000, 0x00000000ef700000| Complete 
| 248|0x00000000ef800000, 0x00000000ef900000, 0x00000000ef900000|100%| E|CS|TAMS 0x00000000ef800000, 0x00000000ef800000| Complete 
| 249|0x00000000ef900000, 0x00000000efa00000, 0x00000000efa00000|100%| E|CS|TAMS 0x00000000ef900000, 0x00000000ef900000| Complete 
| 250|0x00000000efa00000, 0x00000000efb00000, 0x00000000efb00000|100%| E|CS|TAMS 0x00000000efa00000, 0x00000000efa00000| Complete 
| 251|0x00000000efb00000, 0x00000000efc00000, 0x00000000efc00000|100%| E|CS|TAMS 0x00000000efb00000, 0x00000000efb00000| Complete 
| 252|0x00000000efc00000, 0x00000000efd00000, 0x00000000efd00000|100%| E|CS|TAMS 0x00000000efc00000, 0x00000000efc00000| Complete 
| 253|0x00000000efd00000, 0x00000000efe00000, 0x00000000efe00000|100%| E|CS|TAMS 0x00000000efd00000, 0x00000000efd00000| Complete 
| 254|0x00000000efe00000, 0x00000000eff00000, 0x00000000eff00000|100%| E|CS|TAMS 0x00000000efe00000, 0x00000000efe00000| Complete 
| 255|0x00000000eff00000, 0x00000000f0000000, 0x00000000f0000000|100%| E|CS|TAMS 0x00000000eff00000, 0x00000000eff00000| Complete 

Card table byte_map: [0x00000153edf00000,0x00000153ee000000] _byte_map_base: 0x00000153ed800000

Marking Bits (Prev, Next): (CMBitMap*) 0x00000153d669c1b0, (CMBitMap*) 0x00000153d669c170
 Prev Bits: [0x00000153ee900000, 0x00000153ef100000)
 Next Bits: [0x00000153ee100000, 0x00000153ee900000)

Polling page: 0x00000153d5e50000

Metaspace:

Usage:
  Non-class:     19.90 MB capacity,    19.59 MB ( 98%) used,   281.34 KB (  1%) free+waste,    32.62 KB ( <1%) overhead. 
      Class:      3.45 MB capacity,     3.29 MB ( 96%) used,   142.28 KB (  4%) free+waste,    15.00 KB ( <1%) overhead. 
       Both:     23.35 MB capacity,    22.89 MB ( 98%) used,   423.62 KB (  2%) free+waste,    47.62 KB ( <1%) overhead. 

Virtual space:
  Non-class space:       22.00 MB reserved,      20.17 MB ( 92%) committed 
      Class space:      248.00 MB reserved,       3.50 MB (  1%) committed 
             Both:      270.00 MB reserved,      23.67 MB (  9%) committed 

Chunk freelists:
   Non-Class:  85.00 KB
       Class:  24.00 KB
        Both:  109.00 KB

MaxMetaspaceSize: 256.00 MB
CompressedClassSpaceSize: 248.00 MB

CodeHeap 'non-profiled nmethods': size=120000Kb used=1610Kb max_used=1610Kb free=118389Kb
 bounds [0x00000153e6380000, 0x00000153e65f0000, 0x00000153ed8b0000]
CodeHeap 'profiled nmethods': size=120000Kb used=5536Kb max_used=5536Kb free=114463Kb
 bounds [0x00000153dee50000, 0x00000153df3c0000, 0x00000153e6380000]
CodeHeap 'non-nmethods': size=5760Kb used=1243Kb max_used=1298Kb free=4516Kb
 bounds [0x00000153de8b0000, 0x00000153deb20000, 0x00000153dee50000]
 total_blobs=3238 nmethods=2723 adapters=427
 compilation: enabled
              stopped_count=0, restarted_count=0
 full_count=0

Compilation events (20 events):
Event: 2.772 Thread 0x00000153f1d79880 nmethod 2716 0x00000153e6509110 code [0x00000153e65092a0, 0x00000153e6509358]
Event: 2.772 Thread 0x00000153f1d6b4a0 2676       4       java.util.ImmutableCollections$SetN$SetNIterator::next (90 bytes)
Event: 2.772 Thread 0x00000153f1d79880 2717       3       java.util.stream.ForEachOps$ForEachOp$OfRef::accept (11 bytes)
Event: 2.772 Thread 0x00000153f1d79880 nmethod 2717 0x00000153df3b5b90 code [0x00000153df3b5d40, 0x00000153df3b5f08]
Event: 2.772 Thread 0x00000153f1d79880 2718       3       java.lang.module.ModuleDescriptor$Exports::isQualified (18 bytes)
Event: 2.772 Thread 0x00000153f1d79880 nmethod 2718 0x00000153df3b6010 code [0x00000153df3b61c0, 0x00000153df3b63e8]
Event: 2.772 Thread 0x00000153f1d79880 2719       3       java.util.ImmutableCollections$SetN::isEmpty (13 bytes)
Event: 2.773 Thread 0x00000153f1d79880 nmethod 2719 0x00000153df3b6490 code [0x00000153df3b6620, 0x00000153df3b6778]
Event: 2.773 Thread 0x00000153f1d79880 2720       3       java.util.stream.ReferencePipeline$2$1::accept (27 bytes)
Event: 2.773 Thread 0x00000153f1d79880 nmethod 2720 0x00000153df3b6810 code [0x00000153df3b69c0, 0x00000153df3b6cb8]
Event: 2.773 Thread 0x00000153f1d79880 2723       3       java.lang.SecurityManager$$Lambda$280/0x0000000800eb28c8::accept (8 bytes)
Event: 2.773 Thread 0x00000153f1d79880 nmethod 2723 0x00000153df3b6e10 code [0x00000153df3b6fc0, 0x00000153df3b71e8]
Event: 2.773 Thread 0x00000153f1d79880 2724       3       java.lang.SecurityManager::lambda$addNonExportedPackages$1 (14 bytes)
Event: 2.773 Thread 0x00000153f1d79880 nmethod 2724 0x00000153df3b7290 code [0x00000153df3b7440, 0x00000153df3b75e8]
Event: 2.773 Thread 0x00000153f1d79880 2721       3       java.util.HashMap::afterNodeRemoval (1 bytes)
Event: 2.773 Thread 0x00000153f1d79880 nmethod 2721 0x00000153df3b7710 code [0x00000153df3b78a0, 0x00000153df3b7998]
Event: 2.773 Thread 0x00000153f1d79880 2722       3       java.lang.SecurityManager$$Lambda$281/0x0000000800eb2af0::test (8 bytes)
Event: 2.773 Thread 0x00000153f1d6b4a0 nmethod 2676 0x00000153e6509410 code [0x00000153e65095a0, 0x00000153e6509698]
Event: 2.773 Thread 0x00000153f1d6b4a0 2695       4       java.util.Spliterators$IteratorSpliterator::tryAdvance (77 bytes)
Event: 2.773 Thread 0x00000153f1d79880 nmethod 2722 0x00000153df3b7a10 code [0x00000153df3b7be0, 0x00000153df3b8028]

GC Heap History (6 events):
Event: 0.483 GC heap before
{Heap before GC invocations=0 (full 0):
 garbage-first heap   total 262144K, used 28672K [0x00000000e0000000, 0x0000000100000000)
  region size 1024K, 23 young (23552K), 0 survivors (0K)
 Metaspace       used 3365K, capacity 6224K, committed 6400K, reserved 262144K
  class space    used 427K, capacity 708K, committed 768K, reserved 253952K
}
Event: 0.486 GC heap after
{Heap after GC invocations=1 (full 0):
 garbage-first heap   total 262144K, used 9205K [0x00000000e0000000, 0x0000000100000000)
  region size 1024K, 3 young (3072K), 3 survivors (3072K)
 Metaspace       used 3365K, capacity 6224K, committed 6400K, reserved 262144K
  class space    used 427K, capacity 708K, committed 768K, reserved 253952K
}
Event: 0.866 GC heap before
{Heap before GC invocations=1 (full 0):
 garbage-first heap   total 262144K, used 37877K [0x00000000e0000000, 0x0000000100000000)
  region size 1024K, 30 young (30720K), 3 survivors (3072K)
 Metaspace       used 4325K, capacity 6739K, committed 7040K, reserved 262144K
  class space    used 522K, capacity 773K, committed 896K, reserved 253952K
}
Event: 0.868 GC heap after
{Heap after GC invocations=2 (full 0):
 garbage-first heap   total 262144K, used 12471K [0x00000000e0000000, 0x0000000100000000)
  region size 1024K, 3 young (3072K), 3 survivors (3072K)
 Metaspace       used 4325K, capacity 6739K, committed 7040K, reserved 262144K
  class space    used 522K, capacity 773K, committed 896K, reserved 253952K
}
Event: 2.520 GC heap before
{Heap before GC invocations=2 (full 0):
 garbage-first heap   total 262144K, used 114871K [0x00000000e0000000, 0x0000000100000000)
  region size 1024K, 104 young (106496K), 3 survivors (3072K)
 Metaspace       used 20630K, capacity 21087K, committed 21296K, reserved 272384K
  class space    used 2961K, capacity 3100K, committed 3200K, reserved 253952K
}
Event: 2.526 GC heap after
{Heap after GC invocations=3 (full 0):
 garbage-first heap   total 262144K, used 19837K [0x00000000e0000000, 0x0000000100000000)
  region size 1024K, 11 young (11264K), 11 survivors (11264K)
 Metaspace       used 20630K, capacity 21087K, committed 21296K, reserved 272384K
  class space    used 2961K, capacity 3100K, committed 3200K, reserved 253952K
}

Deoptimization events (20 events):
Event: 2.205 Thread 0x00000153f3c8a4b0 Uncommon trap: trap_request=0xffffff76 fr.pc=0x00000153e64a1544 relative=0x0000000000000184
Event: 2.205 Thread 0x00000153f3c8a4b0 Uncommon trap: reason=predicate action=maybe_recompile pc=0x00000153e64a1544 method=com.google.common.base.CharMatcher.indexIn(Ljava/lang/CharSequence;I)I @ 19 c2
Event: 2.205 Thread 0x00000153f3c8a4b0 DEOPT PACKING pc=0x00000153e64a1544 sp=0x00000043c30fb1d0
Event: 2.205 Thread 0x00000153f3c8a4b0 DEOPT UNPACKING pc=0x00000153de8fe42f sp=0x00000043c30fb160 mode 2
Event: 2.231 Thread 0x00000153f3c8a4b0 Uncommon trap: trap_request=0xffffffc6 fr.pc=0x00000153e64540b4 relative=0x0000000000000c94
Event: 2.231 Thread 0x00000153f3c8a4b0 Uncommon trap: reason=bimorphic_or_optimized_type_check action=maybe_recompile pc=0x00000153e64540b4 method=java.util.Properties$LineReader.readLine()I @ 479 c2
Event: 2.231 Thread 0x00000153f3c8a4b0 DEOPT PACKING pc=0x00000153e64540b4 sp=0x00000043c30fb6a0
Event: 2.231 Thread 0x00000153f3c8a4b0 DEOPT UNPACKING pc=0x00000153de8fe42f sp=0x00000043c30fb630 mode 2
Event: 2.408 Thread 0x00000153f3c8a4b0 Uncommon trap: trap_request=0xffffff45 fr.pc=0x00000153e63da258 relative=0x0000000000000498
Event: 2.408 Thread 0x00000153f3c8a4b0 Uncommon trap: reason=unstable_if action=reinterpret pc=0x00000153e63da258 method=java.util.HashMap.hash(Ljava/lang/Object;)I @ 1 c2
Event: 2.408 Thread 0x00000153f3c8a4b0 DEOPT PACKING pc=0x00000153e63da258 sp=0x00000043c30f89b0
Event: 2.408 Thread 0x00000153f3c8a4b0 DEOPT UNPACKING pc=0x00000153de8fe42f sp=0x00000043c30f8858 mode 2
Event: 2.621 Thread 0x00000153f3c8a4b0 Uncommon trap: trap_request=0xffffff45 fr.pc=0x00000153e64dbd64 relative=0x00000000000001a4
Event: 2.621 Thread 0x00000153f3c8a4b0 Uncommon trap: reason=unstable_if action=reinterpret pc=0x00000153e64dbd64 method=java.util.regex.Pattern$BmpCharProperty.match(Ljava/util/regex/Matcher;ILjava/lang/CharSequence;)Z @ 39 c2
Event: 2.621 Thread 0x00000153f3c8a4b0 DEOPT PACKING pc=0x00000153e64dbd64 sp=0x00000043c30f95b0
Event: 2.621 Thread 0x00000153f3c8a4b0 DEOPT UNPACKING pc=0x00000153de8fe42f sp=0x00000043c30f9560 mode 2
Event: 2.652 Thread 0x00000153f3c8a4b0 Uncommon trap: trap_request=0xffffff45 fr.pc=0x00000153e648af64 relative=0x0000000000000204
Event: 2.652 Thread 0x00000153f3c8a4b0 Uncommon trap: reason=unstable_if action=reinterpret pc=0x00000153e648af64 method=java.util.HashMap.putVal(ILjava/lang/Object;Ljava/lang/Object;ZZ)Ljava/lang/Object; @ 162 c2
Event: 2.652 Thread 0x00000153f3c8a4b0 DEOPT PACKING pc=0x00000153e648af64 sp=0x00000043c30fa6f0
Event: 2.652 Thread 0x00000153f3c8a4b0 DEOPT UNPACKING pc=0x00000153de8fe42f sp=0x00000043c30fa600 mode 2

Classes unloaded (0 events):
No events

Classes redefined (0 events):
No events

Internal exceptions (20 events):
Event: 2.314 Thread 0x00000153f3c8a4b0 Exception <a 'java/lang/NoSuchMethodError'{0x00000000ea551550}: 'java.lang.Object java.lang.invoke.DirectMethodHandle$Holder.newInvokeSpecial(java.lang.Object, java.lang.Object, java.lang.Object, java.lang.Object, java.lang.Object, java.lang.Object, java.lang.Object, java.lang.Object, java.lang.Object, java.lang.Object, java.lang.Object)'> (0x00000000ea551550) 
thrown [./open/src/hotspot/share/interpreter/linkResolver.cpp, line 782]
Event: 2.314 Thread 0x00000153f3c8a4b0 Exception <a 'java/lang/NoSuchMethodError'{0x00000000ea557290}: 'java.lang.Object java.lang.invoke.DirectMethodHandle$Holder.invokeSpecial(java.lang.Object, java.lang.Object, java.lang.Object, java.lang.Object, java.lang.Object, java.lang.Object, java.lang.Object, java.lang.Object, java.lang.Object, java.lang.Object, java.lang.Object, java.lang.Object)'> (0x00000000ea557290) 
thrown [./open/src/hotspot/share/interpreter/linkResolver.cpp, line 782]
Event: 2.315 Thread 0x00000153f3c8a4b0 Exception <a 'java/lang/NoSuchMethodError'{0x00000000ea55c880}: 'java.lang.Object java.lang.invoke.Invokers$Holder.linkToTargetMethod(java.lang.Object, java.lang.Object, java.lang.Object, java.lang.Object, java.lang.Object, java.lang.Object, java.lang.Object, java.lang.Object, java.lang.Object, java.lang.Object, java.lang.Object)'> (0x00000000ea55c880) 
thrown [./open/src/hotspot/share/interpreter/linkResolver.cpp, line 782]
Event: 2.325 Thread 0x00000153f3c8a4b0 Exception <a 'java/lang/NoSuchMethodError'{0x00000000ea5f72f0}: 'java.lang.Object java.lang.invoke.DirectMethodHandle$Holder.invokeSpecial(java.lang.Object, java.lang.Object, java.lang.Object, java.lang.Object, java.lang.Object, java.lang.Object, java.lang.Object, java.lang.Object, java.lang.Object, java.lang.Object, java.lang.Object, java.lang.Object, java.lang.Object, java.lang.Object)'> (0x00000000ea5f72f0) 
thrown [./open/src/hotspot/share/interpreter/linkResolver.cpp, line 782]
Event: 2.325 Thread 0x00000153f3c8a4b0 Exception <a 'java/lang/NoSuchMethodError'{0x00000000ea40ce88}: 'java.lang.Object java.lang.invoke.DirectMethodHandle$Holder.newInvokeSpecial(java.lang.Object, java.lang.Object, java.lang.Object, java.lang.Object, java.lang.Object, java.lang.Object, java.lang.Object, java.lang.Object, java.lang.Object, java.lang.Object, java.lang.Object, java.lang.Object)'> (0x00000000ea40ce88) 
thrown [./open/src/hotspot/share/interpreter/linkResolver.cpp, line 782]
Event: 2.326 Thread 0x00000153f3c8a4b0 Exception <a 'java/lang/NoSuchMethodError'{0x00000000ea412688}: 'java.lang.Object java.lang.invoke.Invokers$Holder.linkToTargetMethod(java.lang.Object, java.lang.Object, java.lang.Object, java.lang.Object, java.lang.Object, java.lang.Object, java.lang.Object, java.lang.Object, java.lang.Object, java.lang.Object, java.lang.Object, java.lang.Object)'> (0x00000000ea412688) 
thrown [./open/src/hotspot/share/interpreter/linkResolver.cpp, line 782]
Event: 2.332 Thread 0x00000153f3c8a4b0 Exception <a 'java/lang/NoSuchMethodError'{0x00000000ea46f468}: 'java.lang.Object java.lang.invoke.DirectMethodHandle$Holder.invokeStaticInit(java.lang.Object, java.lang.Object, java.lang.Object, java.lang.Object)'> (0x00000000ea46f468) 
thrown [./open/src/hotspot/share/interpreter/linkResolver.cpp, line 782]
Event: 2.408 Thread 0x00000153f3c8a4b0 Implicit null exception at 0x00000153e63d9e13 to 0x00000153e63da23c
Event: 2.510 Thread 0x00000153f3c8a4b0 Exception <a 'java/lang/NoSuchMethodError'{0x00000000e9814470}: 'java.lang.Object java.lang.invoke.DirectMethodHandle$Holder.newInvokeSpecial(java.lang.Object, java.lang.Object, java.lang.Object, java.lang.Object, java.lang.Object, java.lang.Object, java.lang.Object, java.lang.Object)'> (0x00000000e9814470) 
thrown [./open/src/hotspot/share/interpreter/linkResolver.cpp, line 782]
Event: 2.510 Thread 0x00000153f3c8a4b0 Exception <a 'java/lang/NoSuchMethodError'{0x00000000e981a360}: 'java.lang.Object java.lang.invoke.Invokers$Holder.linkToTargetMethod(java.lang.Object, java.lang.Object, java.lang.Object, java.lang.Object, java.lang.Object, java.lang.Object, java.lang.Object, java.lang.Object)'> (0x00000000e981a360) 
thrown [./open/src/hotspot/share/interpreter/linkResolver.cpp, line 782]
Event: 2.512 Thread 0x00000153f3c8a4b0 Exception <a 'java/lang/NoSuchMethodError'{0x00000000e98503c0}: 'java.lang.Object java.lang.invoke.DirectMethodHandle$Holder.invokeVirtual(java.lang.Object, java.lang.Object, java.lang.Object)'> (0x00000000e98503c0) 
thrown [./open/src/hotspot/share/interpreter/linkResolver.cpp, line 782]
Event: 2.532 Thread 0x00000153f3c8a4b0 Exception <a 'java/lang/NoSuchMethodError'{0x00000000eff4e380}: 'java.lang.Object java.lang.invoke.DirectMethodHandle$Holder.newInvokeSpecial(java.lang.Object, java.lang.Object, java.lang.Object, java.lang.Object, java.lang.Object, java.lang.Object, java.lang.Object)'> (0x00000000eff4e380) 
thrown [./open/src/hotspot/share/interpreter/linkResolver.cpp, line 782]
Event: 2.532 Thread 0x00000153f3c8a4b0 Exception <a 'java/lang/NoSuchMethodError'{0x00000000eff53778}: 'java.lang.Object java.lang.invoke.Invokers$Holder.linkToTargetMethod(java.lang.Object, java.lang.Object, java.lang.Object, java.lang.Object, java.lang.Object, java.lang.Object, java.lang.Object)'> (0x00000000eff53778) 
thrown [./open/src/hotspot/share/interpreter/linkResolver.cpp, line 782]
Event: 2.537 Thread 0x00000153f3c8a4b0 Exception <a 'java/lang/IncompatibleClassChangeError'{0x00000000efe05320}: Found class java.lang.Object, but interface was expected> (0x00000000efe05320) 
thrown [./open/src/hotspot/share/interpreter/linkResolver.cpp, line 848]
Event: 2.571 Thread 0x00000153f3c8a4b0 Exception <a 'java/lang/NoSuchMethodError'{0x00000000efb0cfa0}: 'int java.lang.invoke.DirectMethodHandle$Holder.invokeVirtual(java.lang.Object, java.lang.Object)'> (0x00000000efb0cfa0) 
thrown [./open/src/hotspot/share/interpreter/linkResolver.cpp, line 782]
Event: 2.757 Thread 0x00000153f3c8a4b0 Exception <a 'java/lang/NoSuchMethodError'{0x00000000eef7df60}: 'void java.lang.invoke.DirectMethodHandle$Holder.invokeStaticInit(java.lang.Object, java.lang.Object, java.lang.Object)'> (0x00000000eef7df60) 
thrown [./open/src/hotspot/share/interpreter/linkResolver.cpp, line 782]
Event: 2.758 Thread 0x00000153f3c8a4b0 Exception <a 'java/lang/NoSuchMethodError'{0x00000000eef85f40}: 'void java.lang.invoke.DirectMethodHandle$Holder.invokeStaticInit(java.lang.Object, java.lang.Object, java.lang.Object, java.lang.Object)'> (0x00000000eef85f40) 
thrown [./open/src/hotspot/share/interpreter/linkResolver.cpp, line 782]
Event: 2.759 Thread 0x00000153f3c8a4b0 Exception <a 'java/lang/NoSuchMethodError'{0x00000000eefa9988}: 'void java.lang.invoke.DirectMethodHandle$Holder.invokeStaticInit(java.lang.Object, java.lang.Object, java.lang.Object, java.lang.Object, java.lang.Object)'> (0x00000000eefa9988) 
thrown [./open/src/hotspot/share/interpreter/linkResolver.cpp, line 782]
Event: 2.770 Thread 0x00000153f3c8a4b0 Exception <a 'java/lang/NoSuchMethodError'{0x00000000eee0a158}: 'int java.lang.invoke.DirectMethodHandle$Holder.invokeStaticInit(java.lang.Object, java.lang.Object, java.lang.Object, java.lang.Object)'> (0x00000000eee0a158) 
thrown [./open/src/hotspot/share/interpreter/linkResolver.cpp, line 782]
Event: 2.773 Thread 0x00000153f3c8a4b0 Implicit null exception at 0x00000153defa88f6 to 0x0000000000000000

Events (20 events):
Event: 2.729 Executing VM operation: HandshakeAllThreads
Event: 2.729 Executing VM operation: HandshakeAllThreads done
Event: 2.734 loading class java/lang/invoke/MethodHandleImpl$BindCaller
Event: 2.735 loading class java/lang/invoke/MethodHandleImpl$BindCaller done
Event: 2.735 loading class java/lang/invoke/MethodHandleImpl$BindCaller$1
Event: 2.735 loading class java/lang/invoke/MethodHandleImpl$BindCaller$1 done
Event: 2.748 loading class java/lang/reflect/MalformedParameterizedTypeException
Event: 2.748 loading class java/lang/reflect/MalformedParameterizedTypeException done
Event: 2.750 loading class java/lang/IllegalCallerException
Event: 2.750 loading class java/lang/IllegalCallerException done
Event: 2.760 loading class java/util/stream/MatchOps$MatchKind
Event: 2.760 loading class java/util/stream/MatchOps$MatchKind done
Event: 2.760 loading class java/util/stream/MatchOps
Event: 2.761 loading class java/util/stream/MatchOps done
Event: 2.761 loading class java/util/stream/MatchOps$MatchOp
Event: 2.761 loading class java/util/stream/MatchOps$MatchOp done
Event: 2.761 loading class java/util/stream/MatchOps$BooleanTerminalSink
Event: 2.761 loading class java/util/stream/MatchOps$BooleanTerminalSink done
Event: 2.762 loading class java/util/stream/MatchOps$1MatchSink
Event: 2.763 loading class java/util/stream/MatchOps$1MatchSink done


Dynamic libraries:
0x00007ff7b8370000 - 0x00007ff7b837d000 	C:\Program Files\Java\jdk-15.0.2\bin\java.exe
0x00007fff75e70000 - 0x00007fff76066000 	C:\Windows\SYSTEM32\ntdll.dll
0x00007fff74430000 - 0x00007fff744ed000 	C:\Windows\System32\KERNEL32.DLL
0x00007fff73960000 - 0x00007fff73c29000 	C:\Windows\System32\KERNELBASE.dll
0x00007fff73630000 - 0x00007fff73730000 	C:\Windows\System32\ucrtbase.dll
0x00007fff415b0000 - 0x00007fff415c8000 	C:\Program Files\Java\jdk-15.0.2\bin\jli.dll
0x00007fff74880000 - 0x00007fff74a20000 	C:\Windows\System32\USER32.dll
0x00007fff400f0000 - 0x00007fff40109000 	C:\Program Files\Java\jdk-15.0.2\bin\VCRUNTIME140.dll
0x00007fff621d0000 - 0x00007fff6246b000 	C:\Windows\WinSxS\amd64_microsoft.windows.common-controls_6595b64144ccf1df_6.0.19041.746_none_ca02b4b61b8320a4\COMCTL32.dll
0x00007fff73930000 - 0x00007fff73952000 	C:\Windows\System32\win32u.dll
0x00007fff75d90000 - 0x00007fff75e2e000 	C:\Windows\System32\msvcrt.dll
0x00007fff74dd0000 - 0x00007fff74dfa000 	C:\Windows\System32\GDI32.dll
0x00007fff73c30000 - 0x00007fff73d3b000 	C:\Windows\System32\gdi32full.dll
0x00007fff73730000 - 0x00007fff737cd000 	C:\Windows\System32\msvcp_win.dll
0x00007fff75d50000 - 0x00007fff75d80000 	C:\Windows\System32\IMM32.DLL
0x00007fff415a0000 - 0x00007fff415ac000 	C:\Program Files\Java\jdk-15.0.2\bin\vcruntime140_1.dll
0x00007fff3f0a0000 - 0x00007fff3f131000 	C:\Program Files\Java\jdk-15.0.2\bin\msvcp140.dll
0x00007fff32c60000 - 0x00007fff337be000 	C:\Program Files\Java\jdk-15.0.2\bin\server\jvm.dll
0x00007fff747d0000 - 0x00007fff7487c000 	C:\Windows\System32\ADVAPI32.dll
0x00007fff744f0000 - 0x00007fff7458c000 	C:\Windows\System32\sechost.dll
0x00007fff757a0000 - 0x00007fff758cb000 	C:\Windows\System32\RPCRT4.dll
0x00007fff75d80000 - 0x00007fff75d88000 	C:\Windows\System32\PSAPI.DLL
0x00007fff70e50000 - 0x00007fff70e59000 	C:\Windows\SYSTEM32\WSOCK32.dll
0x00007fff667f0000 - 0x00007fff66817000 	C:\Windows\SYSTEM32\WINMM.dll
0x00007fff74a20000 - 0x00007fff74a8b000 	C:\Windows\System32\WS2_32.dll
0x00007fff6c020000 - 0x00007fff6c02a000 	C:\Windows\SYSTEM32\VERSION.dll
0x00007fff71520000 - 0x00007fff71532000 	C:\Windows\SYSTEM32\kernel.appcore.dll
0x00007fff400e0000 - 0x00007fff400ea000 	C:\Program Files\Java\jdk-15.0.2\bin\jimage.dll
0x00007fff55600000 - 0x00007fff557e4000 	C:\Windows\SYSTEM32\DBGHELP.DLL
0x00007fff555d0000 - 0x00007fff555fc000 	C:\Windows\SYSTEM32\dbgcore.DLL
0x00007fff73e50000 - 0x00007fff73ed0000 	C:\Windows\System32\bcryptPrimitives.dll
0x00007fff400b0000 - 0x00007fff400d5000 	C:\Program Files\Java\jdk-15.0.2\bin\java.dll
0x00007fff75050000 - 0x00007fff75792000 	C:\Windows\System32\SHELL32.dll
0x00007fff71db0000 - 0x00007fff72540000 	C:\Windows\SYSTEM32\windows.storage.dll
0x00007fff74000000 - 0x00007fff74356000 	C:\Windows\System32\combase.dll
0x00007fff73010000 - 0x00007fff7303c000 	C:\Windows\SYSTEM32\Wldp.dll
0x00007fff73f30000 - 0x00007fff73fde000 	C:\Windows\System32\SHCORE.dll
0x00007fff73ed0000 - 0x00007fff73f25000 	C:\Windows\System32\shlwapi.dll
0x00007fff734e0000 - 0x00007fff73506000 	C:\Windows\SYSTEM32\profapi.dll
0x00007fff3f080000 - 0x00007fff3f099000 	C:\Program Files\Java\jdk-15.0.2\bin\net.dll
0x00007fff6e140000 - 0x00007fff6e240000 	C:\Windows\SYSTEM32\WINHTTP.dll
0x00007fff72d20000 - 0x00007fff72d8a000 	C:\Windows\system32\mswsock.dll
0x00007fff39570000 - 0x00007fff39582000 	C:\Program Files\Java\jdk-15.0.2\bin\nio.dll
0x00007fff39550000 - 0x00007fff39568000 	C:\Program Files\Java\jdk-15.0.2\bin\zip.dll
0x00007fff400a0000 - 0x00007fff400b0000 	C:\Program Files\Java\jdk-15.0.2\bin\verify.dll
0x00007fff394a0000 - 0x00007fff394c7000 	C:\Users\evgeniy\.gradle\native\e1d6ef7f7dcc3fd88c89a11ec53ec762bb8ba0a96d01ffa2cd45eb1d1d8dd5c5\windows-amd64\native-platform.dll
0x00007fff32780000 - 0x00007fff328c4000 	C:\Users\evgeniy\.gradle\native\5664cfc778a61ccfe75a443a1ab52a65af34e5dc3c78e0209fed803814484fcb\windows-amd64\native-platform-file-events.dll
0x00007fff3f070000 - 0x00007fff3f079000 	C:\Program Files\Java\jdk-15.0.2\bin\management.dll
0x00007fff39490000 - 0x00007fff3949b000 	C:\Program Files\Java\jdk-15.0.2\bin\management_ext.dll
0x00007fff72f60000 - 0x00007fff72f78000 	C:\Windows\SYSTEM32\CRYPTSP.dll
0x000000006e8b0000 - 0x000000006e8ca000 	C:\Program Files\Common Files\Crypto Pro\AppCompat\cpadvai.dll
0x000000006e8d0000 - 0x000000006e8d6000 	C:\Program Files\Common Files\Crypto Pro\AppCompat\detoured.dll
0x00007fff72660000 - 0x00007fff72694000 	C:\Windows\system32\rsaenh.dll
0x00007fff735b0000 - 0x00007fff735d7000 	C:\Windows\System32\bcrypt.dll
0x00007fff734a0000 - 0x00007fff734ce000 	C:\Windows\SYSTEM32\USERENV.dll
0x00007fff72f80000 - 0x00007fff72f8c000 	C:\Windows\SYSTEM32\CRYPTBASE.dll
0x00007fff72a10000 - 0x00007fff72a4b000 	C:\Windows\SYSTEM32\IPHLPAPI.DLL
0x00007fff758d0000 - 0x00007fff758d8000 	C:\Windows\System32\NSI.dll
0x00007fff6d070000 - 0x00007fff6d087000 	C:\Windows\SYSTEM32\dhcpcsvc6.DLL
0x00007fff6c990000 - 0x00007fff6c9ad000 	C:\Windows\SYSTEM32\dhcpcsvc.DLL
0x00007fff72a50000 - 0x00007fff72b1b000 	C:\Windows\SYSTEM32\DNSAPI.dll

dbghelp: loaded successfully - version: 4.0.5 - missing functions: none
symbol engine: initialized successfully - sym options: 0x614 - pdb path: .;C:\Program Files\Java\jdk-15.0.2\bin;C:\Windows\SYSTEM32;C:\Windows\WinSxS\amd64_microsoft.windows.common-controls_6595b64144ccf1df_6.0.19041.746_none_ca02b4b61b8320a4;C:\Program Files\Java\jdk-15.0.2\bin\server;C:\Users\evgeniy\.gradle\native\e1d6ef7f7dcc3fd88c89a11ec53ec762bb8ba0a96d01ffa2cd45eb1d1d8dd5c5\windows-amd64;C:\Users\evgeniy\.gradle\native\5664cfc778a61ccfe75a443a1ab52a65af34e5dc3c78e0209fed803814484fcb\windows-amd64;C:\Program Files\Common Files\Crypto Pro\AppCompat

VM Arguments:
jvm_args: --add-opens=java.base/java.util=ALL-UNNAMED --add-opens=java.base/java.lang=ALL-UNNAMED --add-opens=java.base/java.lang.invoke=ALL-UNNAMED --add-opens=java.base/java.util=ALL-UNNAMED --add-opens=java.prefs/java.util.prefs=ALL-UNNAMED --add-opens=java.prefs/java.util.prefs=ALL-UNNAMED --add-opens=java.base/java.nio.charset=ALL-UNNAMED --add-opens=java.base/java.net=ALL-UNNAMED --add-opens=java.base/java.util.concurrent.atomic=ALL-UNNAMED -XX:MaxMetaspaceSize=256m -XX:+HeapDumpOnOutOfMemoryError -Xms256m -Xmx512m -Dfile.encoding=windows-1251 -Duser.country=RU -Duser.language=ru -Duser.variant 
java_command: org.gradle.launcher.daemon.bootstrap.GradleDaemon 7.2
java_class_path (initial): C:\Users\evgeniy\.gradle\wrapper\dists\gradle-7.2-all\260hg96vuh6ex27h9vo47iv4d\gradle-7.2\lib\gradle-launcher-7.2.jar
Launcher Type: SUN_STANDARD

[Global flags]
     intx CICompilerCount                          = 4                                         {product} {ergonomic}
   size_t CompressedClassSpaceSize                 = 260046848                                 {product} {ergonomic}
     uint ConcGCThreads                            = 3                                         {product} {ergonomic}
     uint G1ConcRefinementThreads                  = 10                                        {product} {ergonomic}
   size_t G1HeapRegionSize                         = 1048576                                   {product} {ergonomic}
    uintx GCDrainStackTargetSize                   = 64                                        {product} {ergonomic}
     bool HeapDumpOnOutOfMemoryError               = true                                   {manageable} {command line}
   size_t InitialHeapSize                          = 268435456                                 {product} {command line}
   size_t MarkStackSize                            = 4194304                                   {product} {ergonomic}
   size_t MaxHeapSize                              = 536870912                                 {product} {command line}
   size_t MaxMetaspaceSize                         = 268435456                                 {product} {command line}
   size_t MaxNewSize                               = 321912832                                 {product} {ergonomic}
   size_t MinHeapDeltaBytes                        = 1048576                                   {product} {ergonomic}
   size_t MinHeapSize                              = 268435456                                 {product} {command line}
    uintx NonNMethodCodeHeapSize                   = 5839372                                {pd product} {ergonomic}
    uintx NonProfiledCodeHeapSize                  = 122909434                              {pd product} {ergonomic}
    uintx ProfiledCodeHeapSize                     = 122909434                              {pd product} {ergonomic}
    uintx ReservedCodeCacheSize                    = 251658240                              {pd product} {ergonomic}
     bool SegmentedCodeCache                       = true                                      {product} {ergonomic}
   size_t SoftMaxHeapSize                          = 536870912                              {manageable} {ergonomic}
     bool UseCompressedClassPointers               = true                                 {lp64_product} {ergonomic}
     bool UseCompressedOops                        = true                                 {lp64_product} {ergonomic}
     bool UseG1GC                                  = true                                      {product} {ergonomic}
     bool UseLargePagesIndividualAllocation        = false                                  {pd product} {ergonomic}

Logging:
Log output configuration:
 #0: stdout all=warning uptime,level,tags
 #1: stderr all=off uptime,level,tags

Environment Variables:
JAVA_HOME=C:\Program Files\Java\jdk-15.0.2
CLASSPATH=C:\Users\evgeniy\WebstormProjects\untitled8\android\\gradle\wrapper\gradle-wrapper.jar
PATH=C:\Users\evgeniy\WebstormProjects\untitled8\android\node_modules\.bin;C:\Users\evgeniy\WebstormProjects\untitled8\node_modules\.bin;C:\Users\evgeniy\WebstormProjects\node_modules\.bin;C:\Users\evgeniy\node_modules\.bin;C:\Users\node_modules\.bin;C:\node_modules\.bin;C:\Program Files\nodejs;C:\Program Files\ImageMagick-7.0.11-Q16-HDRI;C:\Windows\system32;C:\Windows;C:\Windows\System32\Wbem;C:\Windows\System32\WindowsPowerShell\v1.0\;C:\Windows\System32\OpenSSH\;C:\Program Files (x86)\NVIDIA Corporation\PhysX\Common;C:\Program Files (x86)\Yarn\bin\;C:\Program Files\PuTTY\;C:\Program Files\nodejs\;C:\Users\evgeniy\AppData\Local\Microsoft\WindowsApps;C:\Users\evgeniy\AppData\Local\Yarn\bin;C:\Users\evgeniy\AppData\Roaming\npm;C:\Users\evgeniy\AppData\Local\Android\Sdk\platform-tools\;
USERNAME=evgeniy
OS=Windows_NT
PROCESSOR_IDENTIFIER=AMD64 Family 23 Model 8 Stepping 2, AuthenticAMD



---------------  S Y S T E M  ---------------

OS:
 Windows 10 , 64 bit Build 19041 (10.0.19041.804)
OS uptime: 0 days 0:03 hours

CPU: total 12 (initial active 12) (12 cores per cpu, 2 threads per core) family 23 model 8 stepping 2 microcode 0x0, cmov, cx8, fxsr, mmx, sse, sse2, sse3, ssse3, sse4.1, sse4.2, popcnt, vzeroupper, avx, avx2, aes, clmul, 3dnowpref, lzcnt, sse4a, ht, tsc, tscinvbit, tscinv, bmi1, bmi2, adx, sha, fma, clflush, clflushopt

Memory: 4k page, system-wide physical 16335M (8968M free)
TotalPageFile size 24271M (AvailPageFile size 10236M)
current process WorkingSet (physical memory assigned to process): 273M, peak: 273M
current process commit charge ("private bytes"): 460M, peak: 462M

vm_info: OpenJDK 64-Bit Server VM (15.0.2+7-27) for windows-amd64 JRE (15.0.2+7-27), built on Dec  7 2020 20:02:38 by "mach5one" with unknown MS VC++:1925

END.
