#
# A fatal error has been detected by the Java Runtime Environment:
#
#  EXCEPTION_ACCESS_VIOLATION (0xc0000005) at pc=0x0000000000000000, pid=11576, tid=11668
#
# JRE version: Java(TM) SE Runtime Environment (17.0+35) (build 17+35-LTS-2724)
# Java VM: Java HotSpot(TM) 64-Bit Server VM (17+35-LTS-2724, mixed mode, sharing, tiered, compressed oops, compressed class ptrs, g1 gc, windows-amd64)
# Problematic frame:
# C  0x0000000000000000
#
# No core dump will be written. Minidumps are not enabled by default on client versions of Windows
#
# If you would like to submit a bug report, please visit:
#   https://bugreport.java.com/bugreport/crash.jsp
#

---------------  S U M M A R Y ------------

Command Line: --add-opens=java.base/java.util=ALL-UNNAMED --add-opens=java.base/java.lang=ALL-UNNAMED --add-opens=java.base/java.lang.invoke=ALL-UNNAMED --add-opens=java.base/java.util=ALL-UNNAMED --add-opens=java.prefs/java.util.prefs=ALL-UNNAMED --add-opens=java.prefs/java.util.prefs=ALL-UNNAMED --add-opens=java.base/java.nio.charset=ALL-UNNAMED --add-opens=java.base/java.net=ALL-UNNAMED --add-opens=java.base/java.util.concurrent.atomic=ALL-UNNAMED -XX:MaxMetaspaceSize=256m -XX:+HeapDumpOnOutOfMemoryError -Xms256m -Xmx512m -Dfile.encoding=windows-1251 -Duser.country=RU -Duser.language=ru -Duser.variant org.gradle.launcher.daemon.bootstrap.GradleDaemon 7.1

Host: AMD Ryzen 5 2600 Six-Core Processor            , 12 cores, 15G,  Windows 10 , 64 bit Build 19041 (10.0.19041.804)
Time: Sat Sep 25 00:30:01 2021 RTZ 2 (s 10 , 64 bit Build 19041 (10.0.19041.804) elapsed time: 1.483941 seconds (0d 0h 0m 1s)

---------------  T H R E A D  ---------------

Current thread (0x0000020128f4c4c0):  JavaThread "C2 CompilerThread0" daemon [_thread_in_native, id=11668, stack(0x000000e5fab00000,0x000000e5fac00000)]


Current CompileTask:
C2:   1484 2032   !   4       java.lang.ClassLoader::loadClass (121 bytes)

Stack: [0x000000e5fab00000,0x000000e5fac00000],  sp=0x000000e5fabfb518,  free space=1005k
Native frames: (J=compiled Java code, j=interpreted, Vv=VM code, C=native code)


siginfo: EXCEPTION_ACCESS_VIOLATION (0xc0000005), data execution prevention violation at address 0x0000000000000000


Register to memory mapping:

RIP=0x0 is NULL
RAX=0x000002012b4ad6c0 points into unknown readable memory: 0x0000000400000002 | 02 00 00 00 04 00 00 00
RBX=0x0000000000000028 is an unknown value
RCX=0x000002012cb11080 points into unknown readable memory: 0x000002012b4ad6c0 | c0 d6 4a 2b 01 02 00 00
RDX=0x0000000000000001 is an unknown value
RSP=0x000000e5fabfb518 is pointing into the stack for thread: 0x0000020128f4c4c0
RBP=0x000000e5fabfb620 is pointing into the stack for thread: 0x0000020128f4c4c0
RSI=0x000002012b1f5350 points into unknown readable memory: 0x00007fff9ee95800 | 00 58 e9 9e ff 7f 00 00
RDI=0x000002012cb11080 points into unknown readable memory: 0x000002012b4ad6c0 | c0 d6 4a 2b 01 02 00 00
R8 =0x0000000000000116 is an unknown value
R9 =0x0000000000003075 is an unknown value
R10=0x0000000000000003 is an unknown value
R11=0x0000000000000003 is an unknown value
R12=0x0000000000214a40 is an unknown value
R13=0x0 is NULL
R14=0x0000000000000001 is an unknown value
R15=0x000000e5fabfbd00 is pointing into the stack for thread: 0x0000020128f4c4c0


Registers:
RAX=0x000002012b4ad6c0, RBX=0x0000000000000028, RCX=0x000002012cb11080, RDX=0x0000000000000001
RSP=0x000000e5fabfb518, RBP=0x000000e5fabfb620, RSI=0x000002012b1f5350, RDI=0x000002012cb11080
R8 =0x0000000000000116, R9 =0x0000000000003075, R10=0x0000000000000003, R11=0x0000000000000003
R12=0x0000000000214a40, R13=0x0000000000000000, R14=0x0000000000000001, R15=0x000000e5fabfbd00
RIP=0x0000000000000000, EFLAGS=0x0000000000010287

Top of Stack: (sp=0x000000e5fabfb518)
0x000000e5fabfb518:   00007fff9ec9ad34 000002012d358d08
0x000000e5fabfb528:   000000e5fabfb620 00007fff9f05e000
0x000000e5fabfb538:   000002012b3258c0 000002010000308e
0x000000e5fabfb548:   0000020100000001 0000020100003089
0x000000e5fabfb558:   000000e5fabfb601 0000000000000001
0x000000e5fabfb568:   000000e5fabfb7d0 0000000000000000
0x000000e5fabfb578:   0000000000000001 0000000000000005
0x000000e5fabfb588:   000002012b1f5350 0000000500000003
0x000000e5fabfb598:   000000000000306c 00007fff9f0ce2e0
0x000000e5fabfb5a8:   0000000000000000 0000000000000000
0x000000e5fabfb5b8:   000002012fc11420 0000011600000000
0x000000e5fabfb5c8:   000002012fc11440 000002012fc47160
0x000000e5fabfb5d8:   0000000000214a40 000002012fc404c0
0x000000e5fabfb5e8:   000002012fc43b10 000002012f9e2120
0x000000e5fabfb5f8:   0000020130998050 0000000000000000
0x000000e5fabfb608:   000002012fa85c80 0000000000000004 

Instructions: (pc=0x0000000000000000)
0xffffffffffffff00:   


Stack slot to memory mapping:
stack at sp + 0 slots: 0x00007fff9ec9ad34 jvm.dll
stack at sp + 1 slots: 0x000002012d358d08 points into unknown readable memory: 0x00007fff9eea9fb8 | b8 9f ea 9e ff 7f 00 00
stack at sp + 2 slots: 0x000000e5fabfb620 is pointing into the stack for thread: 0x0000020128f4c4c0
stack at sp + 3 slots: 0x00007fff9f05e000 jvm.dll
stack at sp + 4 slots: 0x000002012b3258c0 points into unknown readable memory: 0x000300030ffffcff | ff fc ff 0f 03 00 03 00
stack at sp + 5 slots: 0x000002010000308e is an unknown value
stack at sp + 6 slots: 0x0000020100000001 is an unknown value
stack at sp + 7 slots: 0x0000020100003089 is an unknown value


---------------  P R O C E S S  ---------------

Threads class SMR info:
_java_thread_list=0x000002012f056720, length=29, elements={
0x000002010c35fa40, 0x0000020128f29730, 0x0000020128f2c4c0, 0x0000020128f43160,
0x0000020128f45190, 0x0000020128f47a60, 0x0000020128f48320, 0x0000020128f4c4c0,
0x0000020128f74e90, 0x0000020128f767a0, 0x0000020129a0ef40, 0x0000020129a0fc40,
0x0000020129a74660, 0x0000020129f10a90, 0x000002012be075e0, 0x000002012a942090,
0x000002012aa3df80, 0x000002012cb820f0, 0x000002012abd4960, 0x000002012b8bac00,
0x000002012a891de0, 0x000002012a8922b0, 0x000002012a892780, 0x000002012a8905d0,
0x000002012a88f760, 0x000002012a891440, 0x000002012a88f290, 0x000002012a890aa0,
0x000002012a890f70
}

Java Threads: ( => current thread )
  0x000002010c35fa40 JavaThread "main" [_thread_blocked, id=9968, stack(0x000000e5f9e00000,0x000000e5f9f00000)]
  0x0000020128f29730 JavaThread "Reference Handler" daemon [_thread_blocked, id=2144, stack(0x000000e5fa500000,0x000000e5fa600000)]
  0x0000020128f2c4c0 JavaThread "Finalizer" daemon [_thread_blocked, id=12252, stack(0x000000e5fa600000,0x000000e5fa700000)]
  0x0000020128f43160 JavaThread "Signal Dispatcher" daemon [_thread_blocked, id=6632, stack(0x000000e5fa700000,0x000000e5fa800000)]
  0x0000020128f45190 JavaThread "Attach Listener" daemon [_thread_blocked, id=9672, stack(0x000000e5fa800000,0x000000e5fa900000)]
  0x0000020128f47a60 JavaThread "Service Thread" daemon [_thread_blocked, id=8508, stack(0x000000e5fa900000,0x000000e5faa00000)]
  0x0000020128f48320 JavaThread "Monitor Deflation Thread" daemon [_thread_blocked, id=5712, stack(0x000000e5faa00000,0x000000e5fab00000)]
=>0x0000020128f4c4c0 JavaThread "C2 CompilerThread0" daemon [_thread_in_native, id=11668, stack(0x000000e5fab00000,0x000000e5fac00000)]
  0x0000020128f74e90 JavaThread "C1 CompilerThread0" daemon [_thread_blocked, id=11716, stack(0x000000e5fac00000,0x000000e5fad00000)]
  0x0000020128f767a0 JavaThread "Sweeper thread" daemon [_thread_blocked, id=7160, stack(0x000000e5fad00000,0x000000e5fae00000)]
  0x0000020129a0ef40 JavaThread "Common-Cleaner" daemon [_thread_blocked, id=10940, stack(0x000000e5fae00000,0x000000e5faf00000)]
  0x0000020129a0fc40 JavaThread "Notification Thread" daemon [_thread_blocked, id=6116, stack(0x000000e5faf00000,0x000000e5fb000000)]
  0x0000020129a74660 JavaThread "C2 CompilerThread1" daemon [_thread_in_native, id=1312, stack(0x000000e5fb100000,0x000000e5fb200000)]
  0x0000020129f10a90 JavaThread "C2 CompilerThread2" daemon [_thread_in_native, id=11968, stack(0x000000e5fb200000,0x000000e5fb300000)]
  0x000002012be075e0 JavaThread "Daemon health stats" [_thread_blocked, id=11380, stack(0x000000e5fb800000,0x000000e5fb900000)]
  0x000002012a942090 JavaThread "Incoming local TCP Connector on port 49236" [_thread_in_native, id=8380, stack(0x000000e5fb900000,0x000000e5fba00000)]
  0x000002012aa3df80 JavaThread "Daemon periodic checks" [_thread_blocked, id=11680, stack(0x000000e5fba00000,0x000000e5fbb00000)]
  0x000002012cb820f0 JavaThread "Daemon" [_thread_blocked, id=11496, stack(0x000000e5fbb00000,0x000000e5fbc00000)]
  0x000002012abd4960 JavaThread "Handler for socket connection from /127.0.0.1:49236 to /127.0.0.1:49237" [_thread_in_native, id=9908, stack(0x000000e5fbc00000,0x000000e5fbd00000)]
  0x000002012b8bac00 JavaThread "Cancel handler" [_thread_blocked, id=2708, stack(0x000000e5fbd00000,0x000000e5fbe00000)]
  0x000002012a891de0 JavaThread "Daemon worker" [_thread_in_vm, id=10484, stack(0x000000e5fbe00000,0x000000e5fbf00000)]
  0x000002012a8922b0 JavaThread "Asynchronous log dispatcher for DefaultDaemonConnection: socket connection from /127.0.0.1:49236 to /127.0.0.1:49237" [_thread_blocked, id=11728, stack(0x000000e5fbf00000,0x000000e5fc000000)]
  0x000002012a892780 JavaThread "Stdin handler" [_thread_blocked, id=8392, stack(0x000000e5fc000000,0x000000e5fc100000)]
  0x000002012a8905d0 JavaThread "Daemon client event forwarder" [_thread_blocked, id=11460, stack(0x000000e5fc100000,0x000000e5fc200000)]
  0x000002012a88f760 JavaThread "Cache worker for journal cache (C:\Users\evgeniy\.gradle\caches\journal-1)" [_thread_blocked, id=3044, stack(0x000000e5fc200000,0x000000e5fc300000)]
  0x000002012a891440 JavaThread "File lock request listener" [_thread_in_native, id=10064, stack(0x000000e5fc300000,0x000000e5fc400000)]
  0x000002012a88f290 JavaThread "Cache worker for file hash cache (C:\Users\evgeniy\.gradle\caches\7.1\fileHashes)" [_thread_blocked, id=11916, stack(0x000000e5fc400000,0x000000e5fc500000)]
  0x000002012a890aa0 JavaThread "Cache worker for file hash cache (C:\Users\evgeniy\WebstormProjects\untitled8\android\.gradle\7.1\fileHashes)" [_thread_blocked, id=6548, stack(0x000000e5fc500000,0x000000e5fc600000)]
  0x000002012a890f70 JavaThread "File watcher server" daemon [_thread_in_native, id=12280, stack(0x000000e5fc600000,0x000000e5fc700000)]

Other Threads:
  0x0000020128f25c30 VMThread "VM Thread" [stack: 0x000000e5fa400000,0x000000e5fa500000] [id=12076]
  0x000002010c397b50 WatcherThread [stack: 0x000000e5fb000000,0x000000e5fb100000] [id=8584]
  0x000002010c387ea0 GCTaskThread "GC Thread#0" [stack: 0x000000e5f9f00000,0x000000e5fa000000] [id=1932]
  0x000002012a5284a0 GCTaskThread "GC Thread#1" [stack: 0x000000e5fb300000,0x000000e5fb400000] [id=4608]
  0x000002012a8c03f0 GCTaskThread "GC Thread#2" [stack: 0x000000e5fb400000,0x000000e5fb500000] [id=11432]
  0x000002012a525720 GCTaskThread "GC Thread#3" [stack: 0x000000e5fb500000,0x000000e5fb600000] [id=11760]
  0x000002012a5259d0 GCTaskThread "GC Thread#4" [stack: 0x000000e5fb600000,0x000000e5fb700000] [id=4172]
  0x000002012a81ef30 GCTaskThread "GC Thread#5" [stack: 0x000000e5fb700000,0x000000e5fb800000] [id=5460]
  0x000002010c38ccf0 ConcurrentGCThread "G1 Main Marker" [stack: 0x000000e5fa000000,0x000000e5fa100000] [id=5992]
  0x000002010c38d610 ConcurrentGCThread "G1 Conc#0" [stack: 0x000000e5fa100000,0x000000e5fa200000] [id=12032]
  0x000002010c43dec0 ConcurrentGCThread "G1 Refine#0" [stack: 0x000000e5fa200000,0x000000e5fa300000] [id=11804]
  0x000002010c43e7f0 ConcurrentGCThread "G1 Service" [stack: 0x000000e5fa300000,0x000000e5fa400000] [id=8020]

Threads with active compile tasks:
C2 CompilerThread0     1511 2032   !   4       java.lang.ClassLoader::loadClass (121 bytes)
C1 CompilerThread0     1511 2284       3       java.lang.invoke.MemberName::<init> (139 bytes)
C2 CompilerThread1     1511 2082       4       jdk.internal.org.objectweb.asm.Frame::execute (2305 bytes)
C2 CompilerThread2     1511 2129   !   4       java.net.URLClassLoader::findClass (47 bytes)

VM state: not at safepoint (normal execution)

VM Mutex/Monitor currently owned by a thread: None

Heap address: 0x00000000e0000000, size: 512 MB, Compressed Oops mode: 32-bit

CDS archive(s) mapped at: [0x0000000800000000-0x0000000800bc0000-0x0000000800bc0000), size 12320768, SharedBaseAddress: 0x0000000800000000, ArchiveRelocationMode: 0.
Compressed class space mapped at: 0x0000000800c00000-0x000000080dc00000, reserved size: 218103808
Narrow klass base: 0x0000000800000000, Narrow klass shift: 0, Narrow klass range: 0x100000000

GC Precious Log:
 CPUs: 12 total, 12 available
 Memory: 16335M
 Large Page Support: Disabled
 NUMA Support: Disabled
 Compressed Oops: Enabled (32-bit)
 Heap Region Size: 1M
 Heap Min Capacity: 256M
 Heap Initial Capacity: 256M
 Heap Max Capacity: 512M
 Pre-touch: Disabled
 Parallel Workers: 10
 Concurrent Workers: 3
 Concurrent Refinement Workers: 10
 Periodic GC: Disabled

Heap:
 garbage-first heap   total 262144K, used 85290K [0x00000000e0000000, 0x0000000100000000)
  region size 1024K, 76 young (77824K), 3 survivors (3072K)
 Metaspace       used 16836K, committed 17152K, reserved 229376K
  class space    used 2480K, committed 2624K, reserved 212992K

Heap Regions: E=young(eden), S=young(survivor), O=old, HS=humongous(starts), HC=humongous(continues), CS=collection set, F=free, OA=open archive, CA=closed archive, TAMS=top-at-mark-start (previous, next)
|   0|0x00000000e0000000, 0x00000000e0000000, 0x00000000e0100000|  0%| F|  |TAMS 0x00000000e0000000, 0x00000000e0000000| Untracked 
|   1|0x00000000e0100000, 0x00000000e0200000, 0x00000000e0200000|100%| O|  |TAMS 0x00000000e0100000, 0x00000000e0100000| Untracked 
|   2|0x00000000e0200000, 0x00000000e0300000, 0x00000000e0300000|100%| O|  |TAMS 0x00000000e0200000, 0x00000000e0200000| Untracked 
|   3|0x00000000e0300000, 0x00000000e0400000, 0x00000000e0400000|100%|HS|  |TAMS 0x00000000e0300000, 0x00000000e0300000| Complete 
|   4|0x00000000e0400000, 0x00000000e0500000, 0x00000000e0500000|100%|HC|  |TAMS 0x00000000e0400000, 0x00000000e0400000| Complete 
|   5|0x00000000e0500000, 0x00000000e0600000, 0x00000000e0600000|100%|HC|  |TAMS 0x00000000e0500000, 0x00000000e0500000| Complete 
|   6|0x00000000e0600000, 0x00000000e0700000, 0x00000000e0700000|100%| O|  |TAMS 0x00000000e0600000, 0x00000000e0600000| Untracked 
|   7|0x00000000e0700000, 0x00000000e0800000, 0x00000000e0800000|100%| O|  |TAMS 0x00000000e0700000, 0x00000000e0700000| Untracked 
|   8|0x00000000e0800000, 0x00000000e0900000, 0x00000000e0900000|100%| O|  |TAMS 0x00000000e0800000, 0x00000000e0800000| Untracked 
|   9|0x00000000e0900000, 0x00000000e0a00000, 0x00000000e0a00000|100%| O|  |TAMS 0x00000000e0900000, 0x00000000e0900000| Untracked 
|  10|0x00000000e0a00000, 0x00000000e0a00000, 0x00000000e0b00000|  0%| F|  |TAMS 0x00000000e0a00000, 0x00000000e0a00000| Untracked 
|  11|0x00000000e0b00000, 0x00000000e0b00000, 0x00000000e0c00000|  0%| F|  |TAMS 0x00000000e0b00000, 0x00000000e0b00000| Untracked 
|  12|0x00000000e0c00000, 0x00000000e0c00000, 0x00000000e0d00000|  0%| F|  |TAMS 0x00000000e0c00000, 0x00000000e0c00000| Untracked 
|  13|0x00000000e0d00000, 0x00000000e0d00000, 0x00000000e0e00000|  0%| F|  |TAMS 0x00000000e0d00000, 0x00000000e0d00000| Untracked 
|  14|0x00000000e0e00000, 0x00000000e0e00000, 0x00000000e0f00000|  0%| F|  |TAMS 0x00000000e0e00000, 0x00000000e0e00000| Untracked 
|  15|0x00000000e0f00000, 0x00000000e0f00000, 0x00000000e1000000|  0%| F|  |TAMS 0x00000000e0f00000, 0x00000000e0f00000| Untracked 
|  16|0x00000000e1000000, 0x00000000e1000000, 0x00000000e1100000|  0%| F|  |TAMS 0x00000000e1000000, 0x00000000e1000000| Untracked 
|  17|0x00000000e1100000, 0x00000000e1100000, 0x00000000e1200000|  0%| F|  |TAMS 0x00000000e1100000, 0x00000000e1100000| Untracked 
|  18|0x00000000e1200000, 0x00000000e1200000, 0x00000000e1300000|  0%| F|  |TAMS 0x00000000e1200000, 0x00000000e1200000| Untracked 
|  19|0x00000000e1300000, 0x00000000e1300000, 0x00000000e1400000|  0%| F|  |TAMS 0x00000000e1300000, 0x00000000e1300000| Untracked 
|  20|0x00000000e1400000, 0x00000000e1400000, 0x00000000e1500000|  0%| F|  |TAMS 0x00000000e1400000, 0x00000000e1400000| Untracked 
|  21|0x00000000e1500000, 0x00000000e1500000, 0x00000000e1600000|  0%| F|  |TAMS 0x00000000e1500000, 0x00000000e1500000| Untracked 
|  22|0x00000000e1600000, 0x00000000e1600000, 0x00000000e1700000|  0%| F|  |TAMS 0x00000000e1600000, 0x00000000e1600000| Untracked 
|  23|0x00000000e1700000, 0x00000000e1700000, 0x00000000e1800000|  0%| F|  |TAMS 0x00000000e1700000, 0x00000000e1700000| Untracked 
|  24|0x00000000e1800000, 0x00000000e1800000, 0x00000000e1900000|  0%| F|  |TAMS 0x00000000e1800000, 0x00000000e1800000| Untracked 
|  25|0x00000000e1900000, 0x00000000e1900000, 0x00000000e1a00000|  0%| F|  |TAMS 0x00000000e1900000, 0x00000000e1900000| Untracked 
|  26|0x00000000e1a00000, 0x00000000e1a00000, 0x00000000e1b00000|  0%| F|  |TAMS 0x00000000e1a00000, 0x00000000e1a00000| Untracked 
|  27|0x00000000e1b00000, 0x00000000e1b00000, 0x00000000e1c00000|  0%| F|  |TAMS 0x00000000e1b00000, 0x00000000e1b00000| Untracked 
|  28|0x00000000e1c00000, 0x00000000e1c00000, 0x00000000e1d00000|  0%| F|  |TAMS 0x00000000e1c00000, 0x00000000e1c00000| Untracked 
|  29|0x00000000e1d00000, 0x00000000e1d00000, 0x00000000e1e00000|  0%| F|  |TAMS 0x00000000e1d00000, 0x00000000e1d00000| Untracked 
|  30|0x00000000e1e00000, 0x00000000e1e00000, 0x00000000e1f00000|  0%| F|  |TAMS 0x00000000e1e00000, 0x00000000e1e00000| Untracked 
|  31|0x00000000e1f00000, 0x00000000e1f00000, 0x00000000e2000000|  0%| F|  |TAMS 0x00000000e1f00000, 0x00000000e1f00000| Untracked 
|  32|0x00000000e2000000, 0x00000000e2000000, 0x00000000e2100000|  0%| F|  |TAMS 0x00000000e2000000, 0x00000000e2000000| Untracked 
|  33|0x00000000e2100000, 0x00000000e2100000, 0x00000000e2200000|  0%| F|  |TAMS 0x00000000e2100000, 0x00000000e2100000| Untracked 
|  34|0x00000000e2200000, 0x00000000e2200000, 0x00000000e2300000|  0%| F|  |TAMS 0x00000000e2200000, 0x00000000e2200000| Untracked 
|  35|0x00000000e2300000, 0x00000000e2300000, 0x00000000e2400000|  0%| F|  |TAMS 0x00000000e2300000, 0x00000000e2300000| Untracked 
|  36|0x00000000e2400000, 0x00000000e2400000, 0x00000000e2500000|  0%| F|  |TAMS 0x00000000e2400000, 0x00000000e2400000| Untracked 
|  37|0x00000000e2500000, 0x00000000e2500000, 0x00000000e2600000|  0%| F|  |TAMS 0x00000000e2500000, 0x00000000e2500000| Untracked 
|  38|0x00000000e2600000, 0x00000000e2600000, 0x00000000e2700000|  0%| F|  |TAMS 0x00000000e2600000, 0x00000000e2600000| Untracked 
|  39|0x00000000e2700000, 0x00000000e2700000, 0x00000000e2800000|  0%| F|  |TAMS 0x00000000e2700000, 0x00000000e2700000| Untracked 
|  40|0x00000000e2800000, 0x00000000e2800000, 0x00000000e2900000|  0%| F|  |TAMS 0x00000000e2800000, 0x00000000e2800000| Untracked 
|  41|0x00000000e2900000, 0x00000000e2900000, 0x00000000e2a00000|  0%| F|  |TAMS 0x00000000e2900000, 0x00000000e2900000| Untracked 
|  42|0x00000000e2a00000, 0x00000000e2a00000, 0x00000000e2b00000|  0%| F|  |TAMS 0x00000000e2a00000, 0x00000000e2a00000| Untracked 
|  43|0x00000000e2b00000, 0x00000000e2b00000, 0x00000000e2c00000|  0%| F|  |TAMS 0x00000000e2b00000, 0x00000000e2b00000| Untracked 
|  44|0x00000000e2c00000, 0x00000000e2c00000, 0x00000000e2d00000|  0%| F|  |TAMS 0x00000000e2c00000, 0x00000000e2c00000| Untracked 
|  45|0x00000000e2d00000, 0x00000000e2d00000, 0x00000000e2e00000|  0%| F|  |TAMS 0x00000000e2d00000, 0x00000000e2d00000| Untracked 
|  46|0x00000000e2e00000, 0x00000000e2e00000, 0x00000000e2f00000|  0%| F|  |TAMS 0x00000000e2e00000, 0x00000000e2e00000| Untracked 
|  47|0x00000000e2f00000, 0x00000000e2f00000, 0x00000000e3000000|  0%| F|  |TAMS 0x00000000e2f00000, 0x00000000e2f00000| Untracked 
|  48|0x00000000e3000000, 0x00000000e3000000, 0x00000000e3100000|  0%| F|  |TAMS 0x00000000e3000000, 0x00000000e3000000| Untracked 
|  49|0x00000000e3100000, 0x00000000e3100000, 0x00000000e3200000|  0%| F|  |TAMS 0x00000000e3100000, 0x00000000e3100000| Untracked 
|  50|0x00000000e3200000, 0x00000000e3200000, 0x00000000e3300000|  0%| F|  |TAMS 0x00000000e3200000, 0x00000000e3200000| Untracked 
|  51|0x00000000e3300000, 0x00000000e3300000, 0x00000000e3400000|  0%| F|  |TAMS 0x00000000e3300000, 0x00000000e3300000| Untracked 
|  52|0x00000000e3400000, 0x00000000e3400000, 0x00000000e3500000|  0%| F|  |TAMS 0x00000000e3400000, 0x00000000e3400000| Untracked 
|  53|0x00000000e3500000, 0x00000000e3500000, 0x00000000e3600000|  0%| F|  |TAMS 0x00000000e3500000, 0x00000000e3500000| Untracked 
|  54|0x00000000e3600000, 0x00000000e3600000, 0x00000000e3700000|  0%| F|  |TAMS 0x00000000e3600000, 0x00000000e3600000| Untracked 
|  55|0x00000000e3700000, 0x00000000e3700000, 0x00000000e3800000|  0%| F|  |TAMS 0x00000000e3700000, 0x00000000e3700000| Untracked 
|  56|0x00000000e3800000, 0x00000000e3800000, 0x00000000e3900000|  0%| F|  |TAMS 0x00000000e3800000, 0x00000000e3800000| Untracked 
|  57|0x00000000e3900000, 0x00000000e3900000, 0x00000000e3a00000|  0%| F|  |TAMS 0x00000000e3900000, 0x00000000e3900000| Untracked 
|  58|0x00000000e3a00000, 0x00000000e3a00000, 0x00000000e3b00000|  0%| F|  |TAMS 0x00000000e3a00000, 0x00000000e3a00000| Untracked 
|  59|0x00000000e3b00000, 0x00000000e3b00000, 0x00000000e3c00000|  0%| F|  |TAMS 0x00000000e3b00000, 0x00000000e3b00000| Untracked 
|  60|0x00000000e3c00000, 0x00000000e3c00000, 0x00000000e3d00000|  0%| F|  |TAMS 0x00000000e3c00000, 0x00000000e3c00000| Untracked 
|  61|0x00000000e3d00000, 0x00000000e3d00000, 0x00000000e3e00000|  0%| F|  |TAMS 0x00000000e3d00000, 0x00000000e3d00000| Untracked 
|  62|0x00000000e3e00000, 0x00000000e3e00000, 0x00000000e3f00000|  0%| F|  |TAMS 0x00000000e3e00000, 0x00000000e3e00000| Untracked 
|  63|0x00000000e3f00000, 0x00000000e3f00000, 0x00000000e4000000|  0%| F|  |TAMS 0x00000000e3f00000, 0x00000000e3f00000| Untracked 
|  64|0x00000000e4000000, 0x00000000e4000000, 0x00000000e4100000|  0%| F|  |TAMS 0x00000000e4000000, 0x00000000e4000000| Untracked 
|  65|0x00000000e4100000, 0x00000000e4100000, 0x00000000e4200000|  0%| F|  |TAMS 0x00000000e4100000, 0x00000000e4100000| Untracked 
|  66|0x00000000e4200000, 0x00000000e4200000, 0x00000000e4300000|  0%| F|  |TAMS 0x00000000e4200000, 0x00000000e4200000| Untracked 
|  67|0x00000000e4300000, 0x00000000e4300000, 0x00000000e4400000|  0%| F|  |TAMS 0x00000000e4300000, 0x00000000e4300000| Untracked 
|  68|0x00000000e4400000, 0x00000000e4400000, 0x00000000e4500000|  0%| F|  |TAMS 0x00000000e4400000, 0x00000000e4400000| Untracked 
|  69|0x00000000e4500000, 0x00000000e4500000, 0x00000000e4600000|  0%| F|  |TAMS 0x00000000e4500000, 0x00000000e4500000| Untracked 
|  70|0x00000000e4600000, 0x00000000e4600000, 0x00000000e4700000|  0%| F|  |TAMS 0x00000000e4600000, 0x00000000e4600000| Untracked 
|  71|0x00000000e4700000, 0x00000000e4700000, 0x00000000e4800000|  0%| F|  |TAMS 0x00000000e4700000, 0x00000000e4700000| Untracked 
|  72|0x00000000e4800000, 0x00000000e4800000, 0x00000000e4900000|  0%| F|  |TAMS 0x00000000e4800000, 0x00000000e4800000| Untracked 
|  73|0x00000000e4900000, 0x00000000e4900000, 0x00000000e4a00000|  0%| F|  |TAMS 0x00000000e4900000, 0x00000000e4900000| Untracked 
|  74|0x00000000e4a00000, 0x00000000e4a00000, 0x00000000e4b00000|  0%| F|  |TAMS 0x00000000e4a00000, 0x00000000e4a00000| Untracked 
|  75|0x00000000e4b00000, 0x00000000e4b00000, 0x00000000e4c00000|  0%| F|  |TAMS 0x00000000e4b00000, 0x00000000e4b00000| Untracked 
|  76|0x00000000e4c00000, 0x00000000e4c00000, 0x00000000e4d00000|  0%| F|  |TAMS 0x00000000e4c00000, 0x00000000e4c00000| Untracked 
|  77|0x00000000e4d00000, 0x00000000e4d00000, 0x00000000e4e00000|  0%| F|  |TAMS 0x00000000e4d00000, 0x00000000e4d00000| Untracked 
|  78|0x00000000e4e00000, 0x00000000e4e00000, 0x00000000e4f00000|  0%| F|  |TAMS 0x00000000e4e00000, 0x00000000e4e00000| Untracked 
|  79|0x00000000e4f00000, 0x00000000e4f00000, 0x00000000e5000000|  0%| F|  |TAMS 0x00000000e4f00000, 0x00000000e4f00000| Untracked 
|  80|0x00000000e5000000, 0x00000000e5000000, 0x00000000e5100000|  0%| F|  |TAMS 0x00000000e5000000, 0x00000000e5000000| Untracked 
|  81|0x00000000e5100000, 0x00000000e5100000, 0x00000000e5200000|  0%| F|  |TAMS 0x00000000e5100000, 0x00000000e5100000| Untracked 
|  82|0x00000000e5200000, 0x00000000e5200000, 0x00000000e5300000|  0%| F|  |TAMS 0x00000000e5200000, 0x00000000e5200000| Untracked 
|  83|0x00000000e5300000, 0x00000000e5300000, 0x00000000e5400000|  0%| F|  |TAMS 0x00000000e5300000, 0x00000000e5300000| Untracked 
|  84|0x00000000e5400000, 0x00000000e5400000, 0x00000000e5500000|  0%| F|  |TAMS 0x00000000e5400000, 0x00000000e5400000| Untracked 
|  85|0x00000000e5500000, 0x00000000e5500000, 0x00000000e5600000|  0%| F|  |TAMS 0x00000000e5500000, 0x00000000e5500000| Untracked 
|  86|0x00000000e5600000, 0x00000000e5600000, 0x00000000e5700000|  0%| F|  |TAMS 0x00000000e5600000, 0x00000000e5600000| Untracked 
|  87|0x00000000e5700000, 0x00000000e5700000, 0x00000000e5800000|  0%| F|  |TAMS 0x00000000e5700000, 0x00000000e5700000| Untracked 
|  88|0x00000000e5800000, 0x00000000e5800000, 0x00000000e5900000|  0%| F|  |TAMS 0x00000000e5800000, 0x00000000e5800000| Untracked 
|  89|0x00000000e5900000, 0x00000000e5900000, 0x00000000e5a00000|  0%| F|  |TAMS 0x00000000e5900000, 0x00000000e5900000| Untracked 
|  90|0x00000000e5a00000, 0x00000000e5a00000, 0x00000000e5b00000|  0%| F|  |TAMS 0x00000000e5a00000, 0x00000000e5a00000| Untracked 
|  91|0x00000000e5b00000, 0x00000000e5b00000, 0x00000000e5c00000|  0%| F|  |TAMS 0x00000000e5b00000, 0x00000000e5b00000| Untracked 
|  92|0x00000000e5c00000, 0x00000000e5c00000, 0x00000000e5d00000|  0%| F|  |TAMS 0x00000000e5c00000, 0x00000000e5c00000| Untracked 
|  93|0x00000000e5d00000, 0x00000000e5d00000, 0x00000000e5e00000|  0%| F|  |TAMS 0x00000000e5d00000, 0x00000000e5d00000| Untracked 
|  94|0x00000000e5e00000, 0x00000000e5e00000, 0x00000000e5f00000|  0%| F|  |TAMS 0x00000000e5e00000, 0x00000000e5e00000| Untracked 
|  95|0x00000000e5f00000, 0x00000000e5f00000, 0x00000000e6000000|  0%| F|  |TAMS 0x00000000e5f00000, 0x00000000e5f00000| Untracked 
|  96|0x00000000e6000000, 0x00000000e6000000, 0x00000000e6100000|  0%| F|  |TAMS 0x00000000e6000000, 0x00000000e6000000| Untracked 
|  97|0x00000000e6100000, 0x00000000e6100000, 0x00000000e6200000|  0%| F|  |TAMS 0x00000000e6100000, 0x00000000e6100000| Untracked 
|  98|0x00000000e6200000, 0x00000000e6200000, 0x00000000e6300000|  0%| F|  |TAMS 0x00000000e6200000, 0x00000000e6200000| Untracked 
|  99|0x00000000e6300000, 0x00000000e6300000, 0x00000000e6400000|  0%| F|  |TAMS 0x00000000e6300000, 0x00000000e6300000| Untracked 
| 100|0x00000000e6400000, 0x00000000e6400000, 0x00000000e6500000|  0%| F|  |TAMS 0x00000000e6400000, 0x00000000e6400000| Untracked 
| 101|0x00000000e6500000, 0x00000000e6500000, 0x00000000e6600000|  0%| F|  |TAMS 0x00000000e6500000, 0x00000000e6500000| Untracked 
| 102|0x00000000e6600000, 0x00000000e6600000, 0x00000000e6700000|  0%| F|  |TAMS 0x00000000e6600000, 0x00000000e6600000| Untracked 
| 103|0x00000000e6700000, 0x00000000e6700000, 0x00000000e6800000|  0%| F|  |TAMS 0x00000000e6700000, 0x00000000e6700000| Untracked 
| 104|0x00000000e6800000, 0x00000000e6800000, 0x00000000e6900000|  0%| F|  |TAMS 0x00000000e6800000, 0x00000000e6800000| Untracked 
| 105|0x00000000e6900000, 0x00000000e6900000, 0x00000000e6a00000|  0%| F|  |TAMS 0x00000000e6900000, 0x00000000e6900000| Untracked 
| 106|0x00000000e6a00000, 0x00000000e6a00000, 0x00000000e6b00000|  0%| F|  |TAMS 0x00000000e6a00000, 0x00000000e6a00000| Untracked 
| 107|0x00000000e6b00000, 0x00000000e6b00000, 0x00000000e6c00000|  0%| F|  |TAMS 0x00000000e6b00000, 0x00000000e6b00000| Untracked 
| 108|0x00000000e6c00000, 0x00000000e6c00000, 0x00000000e6d00000|  0%| F|  |TAMS 0x00000000e6c00000, 0x00000000e6c00000| Untracked 
| 109|0x00000000e6d00000, 0x00000000e6d00000, 0x00000000e6e00000|  0%| F|  |TAMS 0x00000000e6d00000, 0x00000000e6d00000| Untracked 
| 110|0x00000000e6e00000, 0x00000000e6e00000, 0x00000000e6f00000|  0%| F|  |TAMS 0x00000000e6e00000, 0x00000000e6e00000| Untracked 
| 111|0x00000000e6f00000, 0x00000000e6f00000, 0x00000000e7000000|  0%| F|  |TAMS 0x00000000e6f00000, 0x00000000e6f00000| Untracked 
| 112|0x00000000e7000000, 0x00000000e7000000, 0x00000000e7100000|  0%| F|  |TAMS 0x00000000e7000000, 0x00000000e7000000| Untracked 
| 113|0x00000000e7100000, 0x00000000e7100000, 0x00000000e7200000|  0%| F|  |TAMS 0x00000000e7100000, 0x00000000e7100000| Untracked 
| 114|0x00000000e7200000, 0x00000000e7200000, 0x00000000e7300000|  0%| F|  |TAMS 0x00000000e7200000, 0x00000000e7200000| Untracked 
| 115|0x00000000e7300000, 0x00000000e7300000, 0x00000000e7400000|  0%| F|  |TAMS 0x00000000e7300000, 0x00000000e7300000| Untracked 
| 116|0x00000000e7400000, 0x00000000e7400000, 0x00000000e7500000|  0%| F|  |TAMS 0x00000000e7400000, 0x00000000e7400000| Untracked 
| 117|0x00000000e7500000, 0x00000000e7500000, 0x00000000e7600000|  0%| F|  |TAMS 0x00000000e7500000, 0x00000000e7500000| Untracked 
| 118|0x00000000e7600000, 0x00000000e7600000, 0x00000000e7700000|  0%| F|  |TAMS 0x00000000e7600000, 0x00000000e7600000| Untracked 
| 119|0x00000000e7700000, 0x00000000e7700000, 0x00000000e7800000|  0%| F|  |TAMS 0x00000000e7700000, 0x00000000e7700000| Untracked 
| 120|0x00000000e7800000, 0x00000000e7800000, 0x00000000e7900000|  0%| F|  |TAMS 0x00000000e7800000, 0x00000000e7800000| Untracked 
| 121|0x00000000e7900000, 0x00000000e7900000, 0x00000000e7a00000|  0%| F|  |TAMS 0x00000000e7900000, 0x00000000e7900000| Untracked 
| 122|0x00000000e7a00000, 0x00000000e7a00000, 0x00000000e7b00000|  0%| F|  |TAMS 0x00000000e7a00000, 0x00000000e7a00000| Untracked 
| 123|0x00000000e7b00000, 0x00000000e7b00000, 0x00000000e7c00000|  0%| F|  |TAMS 0x00000000e7b00000, 0x00000000e7b00000| Untracked 
| 124|0x00000000e7c00000, 0x00000000e7c00000, 0x00000000e7d00000|  0%| F|  |TAMS 0x00000000e7c00000, 0x00000000e7c00000| Untracked 
| 125|0x00000000e7d00000, 0x00000000e7d00000, 0x00000000e7e00000|  0%| F|  |TAMS 0x00000000e7d00000, 0x00000000e7d00000| Untracked 
| 126|0x00000000e7e00000, 0x00000000e7e00000, 0x00000000e7f00000|  0%| F|  |TAMS 0x00000000e7e00000, 0x00000000e7e00000| Untracked 
| 127|0x00000000e7f00000, 0x00000000e7f00000, 0x00000000e8000000|  0%| F|  |TAMS 0x00000000e7f00000, 0x00000000e7f00000| Untracked 
| 128|0x00000000e8000000, 0x00000000e8000000, 0x00000000e8100000|  0%| F|  |TAMS 0x00000000e8000000, 0x00000000e8000000| Untracked 
| 129|0x00000000e8100000, 0x00000000e8100000, 0x00000000e8200000|  0%| F|  |TAMS 0x00000000e8100000, 0x00000000e8100000| Untracked 
| 130|0x00000000e8200000, 0x00000000e8200000, 0x00000000e8300000|  0%| F|  |TAMS 0x00000000e8200000, 0x00000000e8200000| Untracked 
| 131|0x00000000e8300000, 0x00000000e8300000, 0x00000000e8400000|  0%| F|  |TAMS 0x00000000e8300000, 0x00000000e8300000| Untracked 
| 132|0x00000000e8400000, 0x00000000e8400000, 0x00000000e8500000|  0%| F|  |TAMS 0x00000000e8400000, 0x00000000e8400000| Untracked 
| 133|0x00000000e8500000, 0x00000000e8500000, 0x00000000e8600000|  0%| F|  |TAMS 0x00000000e8500000, 0x00000000e8500000| Untracked 
| 134|0x00000000e8600000, 0x00000000e8600000, 0x00000000e8700000|  0%| F|  |TAMS 0x00000000e8600000, 0x00000000e8600000| Untracked 
| 135|0x00000000e8700000, 0x00000000e8700000, 0x00000000e8800000|  0%| F|  |TAMS 0x00000000e8700000, 0x00000000e8700000| Untracked 
| 136|0x00000000e8800000, 0x00000000e8800000, 0x00000000e8900000|  0%| F|  |TAMS 0x00000000e8800000, 0x00000000e8800000| Untracked 
| 137|0x00000000e8900000, 0x00000000e8900000, 0x00000000e8a00000|  0%| F|  |TAMS 0x00000000e8900000, 0x00000000e8900000| Untracked 
| 138|0x00000000e8a00000, 0x00000000e8a00000, 0x00000000e8b00000|  0%| F|  |TAMS 0x00000000e8a00000, 0x00000000e8a00000| Untracked 
| 139|0x00000000e8b00000, 0x00000000e8b00000, 0x00000000e8c00000|  0%| F|  |TAMS 0x00000000e8b00000, 0x00000000e8b00000| Untracked 
| 140|0x00000000e8c00000, 0x00000000e8c00000, 0x00000000e8d00000|  0%| F|  |TAMS 0x00000000e8c00000, 0x00000000e8c00000| Untracked 
| 141|0x00000000e8d00000, 0x00000000e8d00000, 0x00000000e8e00000|  0%| F|  |TAMS 0x00000000e8d00000, 0x00000000e8d00000| Untracked 
| 142|0x00000000e8e00000, 0x00000000e8e00000, 0x00000000e8f00000|  0%| F|  |TAMS 0x00000000e8e00000, 0x00000000e8e00000| Untracked 
| 143|0x00000000e8f00000, 0x00000000e8f00000, 0x00000000e9000000|  0%| F|  |TAMS 0x00000000e8f00000, 0x00000000e8f00000| Untracked 
| 144|0x00000000e9000000, 0x00000000e9000000, 0x00000000e9100000|  0%| F|  |TAMS 0x00000000e9000000, 0x00000000e9000000| Untracked 
| 145|0x00000000e9100000, 0x00000000e9100000, 0x00000000e9200000|  0%| F|  |TAMS 0x00000000e9100000, 0x00000000e9100000| Untracked 
| 146|0x00000000e9200000, 0x00000000e9200000, 0x00000000e9300000|  0%| F|  |TAMS 0x00000000e9200000, 0x00000000e9200000| Untracked 
| 147|0x00000000e9300000, 0x00000000e9300000, 0x00000000e9400000|  0%| F|  |TAMS 0x00000000e9300000, 0x00000000e9300000| Untracked 
| 148|0x00000000e9400000, 0x00000000e9400000, 0x00000000e9500000|  0%| F|  |TAMS 0x00000000e9400000, 0x00000000e9400000| Untracked 
| 149|0x00000000e9500000, 0x00000000e9500000, 0x00000000e9600000|  0%| F|  |TAMS 0x00000000e9500000, 0x00000000e9500000| Untracked 
| 150|0x00000000e9600000, 0x00000000e9600000, 0x00000000e9700000|  0%| F|  |TAMS 0x00000000e9600000, 0x00000000e9600000| Untracked 
| 151|0x00000000e9700000, 0x00000000e9700000, 0x00000000e9800000|  0%| F|  |TAMS 0x00000000e9700000, 0x00000000e9700000| Untracked 
| 152|0x00000000e9800000, 0x00000000e9800000, 0x00000000e9900000|  0%| F|  |TAMS 0x00000000e9800000, 0x00000000e9800000| Untracked 
| 153|0x00000000e9900000, 0x00000000e9900000, 0x00000000e9a00000|  0%| F|  |TAMS 0x00000000e9900000, 0x00000000e9900000| Untracked 
| 154|0x00000000e9a00000, 0x00000000e9a00000, 0x00000000e9b00000|  0%| F|  |TAMS 0x00000000e9a00000, 0x00000000e9a00000| Untracked 
| 155|0x00000000e9b00000, 0x00000000e9b00000, 0x00000000e9c00000|  0%| F|  |TAMS 0x00000000e9b00000, 0x00000000e9b00000| Untracked 
| 156|0x00000000e9c00000, 0x00000000e9c00000, 0x00000000e9d00000|  0%| F|  |TAMS 0x00000000e9c00000, 0x00000000e9c00000| Untracked 
| 157|0x00000000e9d00000, 0x00000000e9d00000, 0x00000000e9e00000|  0%| F|  |TAMS 0x00000000e9d00000, 0x00000000e9d00000| Untracked 
| 158|0x00000000e9e00000, 0x00000000e9e00000, 0x00000000e9f00000|  0%| F|  |TAMS 0x00000000e9e00000, 0x00000000e9e00000| Untracked 
| 159|0x00000000e9f00000, 0x00000000e9f00000, 0x00000000ea000000|  0%| F|  |TAMS 0x00000000e9f00000, 0x00000000e9f00000| Untracked 
| 160|0x00000000ea000000, 0x00000000ea000000, 0x00000000ea100000|  0%| F|  |TAMS 0x00000000ea000000, 0x00000000ea000000| Untracked 
| 161|0x00000000ea100000, 0x00000000ea100000, 0x00000000ea200000|  0%| F|  |TAMS 0x00000000ea100000, 0x00000000ea100000| Untracked 
| 162|0x00000000ea200000, 0x00000000ea200000, 0x00000000ea300000|  0%| F|  |TAMS 0x00000000ea200000, 0x00000000ea200000| Untracked 
| 163|0x00000000ea300000, 0x00000000ea300000, 0x00000000ea400000|  0%| F|  |TAMS 0x00000000ea300000, 0x00000000ea300000| Untracked 
| 164|0x00000000ea400000, 0x00000000ea400000, 0x00000000ea500000|  0%| F|  |TAMS 0x00000000ea400000, 0x00000000ea400000| Untracked 
| 165|0x00000000ea500000, 0x00000000ea500000, 0x00000000ea600000|  0%| F|  |TAMS 0x00000000ea500000, 0x00000000ea500000| Untracked 
| 166|0x00000000ea600000, 0x00000000ea600000, 0x00000000ea700000|  0%| F|  |TAMS 0x00000000ea600000, 0x00000000ea600000| Untracked 
| 167|0x00000000ea700000, 0x00000000ea700000, 0x00000000ea800000|  0%| F|  |TAMS 0x00000000ea700000, 0x00000000ea700000| Untracked 
| 168|0x00000000ea800000, 0x00000000ea800000, 0x00000000ea900000|  0%| F|  |TAMS 0x00000000ea800000, 0x00000000ea800000| Untracked 
| 169|0x00000000ea900000, 0x00000000ea900000, 0x00000000eaa00000|  0%| F|  |TAMS 0x00000000ea900000, 0x00000000ea900000| Untracked 
| 170|0x00000000eaa00000, 0x00000000eaa00000, 0x00000000eab00000|  0%| F|  |TAMS 0x00000000eaa00000, 0x00000000eaa00000| Untracked 
| 171|0x00000000eab00000, 0x00000000eab00000, 0x00000000eac00000|  0%| F|  |TAMS 0x00000000eab00000, 0x00000000eab00000| Untracked 
| 172|0x00000000eac00000, 0x00000000eac00000, 0x00000000ead00000|  0%| F|  |TAMS 0x00000000eac00000, 0x00000000eac00000| Untracked 
| 173|0x00000000ead00000, 0x00000000ead00000, 0x00000000eae00000|  0%| F|  |TAMS 0x00000000ead00000, 0x00000000ead00000| Untracked 
| 174|0x00000000eae00000, 0x00000000eae00000, 0x00000000eaf00000|  0%| F|  |TAMS 0x00000000eae00000, 0x00000000eae00000| Untracked 
| 175|0x00000000eaf00000, 0x00000000eaf00000, 0x00000000eb000000|  0%| F|  |TAMS 0x00000000eaf00000, 0x00000000eaf00000| Untracked 
| 176|0x00000000eb000000, 0x00000000eb000000, 0x00000000eb100000|  0%| F|  |TAMS 0x00000000eb000000, 0x00000000eb000000| Untracked 
| 177|0x00000000eb100000, 0x00000000eb100000, 0x00000000eb200000|  0%| F|  |TAMS 0x00000000eb100000, 0x00000000eb100000| Untracked 
| 178|0x00000000eb200000, 0x00000000eb200000, 0x00000000eb300000|  0%| F|  |TAMS 0x00000000eb200000, 0x00000000eb200000| Untracked 
| 179|0x00000000eb300000, 0x00000000eb300000, 0x00000000eb400000|  0%| F|  |TAMS 0x00000000eb300000, 0x00000000eb300000| Untracked 
| 180|0x00000000eb400000, 0x00000000eb500000, 0x00000000eb500000|100%| E|  |TAMS 0x00000000eb400000, 0x00000000eb400000| Complete 
| 181|0x00000000eb500000, 0x00000000eb600000, 0x00000000eb600000|100%| E|CS|TAMS 0x00000000eb500000, 0x00000000eb500000| Complete 
| 182|0x00000000eb600000, 0x00000000eb700000, 0x00000000eb700000|100%| E|CS|TAMS 0x00000000eb600000, 0x00000000eb600000| Complete 
| 183|0x00000000eb700000, 0x00000000eb800000, 0x00000000eb800000|100%| E|CS|TAMS 0x00000000eb700000, 0x00000000eb700000| Complete 
| 184|0x00000000eb800000, 0x00000000eb900000, 0x00000000eb900000|100%| E|CS|TAMS 0x00000000eb800000, 0x00000000eb800000| Complete 
| 185|0x00000000eb900000, 0x00000000eba00000, 0x00000000eba00000|100%| E|CS|TAMS 0x00000000eb900000, 0x00000000eb900000| Complete 
| 186|0x00000000eba00000, 0x00000000ebb00000, 0x00000000ebb00000|100%| E|CS|TAMS 0x00000000eba00000, 0x00000000eba00000| Complete 
| 187|0x00000000ebb00000, 0x00000000ebc00000, 0x00000000ebc00000|100%| E|CS|TAMS 0x00000000ebb00000, 0x00000000ebb00000| Complete 
| 188|0x00000000ebc00000, 0x00000000ebd00000, 0x00000000ebd00000|100%| E|CS|TAMS 0x00000000ebc00000, 0x00000000ebc00000| Complete 
| 189|0x00000000ebd00000, 0x00000000ebe00000, 0x00000000ebe00000|100%| E|CS|TAMS 0x00000000ebd00000, 0x00000000ebd00000| Complete 
| 190|0x00000000ebe00000, 0x00000000ebf00000, 0x00000000ebf00000|100%| E|CS|TAMS 0x00000000ebe00000, 0x00000000ebe00000| Complete 
| 191|0x00000000ebf00000, 0x00000000ec000000, 0x00000000ec000000|100%| E|CS|TAMS 0x00000000ebf00000, 0x00000000ebf00000| Complete 
| 192|0x00000000ec000000, 0x00000000ec100000, 0x00000000ec100000|100%| E|CS|TAMS 0x00000000ec000000, 0x00000000ec000000| Complete 
| 193|0x00000000ec100000, 0x00000000ec200000, 0x00000000ec200000|100%| E|CS|TAMS 0x00000000ec100000, 0x00000000ec100000| Complete 
| 194|0x00000000ec200000, 0x00000000ec300000, 0x00000000ec300000|100%| E|CS|TAMS 0x00000000ec200000, 0x00000000ec200000| Complete 
| 195|0x00000000ec300000, 0x00000000ec400000, 0x00000000ec400000|100%| E|CS|TAMS 0x00000000ec300000, 0x00000000ec300000| Complete 
| 196|0x00000000ec400000, 0x00000000ec500000, 0x00000000ec500000|100%| E|CS|TAMS 0x00000000ec400000, 0x00000000ec400000| Complete 
| 197|0x00000000ec500000, 0x00000000ec600000, 0x00000000ec600000|100%| E|CS|TAMS 0x00000000ec500000, 0x00000000ec500000| Complete 
| 198|0x00000000ec600000, 0x00000000ec700000, 0x00000000ec700000|100%| E|CS|TAMS 0x00000000ec600000, 0x00000000ec600000| Complete 
| 199|0x00000000ec700000, 0x00000000ec800000, 0x00000000ec800000|100%| E|CS|TAMS 0x00000000ec700000, 0x00000000ec700000| Complete 
| 200|0x00000000ec800000, 0x00000000ec900000, 0x00000000ec900000|100%| E|CS|TAMS 0x00000000ec800000, 0x00000000ec800000| Complete 
| 201|0x00000000ec900000, 0x00000000eca00000, 0x00000000eca00000|100%| E|CS|TAMS 0x00000000ec900000, 0x00000000ec900000| Complete 
| 202|0x00000000eca00000, 0x00000000ecb00000, 0x00000000ecb00000|100%| E|CS|TAMS 0x00000000eca00000, 0x00000000eca00000| Complete 
| 203|0x00000000ecb00000, 0x00000000ecc00000, 0x00000000ecc00000|100%| E|CS|TAMS 0x00000000ecb00000, 0x00000000ecb00000| Complete 
| 204|0x00000000ecc00000, 0x00000000ecd00000, 0x00000000ecd00000|100%| E|CS|TAMS 0x00000000ecc00000, 0x00000000ecc00000| Complete 
| 205|0x00000000ecd00000, 0x00000000ece00000, 0x00000000ece00000|100%| E|CS|TAMS 0x00000000ecd00000, 0x00000000ecd00000| Complete 
| 206|0x00000000ece00000, 0x00000000ecf00000, 0x00000000ecf00000|100%| E|CS|TAMS 0x00000000ece00000, 0x00000000ece00000| Complete 
| 207|0x00000000ecf00000, 0x00000000ed000000, 0x00000000ed000000|100%| E|CS|TAMS 0x00000000ecf00000, 0x00000000ecf00000| Complete 
| 208|0x00000000ed000000, 0x00000000ed100000, 0x00000000ed100000|100%| E|CS|TAMS 0x00000000ed000000, 0x00000000ed000000| Complete 
| 209|0x00000000ed100000, 0x00000000ed200000, 0x00000000ed200000|100%| E|CS|TAMS 0x00000000ed100000, 0x00000000ed100000| Complete 
| 210|0x00000000ed200000, 0x00000000ed300000, 0x00000000ed300000|100%| E|CS|TAMS 0x00000000ed200000, 0x00000000ed200000| Complete 
| 211|0x00000000ed300000, 0x00000000ed400000, 0x00000000ed400000|100%| E|CS|TAMS 0x00000000ed300000, 0x00000000ed300000| Complete 
| 212|0x00000000ed400000, 0x00000000ed500000, 0x00000000ed500000|100%| E|CS|TAMS 0x00000000ed400000, 0x00000000ed400000| Complete 
| 213|0x00000000ed500000, 0x00000000ed600000, 0x00000000ed600000|100%| E|CS|TAMS 0x00000000ed500000, 0x00000000ed500000| Complete 
| 214|0x00000000ed600000, 0x00000000ed700000, 0x00000000ed700000|100%| E|CS|TAMS 0x00000000ed600000, 0x00000000ed600000| Complete 
| 215|0x00000000ed700000, 0x00000000ed800000, 0x00000000ed800000|100%| E|CS|TAMS 0x00000000ed700000, 0x00000000ed700000| Complete 
| 216|0x00000000ed800000, 0x00000000ed900000, 0x00000000ed900000|100%| E|CS|TAMS 0x00000000ed800000, 0x00000000ed800000| Complete 
| 217|0x00000000ed900000, 0x00000000eda00000, 0x00000000eda00000|100%| E|CS|TAMS 0x00000000ed900000, 0x00000000ed900000| Complete 
| 218|0x00000000eda00000, 0x00000000edb00000, 0x00000000edb00000|100%| E|CS|TAMS 0x00000000eda00000, 0x00000000eda00000| Complete 
| 219|0x00000000edb00000, 0x00000000edc00000, 0x00000000edc00000|100%| E|CS|TAMS 0x00000000edb00000, 0x00000000edb00000| Complete 
| 220|0x00000000edc00000, 0x00000000edd00000, 0x00000000edd00000|100%| E|CS|TAMS 0x00000000edc00000, 0x00000000edc00000| Complete 
| 221|0x00000000edd00000, 0x00000000edd4aa20, 0x00000000ede00000| 29%| S|CS|TAMS 0x00000000edd00000, 0x00000000edd00000| Complete 
| 222|0x00000000ede00000, 0x00000000edf00000, 0x00000000edf00000|100%| S|CS|TAMS 0x00000000ede00000, 0x00000000ede00000| Complete 
| 223|0x00000000edf00000, 0x00000000ee000000, 0x00000000ee000000|100%| S|CS|TAMS 0x00000000edf00000, 0x00000000edf00000| Complete 
| 224|0x00000000ee000000, 0x00000000ee100000, 0x00000000ee100000|100%| E|CS|TAMS 0x00000000ee000000, 0x00000000ee000000| Complete 
| 225|0x00000000ee100000, 0x00000000ee200000, 0x00000000ee200000|100%| E|CS|TAMS 0x00000000ee100000, 0x00000000ee100000| Complete 
| 226|0x00000000ee200000, 0x00000000ee300000, 0x00000000ee300000|100%| E|CS|TAMS 0x00000000ee200000, 0x00000000ee200000| Complete 
| 227|0x00000000ee300000, 0x00000000ee400000, 0x00000000ee400000|100%| E|CS|TAMS 0x00000000ee300000, 0x00000000ee300000| Complete 
| 228|0x00000000ee400000, 0x00000000ee500000, 0x00000000ee500000|100%| E|CS|TAMS 0x00000000ee400000, 0x00000000ee400000| Complete 
| 229|0x00000000ee500000, 0x00000000ee600000, 0x00000000ee600000|100%| E|CS|TAMS 0x00000000ee500000, 0x00000000ee500000| Complete 
| 230|0x00000000ee600000, 0x00000000ee700000, 0x00000000ee700000|100%| E|CS|TAMS 0x00000000ee600000, 0x00000000ee600000| Complete 
| 231|0x00000000ee700000, 0x00000000ee800000, 0x00000000ee800000|100%| E|CS|TAMS 0x00000000ee700000, 0x00000000ee700000| Complete 
| 232|0x00000000ee800000, 0x00000000ee900000, 0x00000000ee900000|100%| E|CS|TAMS 0x00000000ee800000, 0x00000000ee800000| Complete 
| 233|0x00000000ee900000, 0x00000000eea00000, 0x00000000eea00000|100%| E|CS|TAMS 0x00000000ee900000, 0x00000000ee900000| Complete 
| 234|0x00000000eea00000, 0x00000000eeb00000, 0x00000000eeb00000|100%| E|CS|TAMS 0x00000000eea00000, 0x00000000eea00000| Complete 
| 235|0x00000000eeb00000, 0x00000000eec00000, 0x00000000eec00000|100%| E|CS|TAMS 0x00000000eeb00000, 0x00000000eeb00000| Complete 
| 236|0x00000000eec00000, 0x00000000eed00000, 0x00000000eed00000|100%| E|CS|TAMS 0x00000000eec00000, 0x00000000eec00000| Complete 
| 237|0x00000000eed00000, 0x00000000eee00000, 0x00000000eee00000|100%| E|CS|TAMS 0x00000000eed00000, 0x00000000eed00000| Complete 
| 238|0x00000000eee00000, 0x00000000eef00000, 0x00000000eef00000|100%| E|CS|TAMS 0x00000000eee00000, 0x00000000eee00000| Complete 
| 239|0x00000000eef00000, 0x00000000ef000000, 0x00000000ef000000|100%| E|CS|TAMS 0x00000000eef00000, 0x00000000eef00000| Complete 
| 240|0x00000000ef000000, 0x00000000ef100000, 0x00000000ef100000|100%| E|CS|TAMS 0x00000000ef000000, 0x00000000ef000000| Complete 
| 241|0x00000000ef100000, 0x00000000ef200000, 0x00000000ef200000|100%| E|CS|TAMS 0x00000000ef100000, 0x00000000ef100000| Complete 
| 242|0x00000000ef200000, 0x00000000ef300000, 0x00000000ef300000|100%| E|CS|TAMS 0x00000000ef200000, 0x00000000ef200000| Complete 
| 243|0x00000000ef300000, 0x00000000ef400000, 0x00000000ef400000|100%| E|CS|TAMS 0x00000000ef300000, 0x00000000ef300000| Complete 
| 244|0x00000000ef400000, 0x00000000ef500000, 0x00000000ef500000|100%| E|CS|TAMS 0x00000000ef400000, 0x00000000ef400000| Complete 
| 245|0x00000000ef500000, 0x00000000ef600000, 0x00000000ef600000|100%| E|CS|TAMS 0x00000000ef500000, 0x00000000ef500000| Complete 
| 246|0x00000000ef600000, 0x00000000ef700000, 0x00000000ef700000|100%| E|CS|TAMS 0x00000000ef600000, 0x00000000ef600000| Complete 
| 247|0x00000000ef700000, 0x00000000ef800000, 0x00000000ef800000|100%| E|CS|TAMS 0x00000000ef700000, 0x00000000ef700000| Complete 
| 248|0x00000000ef800000, 0x00000000ef900000, 0x00000000ef900000|100%| E|CS|TAMS 0x00000000ef800000, 0x00000000ef800000| Complete 
| 249|0x00000000ef900000, 0x00000000efa00000, 0x00000000efa00000|100%| E|CS|TAMS 0x00000000ef900000, 0x00000000ef900000| Complete 
| 250|0x00000000efa00000, 0x00000000efb00000, 0x00000000efb00000|100%| E|CS|TAMS 0x00000000efa00000, 0x00000000efa00000| Complete 
| 251|0x00000000efb00000, 0x00000000efc00000, 0x00000000efc00000|100%| E|CS|TAMS 0x00000000efb00000, 0x00000000efb00000| Complete 
| 252|0x00000000efc00000, 0x00000000efd00000, 0x00000000efd00000|100%| E|CS|TAMS 0x00000000efc00000, 0x00000000efc00000| Complete 
| 253|0x00000000efd00000, 0x00000000efe00000, 0x00000000efe00000|100%| E|CS|TAMS 0x00000000efd00000, 0x00000000efd00000| Complete 
| 254|0x00000000efe00000, 0x00000000eff00000, 0x00000000eff00000|100%| E|CS|TAMS 0x00000000efe00000, 0x00000000efe00000| Complete 
| 255|0x00000000eff00000, 0x00000000f0000000, 0x00000000f0000000|100%| E|CS|TAMS 0x00000000eff00000, 0x00000000eff00000| Complete 

Card table byte_map: [0x00000201250e0000,0x00000201251e0000] _byte_map_base: 0x00000201249e0000

Marking Bits (Prev, Next): (CMBitMap*) 0x000002010c3883c0, (CMBitMap*) 0x000002010c388400
 Prev Bits: [0x00000201252e0000, 0x0000020125ae0000)
 Next Bits: [0x0000020125ae0000, 0x00000201262e0000)

Polling page: 0x000002010c440000

Metaspace:

Usage:
  Non-class:     14.09 MB used.
      Class:      2.44 MB used.
       Both:     16.53 MB used.

Virtual space:
  Non-class space:       16.00 MB reserved,      14.25 MB ( 89%) committed,  2 nodes.
      Class space:      208.00 MB reserved,       2.56 MB (  1%) committed,  1 nodes.
             Both:      224.00 MB reserved,      16.81 MB (  8%) committed. 

Chunk freelists:
   Non-Class:  1.00 MB
       Class:  1.40 MB
        Both:  2.41 MB

MaxMetaspaceSize: 256.00 MB
CompressedClassSpaceSize: 208.00 MB
Initial GC threshold: 21.00 MB
Current GC threshold: 21.00 MB
CDS: on
MetaspaceReclaimPolicy: balanced
 - commit_granule_bytes: 65536.
 - commit_granule_words: 8192.
 - virtual_space_node_default_size: 1048576.
 - enlarge_chunks_in_place: 1.
 - new_chunks_are_fully_committed: 0.
 - uncommit_free_chunks: 1.
 - use_allocation_guard: 0.
 - handle_deallocations: 1.


Internal statistics:

num_allocs_failed_limit: 0.
num_arena_births: 204.
num_arena_deaths: 0.
num_vsnodes_births: 3.
num_vsnodes_deaths: 0.
num_space_committed: 269.
num_space_uncommitted: 0.
num_chunks_returned_to_freelist: 0.
num_chunks_taken_from_freelist: 777.
num_chunk_merges: 0.
num_chunk_splits: 510.
num_chunks_enlarged: 382.
num_purges: 0.
num_inconsistent_stats: 0.

CodeHeap 'non-profiled nmethods': size=120000Kb used=1182Kb max_used=1182Kb free=118817Kb
 bounds [0x000002011ce10000, 0x000002011d080000, 0x0000020124340000]
CodeHeap 'profiled nmethods': size=120000Kb used=4651Kb max_used=4651Kb free=115348Kb
 bounds [0x00000201158e0000, 0x0000020115d70000, 0x000002011ce10000]
CodeHeap 'non-nmethods': size=5760Kb used=1219Kb max_used=1262Kb free=4540Kb
 bounds [0x0000020115340000, 0x00000201155b0000, 0x00000201158e0000]
 total_blobs=2815 nmethods=2292 adapters=435
 compilation: enabled
              stopped_count=0, restarted_count=0
 full_count=0

Compilation events (20 events):
Event: 1.458 Thread 0x0000020128f74e90 2245       3       java.util.concurrent.locks.ReentrantLock$NonfairSync::<init> (5 bytes)
Event: 1.458 Thread 0x0000020128f74e90 nmethod 2245 0x0000020115d49690 code [0x0000020115d49840, 0x0000020115d49ab8]
Event: 1.465 Thread 0x0000020128f74e90 2246       3       java.lang.invoke.DirectMethodHandle::preparedLambdaForm (6 bytes)
Event: 1.465 Thread 0x0000020128f74e90 nmethod 2246 0x0000020115d49c10 code [0x0000020115d49da0, 0x0000020115d49ec8]
Event: 1.466 Thread 0x0000020128f74e90 2247       3       org.gradle.internal.service.DefaultServiceRegistry$OwnServices::instanceRealized (209 bytes)
Event: 1.467 Thread 0x0000020128f74e90 nmethod 2247 0x0000020115d49f90 code [0x0000020115d4a4c0, 0x0000020115d4d2f8]
Event: 1.468 Thread 0x0000020128f74e90 2248       3       org.gradle.internal.instantiation.generator.AbstractClassGenerator$ClassGenerationHandler::visitInstanceMethod (1 bytes)
Event: 1.468 Thread 0x0000020128f74e90 nmethod 2248 0x0000020115d4e210 code [0x0000020115d4e3a0, 0x0000020115d4e4b8]
Event: 1.468 Thread 0x0000020128f74e90 2249       3       org.objectweb.asm.Label::<init> (5 bytes)
Event: 1.468 Thread 0x0000020128f74e90 nmethod 2249 0x0000020115d4e590 code [0x0000020115d4e720, 0x0000020115d4e878]
Event: 1.468 Thread 0x0000020128f74e90 2250       3       org.objectweb.asm.Label::resolve (219 bytes)
Event: 1.469 Thread 0x0000020128f74e90 nmethod 2250 0x0000020115d4e910 code [0x0000020115d4eae0, 0x0000020115d4f018]
Event: 1.469 Thread 0x0000020128f74e90 2251       3       org.objectweb.asm.SymbolTable$Entry::<init> (17 bytes)
Event: 1.469 Thread 0x0000020128f74e90 nmethod 2251 0x0000020115d4f310 code [0x0000020115d4f4c0, 0x0000020115d4f648]
Event: 1.469 Thread 0x0000020128f74e90 2252       3       org.objectweb.asm.Frame::merge (322 bytes)
Event: 1.469 Thread 0x0000020128f74e90 nmethod 2252 0x0000020115d4f710 code [0x0000020115d4f940, 0x0000020115d502c8]
Event: 1.469 Thread 0x0000020128f74e90 2253       3       org.objectweb.asm.SymbolTable::addConstantClass (8 bytes)
Event: 1.469 Thread 0x0000020128f74e90 nmethod 2253 0x0000020115d50510 code [0x0000020115d506a0, 0x0000020115d507e8]
Event: 1.469 Thread 0x0000020128f74e90 2254       3       org.objectweb.asm.Handler::getExceptionTableLength (21 bytes)
Event: 1.469 Thread 0x0000020128f74e90 nmethod 2254 0x0000020115d50890 code [0x0000020115d50a20, 0x0000020115d50bb8]

GC Heap History (4 events):
Event: 0.373 GC heap before
{Heap before GC invocations=0 (full 0):
 garbage-first heap   total 262144K, used 28672K [0x00000000e0000000, 0x0000000100000000)
  region size 1024K, 23 young (23552K), 0 survivors (0K)
 Metaspace       used 2939K, committed 3072K, reserved 221184K
  class space    used 377K, committed 448K, reserved 212992K
}
Event: 0.376 GC heap after
{Heap after GC invocations=1 (full 0):
 garbage-first heap   total 262144K, used 9212K [0x00000000e0000000, 0x0000000100000000)
  region size 1024K, 3 young (3072K), 3 survivors (3072K)
 Metaspace       used 2939K, committed 3072K, reserved 221184K
  class space    used 377K, committed 448K, reserved 212992K
}
Event: 0.610 GC heap before
{Heap before GC invocations=1 (full 0):
 garbage-first heap   total 262144K, used 38908K [0x00000000e0000000, 0x0000000100000000)
  region size 1024K, 32 young (32768K), 3 survivors (3072K)
 Metaspace       used 3815K, committed 3968K, reserved 221184K
  class space    used 473K, committed 576K, reserved 212992K
}
Event: 0.612 GC heap after
{Heap after GC invocations=2 (full 0):
 garbage-first heap   total 262144K, used 11562K [0x00000000e0000000, 0x0000000100000000)
  region size 1024K, 3 young (3072K), 3 survivors (3072K)
 Metaspace       used 3815K, committed 3968K, reserved 221184K
  class space    used 473K, committed 576K, reserved 212992K
}

Deoptimization events (20 events):
Event: 1.333 Thread 0x000002012a891de0 DEOPT PACKING pc=0x000002011cf1fcf4 sp=0x000000e5fbefbad0
Event: 1.333 Thread 0x000002012a891de0 DEOPT UNPACKING pc=0x00000201153923a3 sp=0x000000e5fbefba68 mode 2
Event: 1.334 Thread 0x000002012a891de0 Uncommon trap: trap_request=0xffffff45 fr.pc=0x000002011cef3588 relative=0x0000000000000248
Event: 1.334 Thread 0x000002012a891de0 Uncommon trap: reason=unstable_if action=reinterpret pc=0x000002011cef3588 method=java.util.HashMap.getNode(Ljava/lang/Object;)Ljava/util/HashMap$Node; @ 66 c2
Event: 1.334 Thread 0x000002012a891de0 DEOPT PACKING pc=0x000002011cef3588 sp=0x000000e5fbefbb00
Event: 1.334 Thread 0x000002012a891de0 DEOPT UNPACKING pc=0x00000201153923a3 sp=0x000000e5fbefba80 mode 2
Event: 1.342 Thread 0x000002012a891de0 Uncommon trap: trap_request=0xffffff45 fr.pc=0x000002011cead680 relative=0x00000000000003c0
Event: 1.342 Thread 0x000002012a891de0 Uncommon trap: reason=unstable_if action=reinterpret pc=0x000002011cead680 method=java.util.concurrent.ConcurrentHashMap.get(Ljava/lang/Object;)Ljava/lang/Object; @ 76 c2
Event: 1.342 Thread 0x000002012a891de0 DEOPT PACKING pc=0x000002011cead680 sp=0x000000e5fbefb040
Event: 1.342 Thread 0x000002012a891de0 DEOPT UNPACKING pc=0x00000201153923a3 sp=0x000000e5fbefafc8 mode 2
Event: 1.369 Thread 0x000002012a891de0 DEOPT PACKING pc=0x0000020115c59249 sp=0x000000e5fbefacd0
Event: 1.369 Thread 0x000002012a891de0 DEOPT UNPACKING pc=0x0000020115392b43 sp=0x000000e5fbefa1e0 mode 0
Event: 1.404 Thread 0x000002012a891de0 DEOPT PACKING pc=0x0000020115c5926a sp=0x000000e5fbefb0a0
Event: 1.404 Thread 0x000002012a891de0 DEOPT UNPACKING pc=0x0000020115392b43 sp=0x000000e5fbefa5b0 mode 0
Event: 1.409 Thread 0x000002012a891de0 DEOPT PACKING pc=0x0000020115c319dc sp=0x000000e5fbef8970
Event: 1.409 Thread 0x000002012a891de0 DEOPT UNPACKING pc=0x0000020115392b43 sp=0x000000e5fbef7ef0 mode 0
Event: 1.417 Thread 0x000002012a891de0 DEOPT PACKING pc=0x0000020115c59249 sp=0x000000e5fbef9290
Event: 1.417 Thread 0x000002012a891de0 DEOPT UNPACKING pc=0x0000020115392b43 sp=0x000000e5fbef87a0 mode 0
Event: 1.422 Thread 0x000002012a891de0 DEOPT PACKING pc=0x0000020115c5926a sp=0x000000e5fbefa950
Event: 1.422 Thread 0x000002012a891de0 DEOPT UNPACKING pc=0x0000020115392b43 sp=0x000000e5fbef9e60 mode 0

Classes unloaded (0 events):
No events

Classes redefined (0 events):
No events

Internal exceptions (20 events):
Event: 1.140 Thread 0x000002012a891de0 Exception <a 'java/lang/NoSuchMethodError'{0x00000000ed528200}: 'void java.lang.invoke.DirectMethodHandle$Holder.invokeSpecial(java.lang.Object, java.lang.Object, java.lang.Object)'> (0x00000000ed528200) 
thrown [t:\workspace\open\src\hotspot\share\interpreter\linkResolver.cpp, line 766]
Event: 1.161 Thread 0x000002012a891de0 Exception <a 'java/lang/NoSuchMethodError'{0x00000000ed4d3c48}: 'java.lang.Object java.lang.invoke.DirectMethodHandle$Holder.newInvokeSpecial(java.lang.Object, java.lang.Object, java.lang.Object, int)'> (0x00000000ed4d3c48) 
thrown [t:\workspace\open\src\hotspot\share\interpreter\linkResolver.cpp, line 766]
Event: 1.161 Thread 0x000002012a891de0 Exception <a 'java/lang/NoSuchMethodError'{0x00000000ed4d8820}: 'java.lang.Object java.lang.invoke.DirectMethodHandle$Holder.invokeSpecial(java.lang.Object, java.lang.Object, java.lang.Object, java.lang.Object, int)'> (0x00000000ed4d8820) 
thrown [t:\workspace\open\src\hotspot\share\interpreter\linkResolver.cpp, line 766]
Event: 1.161 Thread 0x000002012a891de0 Exception <a 'java/lang/NoSuchMethodError'{0x00000000ed4dcbe0}: 'java.lang.Object java.lang.invoke.Invokers$Holder.linkToTargetMethod(java.lang.Object, java.lang.Object, int, java.lang.Object)'> (0x00000000ed4dcbe0) 
thrown [t:\workspace\open\src\hotspot\share\interpreter\linkResolver.cpp, line 766]
Event: 1.198 Thread 0x000002012a891de0 Exception <a 'java/lang/NoSuchMethodError'{0x00000000ed1a4800}: 'java.lang.Object java.lang.invoke.DirectMethodHandle$Holder.newInvokeSpecial(java.lang.Object, java.lang.Object, java.lang.Object, java.lang.Object, java.lang.Object)'> (0x00000000ed1a4800) 
thrown [t:\workspace\open\src\hotspot\share\interpreter\linkResolver.cpp, line 766]
Event: 1.212 Thread 0x000002012a891de0 Exception <a 'java/lang/NoSuchMethodError'{0x00000000ed0ae748}: 'int java.lang.invoke.DirectMethodHandle$Holder.invokeSpecialIFC(java.lang.Object, java.lang.Object, java.lang.Object, java.lang.Object)'> (0x00000000ed0ae748) 
thrown [t:\workspace\open\src\hotspot\share\interpreter\linkResolver.cpp, line 766]
Event: 1.213 Thread 0x000002012a891de0 Exception <a 'java/lang/NoSuchMethodError'{0x00000000ed0bd528}: 'java.lang.Object java.lang.invoke.DirectMethodHandle$Holder.invokeInterface(java.lang.Object, java.lang.Object, java.lang.Object)'> (0x00000000ed0bd528) 
thrown [t:\workspace\open\src\hotspot\share\interpreter\linkResolver.cpp, line 766]
Event: 1.213 Thread 0x000002012a891de0 Exception <a 'java/lang/IncompatibleClassChangeError'{0x00000000ed0c1400}: Found class java.lang.Object, but interface was expected> (0x00000000ed0c1400) 
thrown [t:\workspace\open\src\hotspot\share\interpreter\linkResolver.cpp, line 833]
Event: 1.242 Thread 0x000002012a891de0 Exception <a 'java/lang/NoSuchMethodError'{0x00000000ecd6b958}: 'int java.lang.invoke.DirectMethodHandle$Holder.invokeStatic(java.lang.Object, java.lang.Object, java.lang.Object, java.lang.Object)'> (0x00000000ecd6b958) 
thrown [t:\workspace\open\src\hotspot\share\interpreter\linkResolver.cpp, line 766]
Event: 1.242 Thread 0x000002012a891de0 Exception <a 'java/lang/NoSuchMethodError'{0x00000000ecd6f828}: 'java.lang.Object java.lang.invoke.Invokers$Holder.invokeExact_MT(java.lang.Object, java.lang.Object, java.lang.Object, java.lang.Object, java.lang.Object, java.lang.Object)'> (0x00000000ecd6f828) 
thrown [t:\workspace\open\src\hotspot\share\interpreter\linkResolver.cpp, line 766]
Event: 1.249 Thread 0x000002012a891de0 Exception <a 'java/lang/NoSuchMethodError'{0x00000000ecc13790}: 'java.lang.Object java.lang.invoke.DirectMethodHandle$Holder.invokeInterface(java.lang.Object, java.lang.Object)'> (0x00000000ecc13790) 
thrown [t:\workspace\open\src\hotspot\share\interpreter\linkResolver.cpp, line 766]
Event: 1.270 Thread 0x000002012a891de0 Exception <a 'java/lang/NoSuchMethodError'{0x00000000eca33ac8}: 'java.lang.Object java.lang.invoke.DirectMethodHandle$Holder.invokeSpecial(java.lang.Object, java.lang.Object, java.lang.Object, java.lang.Object, java.lang.Object, java.lang.Object, java.lang.Object, java.lang.Object, java.lang.Object)'> (0x00000000eca33ac8) 
thrown [t:\workspace\open\src\hotspot\share\interpreter\linkResolver.cpp, line 766]
Event: 1.303 Thread 0x000002012a891de0 Exception <a 'java/lang/NoSuchMethodError'{0x00000000ec658688}: 'void java.lang.invoke.DirectMethodHandle$Holder.invokeStatic(java.lang.Object, java.lang.Object)'> (0x00000000ec658688) 
thrown [t:\workspace\open\src\hotspot\share\interpreter\linkResolver.cpp, line 766]
Event: 1.306 Thread 0x000002012a891de0 Exception <a 'java/lang/NoSuchMethodError'{0x00000000ec695b40}: 'java.lang.Object java.lang.invoke.DirectMethodHandle$Holder.invokeVirtual(java.lang.Object, java.lang.Object, java.lang.Object, java.lang.Object)'> (0x00000000ec695b40) 
thrown [t:\workspace\open\src\hotspot\share\interpreter\linkResolver.cpp, line 766]
Event: 1.363 Thread 0x000002012a891de0 Exception <a 'java/lang/NoSuchMethodError'{0x00000000ec2cfd08}: 'void java.lang.invoke.DirectMethodHandle$Holder.invokeSpecial(java.lang.Object, java.lang.Object, java.lang.Object, java.lang.Object, java.lang.Object, java.lang.Object)'> (0x00000000ec2cfd08) 
thrown [t:\workspace\open\src\hotspot\share\interpreter\linkResolver.cpp, line 766]
Event: 1.370 Thread 0x000002012a891de0 Exception <a 'java/lang/NoSuchMethodError'{0x00000000ec134800}: 'void java.lang.invoke.DirectMethodHandle$Holder.invokeSpecial(java.lang.Object, java.lang.Object, java.lang.Object, java.lang.Object, java.lang.Object, java.lang.Object, java.lang.Object)'> (0x00000000ec134800) 
thrown [t:\workspace\open\src\hotspot\share\interpreter\linkResolver.cpp, line 766]
Event: 1.371 Thread 0x000002012a891de0 Exception <a 'java/lang/NoSuchMethodError'{0x00000000ec13cf90}: 'java.lang.Object java.lang.invoke.DirectMethodHandle$Holder.newInvokeSpecial(java.lang.Object, java.lang.Object, java.lang.Object, java.lang.Object, java.lang.Object, java.lang.Object)'> (0x00000000ec13cf90) 
thrown [t:\workspace\open\src\hotspot\share\interpreter\linkResolver.cpp, line 766]
Event: 1.399 Thread 0x000002012a891de0 Exception <a 'java/lang/NoSuchMethodError'{0x00000000ebffe8a0}: 'java.lang.Object java.lang.invoke.Invokers$Holder.invoker(java.lang.Object, java.lang.Object, java.lang.Object, java.lang.Object, java.lang.Object)'> (0x00000000ebffe8a0) 
thrown [t:\workspace\open\src\hotspot\share\interpreter\linkResolver.cpp, line 766]
Event: 1.424 Thread 0x000002012a891de0 Exception <a 'java/lang/NoSuchMethodError'{0x00000000ebc43540}: 'int java.lang.invoke.DirectMethodHandle$Holder.invokeStaticInit(java.lang.Object, java.lang.Object, java.lang.Object)'> (0x00000000ebc43540) 
thrown [t:\workspace\open\src\hotspot\share\interpreter\linkResolver.cpp, line 766]
Event: 1.465 Thread 0x000002012a891de0 Exception <a 'java/lang/NoSuchMethodError'{0x00000000eb81e5f8}: 'void java.lang.invoke.DirectMethodHandle$Holder.invokeStaticInit(java.lang.Object, java.lang.Object)'> (0x00000000eb81e5f8) 
thrown [t:\workspace\open\src\hotspot\share\interpreter\linkResolver.cpp, line 766]

VM Operations (20 events):
Event: 0.729 Executing VM operation: HandshakeAllThreads
Event: 0.729 Executing VM operation: HandshakeAllThreads done
Event: 0.747 Executing VM operation: HandshakeAllThreads
Event: 0.747 Executing VM operation: HandshakeAllThreads done
Event: 0.814 Executing VM operation: HandshakeAllThreads
Event: 0.814 Executing VM operation: HandshakeAllThreads done
Event: 0.834 Executing VM operation: HandshakeAllThreads
Event: 0.834 Executing VM operation: HandshakeAllThreads done
Event: 0.855 Executing VM operation: HandshakeAllThreads
Event: 0.855 Executing VM operation: HandshakeAllThreads done
Event: 1.105 Executing VM operation: HandshakeAllThreads
Event: 1.105 Executing VM operation: HandshakeAllThreads done
Event: 1.105 Executing VM operation: HandshakeAllThreads
Event: 1.105 Executing VM operation: HandshakeAllThreads done
Event: 1.189 Executing VM operation: HandshakeAllThreads
Event: 1.189 Executing VM operation: HandshakeAllThreads done
Event: 1.189 Executing VM operation: HandshakeAllThreads
Event: 1.189 Executing VM operation: HandshakeAllThreads done
Event: 1.209 Executing VM operation: ICBufferFull
Event: 1.209 Executing VM operation: ICBufferFull done

Events (20 events):
Event: 1.341 loading class java/lang/Deprecated
Event: 1.341 loading class java/lang/Deprecated done
Event: 1.342 loading class jdk/internal/vm/annotation/IntrinsicCandidate
Event: 1.342 loading class jdk/internal/vm/annotation/IntrinsicCandidate done
Event: 1.352 loading class java/lang/TypeNotPresentException
Event: 1.352 loading class java/lang/TypeNotPresentException done
Event: 1.362 loading class java/lang/invoke/MethodHandle$1
Event: 1.362 loading class java/lang/invoke/MethodHandle$1 done
Event: 1.369 loading class java/util/ConcurrentModificationException
Event: 1.369 loading class java/util/ConcurrentModificationException done
Event: 1.421 loading class java/util/concurrent/atomic/AtomicReferenceFieldUpdater
Event: 1.421 loading class java/util/concurrent/atomic/AtomicReferenceFieldUpdater done
Event: 1.421 loading class java/util/concurrent/atomic/AtomicReferenceFieldUpdater$AtomicReferenceFieldUpdaterImpl
Event: 1.421 loading class java/util/concurrent/atomic/AtomicReferenceFieldUpdater$AtomicReferenceFieldUpdaterImpl done
Event: 1.421 loading class java/util/concurrent/atomic/AtomicReferenceFieldUpdater$AtomicReferenceFieldUpdaterImpl$1
Event: 1.421 loading class java/util/concurrent/atomic/AtomicReferenceFieldUpdater$AtomicReferenceFieldUpdaterImpl$1 done
Event: 1.421 loading class sun/reflect/misc/ReflectUtil
Event: 1.421 loading class sun/reflect/misc/ReflectUtil done
Event: 1.452 loading class java/util/DualPivotQuicksort
Event: 1.452 loading class java/util/DualPivotQuicksort done


Dynamic libraries:
0x00007ff6f5920000 - 0x00007ff6f5930000 	C:\Program Files\Java\jdk-17\bin\java.exe
0x00007ffff9450000 - 0x00007ffff9646000 	C:\Windows\SYSTEM32\ntdll.dll
0x00007ffff9200000 - 0x00007ffff92bd000 	C:\Windows\System32\KERNEL32.DLL
0x00007ffff6db0000 - 0x00007ffff7079000 	C:\Windows\System32\KERNELBASE.dll
0x00007ffff73b0000 - 0x00007ffff74b0000 	C:\Windows\System32\ucrtbase.dll
0x00007fffcdab0000 - 0x00007fffcdac8000 	C:\Program Files\Java\jdk-17\bin\jli.dll
0x00007fffd3770000 - 0x00007fffd378a000 	C:\Program Files\Java\jdk-17\bin\VCRUNTIME140.dll
0x00007ffff8f90000 - 0x00007ffff903c000 	C:\Windows\System32\ADVAPI32.dll
0x00007ffff87d0000 - 0x00007ffff886e000 	C:\Windows\System32\msvcrt.dll
0x00007ffff9370000 - 0x00007ffff940c000 	C:\Windows\System32\sechost.dll
0x00007ffff8870000 - 0x00007ffff899b000 	C:\Windows\System32\RPCRT4.dll
0x00007ffff8df0000 - 0x00007ffff8f90000 	C:\Windows\System32\USER32.dll
0x00007ffff7380000 - 0x00007ffff73a2000 	C:\Windows\System32\win32u.dll
0x00007fffe7220000 - 0x00007fffe74bb000 	C:\Windows\WinSxS\amd64_microsoft.windows.common-controls_6595b64144ccf1df_6.0.19041.746_none_ca02b4b61b8320a4\COMCTL32.dll
0x00007ffff82b0000 - 0x00007ffff82da000 	C:\Windows\System32\GDI32.dll
0x00007ffff6b90000 - 0x00007ffff6c9b000 	C:\Windows\System32\gdi32full.dll
0x00007ffff7080000 - 0x00007ffff711d000 	C:\Windows\System32\msvcp_win.dll
0x00007ffff0a00000 - 0x00007ffff0a0a000 	C:\Windows\SYSTEM32\VERSION.dll
0x00007ffff8dc0000 - 0x00007ffff8df0000 	C:\Windows\System32\IMM32.DLL
0x00007fffce090000 - 0x00007fffce09c000 	C:\Program Files\Java\jdk-17\bin\vcruntime140_1.dll
0x00007fff9f1a0000 - 0x00007fff9f22d000 	C:\Program Files\Java\jdk-17\bin\msvcp140.dll
0x00007fff9e5e0000 - 0x00007fff9f19e000 	C:\Program Files\Java\jdk-17\bin\server\jvm.dll
0x00007ffff8a30000 - 0x00007ffff8a38000 	C:\Windows\System32\PSAPI.DLL
0x00007fffeab70000 - 0x00007fffeab97000 	C:\Windows\SYSTEM32\WINMM.dll
0x00007ffff19f0000 - 0x00007ffff19f9000 	C:\Windows\SYSTEM32\WSOCK32.dll
0x00007ffff7c00000 - 0x00007ffff7c6b000 	C:\Windows\System32\WS2_32.dll
0x00007ffff4b00000 - 0x00007ffff4b12000 	C:\Windows\SYSTEM32\kernel.appcore.dll
0x00007fffcdaa0000 - 0x00007fffcdaaa000 	C:\Program Files\Java\jdk-17\bin\jimage.dll
0x00007fffd90b0000 - 0x00007fffd9294000 	C:\Windows\SYSTEM32\DBGHELP.DLL
0x00007fffd9080000 - 0x00007fffd90ac000 	C:\Windows\SYSTEM32\dbgcore.DLL
0x00007ffff72d0000 - 0x00007ffff7350000 	C:\Windows\System32\bcryptPrimitives.dll
0x00007fffc67e0000 - 0x00007fffc6805000 	C:\Program Files\Java\jdk-17\bin\java.dll
0x00007fff9e500000 - 0x00007fff9e5d6000 	C:\Program Files\Java\jdk-17\bin\svml.dll
0x00007ffff74b0000 - 0x00007ffff7bf2000 	C:\Windows\System32\SHELL32.dll
0x00007ffff5390000 - 0x00007ffff5b20000 	C:\Windows\SYSTEM32\windows.storage.dll
0x00007ffff7da0000 - 0x00007ffff80f6000 	C:\Windows\System32\combase.dll
0x00007ffff65f0000 - 0x00007ffff661c000 	C:\Windows\SYSTEM32\Wldp.dll
0x00007ffff92c0000 - 0x00007ffff936e000 	C:\Windows\System32\SHCORE.dll
0x00007ffff8bc0000 - 0x00007ffff8c15000 	C:\Windows\System32\shlwapi.dll
0x00007ffff6ac0000 - 0x00007ffff6ae6000 	C:\Windows\SYSTEM32\profapi.dll
0x00007fffc5330000 - 0x00007fffc5349000 	C:\Program Files\Java\jdk-17\bin\net.dll
0x00007fffe6f50000 - 0x00007fffe7050000 	C:\Windows\SYSTEM32\WINHTTP.dll
0x00007ffff6300000 - 0x00007ffff636a000 	C:\Windows\system32\mswsock.dll
0x00007fffb8010000 - 0x00007fffb8025000 	C:\Program Files\Java\jdk-17\bin\nio.dll
0x00007fffb5a70000 - 0x00007fffb5a88000 	C:\Program Files\Java\jdk-17\bin\zip.dll
0x00007fffc67a0000 - 0x00007fffc67b0000 	C:\Program Files\Java\jdk-17\bin\verify.dll
0x00007fffdcf60000 - 0x00007fffdcf87000 	C:\Users\evgeniy\.gradle\native\8bec1ad78214c89d9ad589b4d07fe93259594b29d510b10fafb7a158f7737e5d\windows-amd64\native-platform.dll
0x00007fffb64f0000 - 0x00007fffb662d000 	C:\Users\evgeniy\.gradle\native\53dbd7edfb1c66fb8903c78663c9afc45aea4f116125fa6feffd364cf09443e8\windows-amd64\native-platform-file-events.dll
0x00007fffc6720000 - 0x00007fffc6729000 	C:\Program Files\Java\jdk-17\bin\management.dll
0x00007fffc6620000 - 0x00007fffc662b000 	C:\Program Files\Java\jdk-17\bin\management_ext.dll
0x00007ffff64d0000 - 0x00007ffff64e8000 	C:\Windows\SYSTEM32\CRYPTSP.dll
0x0000000053860000 - 0x000000005387a000 	C:\Program Files\Common Files\Crypto Pro\AppCompat\cpadvai.dll
0x0000000053880000 - 0x0000000053886000 	C:\Program Files\Common Files\Crypto Pro\AppCompat\detoured.dll
0x00007ffff5c40000 - 0x00007ffff5c74000 	C:\Windows\system32\rsaenh.dll
0x00007ffff7350000 - 0x00007ffff7377000 	C:\Windows\System32\bcrypt.dll
0x00007ffff6a80000 - 0x00007ffff6aae000 	C:\Windows\SYSTEM32\USERENV.dll
0x00007ffff64f0000 - 0x00007ffff64fc000 	C:\Windows\SYSTEM32\CRYPTBASE.dll
0x00007ffff5f90000 - 0x00007ffff5fcb000 	C:\Windows\SYSTEM32\IPHLPAPI.DLL
0x00007ffff8a20000 - 0x00007ffff8a28000 	C:\Windows\System32\NSI.dll
0x00007fffeea00000 - 0x00007fffeea17000 	C:\Windows\SYSTEM32\dhcpcsvc6.DLL
0x00007fffefa00000 - 0x00007fffefa1d000 	C:\Windows\SYSTEM32\dhcpcsvc.DLL
0x00007ffff5fd0000 - 0x00007ffff609b000 	C:\Windows\SYSTEM32\DNSAPI.dll
0x00007fffc67d0000 - 0x00007fffc67de000 	C:\Program Files\Java\jdk-17\bin\sunmscapi.dll
0x00007ffff7120000 - 0x00007ffff7276000 	C:\Windows\System32\CRYPT32.dll
0x00007ffff6660000 - 0x00007ffff6687000 	C:\Windows\SYSTEM32\ncrypt.dll
0x0000000053890000 - 0x00000000538b4000 	C:\Program Files\Common Files\Crypto Pro\AppCompat\cpcrypt.dll
0x00007ffff6620000 - 0x00007ffff665b000 	C:\Windows\SYSTEM32\NTASN1.dll
0x00007fffc4290000 - 0x00007fffc4297000 	C:\Windows\system32\wshunix.dll

dbghelp: loaded successfully - version: 4.0.5 - missing functions: none
symbol engine: initialized successfully - sym options: 0x614 - pdb path: .;C:\Program Files\Java\jdk-17\bin;C:\Windows\SYSTEM32;C:\Windows\WinSxS\amd64_microsoft.windows.common-controls_6595b64144ccf1df_6.0.19041.746_none_ca02b4b61b8320a4;C:\Program Files\Java\jdk-17\bin\server;C:\Users\evgeniy\.gradle\native\8bec1ad78214c89d9ad589b4d07fe93259594b29d510b10fafb7a158f7737e5d\windows-amd64;C:\Users\evgeniy\.gradle\native\53dbd7edfb1c66fb8903c78663c9afc45aea4f116125fa6feffd364cf09443e8\windows-amd64;C:\Program Files\Common Files\Crypto Pro\AppCompat

VM Arguments:
jvm_args: --add-opens=java.base/java.util=ALL-UNNAMED --add-opens=java.base/java.lang=ALL-UNNAMED --add-opens=java.base/java.lang.invoke=ALL-UNNAMED --add-opens=java.base/java.util=ALL-UNNAMED --add-opens=java.prefs/java.util.prefs=ALL-UNNAMED --add-opens=java.prefs/java.util.prefs=ALL-UNNAMED --add-opens=java.base/java.nio.charset=ALL-UNNAMED --add-opens=java.base/java.net=ALL-UNNAMED --add-opens=java.base/java.util.concurrent.atomic=ALL-UNNAMED -XX:MaxMetaspaceSize=256m -XX:+HeapDumpOnOutOfMemoryError -Xms256m -Xmx512m -Dfile.encoding=windows-1251 -Duser.country=RU -Duser.language=ru -Duser.variant 
java_command: org.gradle.launcher.daemon.bootstrap.GradleDaemon 7.1
java_class_path (initial): C:\Users\evgeniy\.gradle\wrapper\dists\gradle-7.1-all\9ccjyfn4kvk7v1w1wbmf8rhqp\gradle-7.1\lib\gradle-launcher-7.1.jar
Launcher Type: SUN_STANDARD

[Global flags]
     intx CICompilerCount                          = 4                                         {product} {ergonomic}
   size_t CompressedClassSpaceSize                 = 218103808                                 {product} {ergonomic}
     uint ConcGCThreads                            = 3                                         {product} {ergonomic}
     uint G1ConcRefinementThreads                  = 10                                        {product} {ergonomic}
   size_t G1HeapRegionSize                         = 1048576                                   {product} {ergonomic}
    uintx GCDrainStackTargetSize                   = 64                                        {product} {ergonomic}
     bool HeapDumpOnOutOfMemoryError               = true                                   {manageable} {command line}
   size_t InitialHeapSize                          = 268435456                                 {product} {command line}
   size_t MarkStackSize                            = 4194304                                   {product} {ergonomic}
   size_t MaxHeapSize                              = 536870912                                 {product} {command line}
   size_t MaxMetaspaceSize                         = 268435456                                 {product} {command line}
   size_t MaxNewSize                               = 321912832                                 {product} {ergonomic}
   size_t MinHeapDeltaBytes                        = 1048576                                   {product} {ergonomic}
   size_t MinHeapSize                              = 268435456                                 {product} {command line}
    uintx NonNMethodCodeHeapSize                   = 5839372                                {pd product} {ergonomic}
    uintx NonProfiledCodeHeapSize                  = 122909434                              {pd product} {ergonomic}
    uintx ProfiledCodeHeapSize                     = 122909434                              {pd product} {ergonomic}
    uintx ReservedCodeCacheSize                    = 251658240                              {pd product} {ergonomic}
     bool SegmentedCodeCache                       = true                                      {product} {ergonomic}
   size_t SoftMaxHeapSize                          = 536870912                              {manageable} {ergonomic}
     bool UseCompressedClassPointers               = true                           {product lp64_product} {ergonomic}
     bool UseCompressedOops                        = true                           {product lp64_product} {ergonomic}
     bool UseG1GC                                  = true                                      {product} {ergonomic}
     bool UseLargePagesIndividualAllocation        = false                                  {pd product} {ergonomic}

Logging:
Log output configuration:
 #0: stdout all=warning uptime,level,tags
 #1: stderr all=off uptime,level,tags

Environment Variables:
JAVA_HOME=C:\Program Files\Java\jdk-17
CLASSPATH=C:\Users\evgeniy\WebstormProjects\untitled8\android\\gradle\wrapper\gradle-wrapper.jar
PATH=C:\Users\evgeniy\WebstormProjects\untitled8\android\node_modules\.bin;C:\Users\evgeniy\WebstormProjects\untitled8\node_modules\.bin;C:\Users\evgeniy\WebstormProjects\node_modules\.bin;C:\Users\evgeniy\node_modules\.bin;C:\Users\node_modules\.bin;C:\node_modules\.bin;C:\Program Files\nodejs;C:\Program Files\ImageMagick-7.0.11-Q16-HDRI;C:\Windows\system32;C:\Windows;C:\Windows\System32\Wbem;C:\Windows\System32\WindowsPowerShell\v1.0\;C:\Windows\System32\OpenSSH\;C:\Program Files (x86)\NVIDIA Corporation\PhysX\Common;C:\Program Files (x86)\Yarn\bin\;C:\Program Files\PuTTY\;C:\Program Files\nodejs\;C:\Users\evgeniy\AppData\Local\Microsoft\WindowsApps;C:\Users\evgeniy\AppData\Local\Yarn\bin;C:\Users\evgeniy\AppData\Roaming\npm;C:\Users\evgeniy\AppData\Local\Android\Sdk\platform-tools;
USERNAME=evgeniy
OS=Windows_NT
PROCESSOR_IDENTIFIER=AMD64 Family 23 Model 8 Stepping 2, AuthenticAMD



---------------  S Y S T E M  ---------------

OS:
 Windows 10 , 64 bit Build 19041 (10.0.19041.804)
OS uptime: 0 days 0:29 hours

CPU: total 12 (initial active 12) (12 cores per cpu, 2 threads per core) family 23 model 8 stepping 2 microcode 0x0, cx8, cmov, fxsr, ht, mmx, 3dnowpref, sse, sse2, sse3, ssse3, sse4a, sse4.1, sse4.2, popcnt, lzcnt, tsc, tscinvbit, avx, avx2, aes, clmul, bmi1, bmi2, adx, sha, fma, vzeroupper, clflush, clflushopt

Memory: 4k page, system-wide physical 16335M (6197M free)
TotalPageFile size 24015M (AvailPageFile size 7245M)
current process WorkingSet (physical memory assigned to process): 228M, peak: 229M
current process commit charge ("private bytes"): 457M, peak: 459M

vm_info: Java HotSpot(TM) 64-Bit Server VM (17+35-LTS-2724) for windows-amd64 JRE (17+35-LTS-2724), built on Aug  5 2021 23:28:28 by "mach5one" with MS VC++ 16.8 (VS2019)

END.
